<?xml version="1.0" encoding="UTF-8"?>
<!-- Generated by org.testng.reporters.JUnitXMLReporter -->
<testsuite ignored="0" hostname="Bharadwaj-B6DD2G2" failures="2" tests="16" name="Run on Firefox" time="228.513" errors="0" timestamp="2023-09-25T15:22:39 IST">
  <testcase classname="maven.TC_001" name="Verify_Url_and_login" time="1.257"/>
  <testcase classname="maven.TC_001" name="Verify_Url_and_login" time="1.098"/>
  <testcase classname="maven.TC_001" name="Verify_Url_and_login" time="6.138"/>
  <testcase classname="maven.TC_002" name="VerifyinvalidLogin" time="0.565"/>
  <testcase classname="maven.TC_003" name="Addcartandverifythecount" time="8.908"/>
  <testcase classname="maven.TC_003" name="Addcartandverifythecount" time="8.145">
    <failure type="java.lang.AssertionError" message="The Login is:problem_user secret_sauce expected [6] but found [3]">
      <![CDATA[java.lang.AssertionError: The Login is:problem_user secret_sauce expected [6] but found [3]
at maven.TC_003.Addcartandverifythecount(TC_003.java:41)
at java.base/java.util.ArrayList.forEach(ArrayList.java:1511)
... Removed 30 stack frames]]>
    </failure>
  </testcase> <!-- Addcartandverifythecount -->
  <testcase classname="maven.TC_003" name="Addcartandverifythecount" time="13.829"/>
  <testcase classname="maven.TC_004" name="Get_Products_name_and_price" time="1.776"/>
  <testcase classname="maven.TC_004" name="Get_Products_name_and_price" time="1.84"/>
  <testcase classname="maven.TC_004" name="Get_Products_name_and_price" time="7.196"/>
  <testcase classname="maven.TC_005" name="Complete_Checkout_flow" time="6.627"/>
  <testcase classname="maven.TC_005" name="Complete_Checkout_flow" time="15.982">
    <failure type="org.openqa.selenium.NoSuchElementException" message="Unable to locate element: //div[@class=&amp;apos;summary_info_label summary_total_label&amp;apos;]
For documentation on this error, please visit: https://www.seleniumhq.org/exceptions/no_such_element.html
Build info: version: &amp;apos;3.141.59&amp;apos;, revision: &amp;apos;e82be7d358&amp;apos;, time: &amp;apos;2018-11-14T08:17:03&amp;apos;
System info: host: &amp;apos;BHARADWAJ-B6DD2&amp;apos;, ip: &amp;apos;192.168.56.1&amp;apos;, os.name: &amp;apos;Windows 10&amp;apos;, os.arch: &amp;apos;amd64&amp;apos;, os.version: &amp;apos;10.0&amp;apos;, java.version: &amp;apos;20.0.1&amp;apos;
Driver info: org.openqa.selenium.firefox.FirefoxDriver
Capabilities {acceptInsecureCerts: true, browserName: firefox, browserVersion: 117.0.1, javascriptEnabled: true, moz:accessibilityChecks: false, moz:buildID: 20230912013654, moz:geckodriverVersion: 0.33.0, moz:headless: false, moz:platformVersion: 10.0, moz:processID: 22428, moz:profile: C:\Users\BHARAD~1.VIS\AppDa..., moz:shutdownTimeout: 60000, moz:webdriverClick: true, moz:windowless: false, pageLoadStrategy: normal, platform: WINDOWS, platformName: WINDOWS, proxy: Proxy(), setWindowRect: true, strictFileInteractability: false, timeouts: {implicit: 0, pageLoad: 300000, script: 30000}, unhandledPromptBehavior: dismiss and notify}
Session ID: 640c0b52-1143-4bb5-ac1c-766244f1eb5c
*** Element info: {Using=xpath, value=//div[@class=&amp;apos;summary_info_label summary_total_label&amp;apos;]}">
      <![CDATA[org.openqa.selenium.NoSuchElementException: Unable to locate element: //div[@class='summary_info_label summary_total_label']
For documentation on this error, please visit: https://www.seleniumhq.org/exceptions/no_such_element.html
Build info: version: '3.141.59', revision: 'e82be7d358', time: '2018-11-14T08:17:03'
System info: host: 'BHARADWAJ-B6DD2', ip: '192.168.56.1', os.name: 'Windows 10', os.arch: 'amd64', os.version: '10.0', java.version: '20.0.1'
Driver info: org.openqa.selenium.firefox.FirefoxDriver
Capabilities {acceptInsecureCerts: true, browserName: firefox, browserVersion: 117.0.1, javascriptEnabled: true, moz:accessibilityChecks: false, moz:buildID: 20230912013654, moz:geckodriverVersion: 0.33.0, moz:headless: false, moz:platformVersion: 10.0, moz:processID: 22428, moz:profile: C:\Users\BHARAD~1.VIS\AppDa..., moz:shutdownTimeout: 60000, moz:webdriverClick: true, moz:windowless: false, pageLoadStrategy: normal, platform: WINDOWS, platformName: WINDOWS, proxy: Proxy(), setWindowRect: true, strictFileInteractability: false, timeouts: {implicit: 0, pageLoad: 300000, script: 30000}, unhandledPromptBehavior: dismiss and notify}
Session ID: 640c0b52-1143-4bb5-ac1c-766244f1eb5c
*** Element info: {Using=xpath, value=//div[@class='summary_info_label summary_total_label']}
at org.openqa.selenium.remote.http.W3CHttpResponseCodec.createException(W3CHttpResponseCodec.java:187)
at org.openqa.selenium.remote.http.W3CHttpResponseCodec.decode(W3CHttpResponseCodec.java:122)
at org.openqa.selenium.remote.http.W3CHttpResponseCodec.decode(W3CHttpResponseCodec.java:49)
at org.openqa.selenium.remote.HttpCommandExecutor.execute(HttpCommandExecutor.java:158)
at org.openqa.selenium.remote.service.DriverCommandExecutor.execute(DriverCommandExecutor.java:83)
at org.openqa.selenium.remote.RemoteWebDriver.execute(RemoteWebDriver.java:552)
at org.openqa.selenium.remote.RemoteWebDriver.findElement(RemoteWebDriver.java:323)
at org.openqa.selenium.remote.RemoteWebDriver.findElementByXPath(RemoteWebDriver.java:428)
at org.openqa.selenium.By$ByXPath.findElement(By.java:353)
at org.openqa.selenium.remote.RemoteWebDriver.findElement(RemoteWebDriver.java:315)
at org.openqa.selenium.support.pagefactory.DefaultElementLocator.findElement(DefaultElementLocator.java:69)
at org.openqa.selenium.support.pagefactory.internal.LocatingElementHandler.invoke(LocatingElementHandler.java:38)
at jdk.proxy2/jdk.proxy2.$Proxy14.getText(Unknown Source)
at maven.TC_005.Complete_Checkout_flow(TC_005.java:37)
at java.base/java.util.ArrayList.forEach(ArrayList.java:1511)
... Removed 28 stack frames]]>
    </failure>
  </testcase> <!-- Complete_Checkout_flow -->
  <testcase classname="maven.TC_005" name="Complete_Checkout_flow" time="16.905"/>
  <testcase classname="maven.TC_006" name="validate_error_Message_incheckoutinfopage" time="11.824"/>
  <testcase classname="maven.TC_006" name="validate_error_Message_incheckoutinfopage" time="11.842"/>
  <testcase classname="maven.TC_006" name="validate_error_Message_incheckoutinfopage" time="16.989"/>
</testsuite> <!-- Run on Firefox -->
