<?xml version="1.0" encoding="UTF-8"?>
<!-- Generated by org.testng.reporters.JUnitXMLReporter -->
<testsuite ignored="0" hostname="Bharadwaj-B6DD2G2" failures="2" tests="16" name="Run on Chrome" time="164.776" errors="0" timestamp="2023-09-25T15:28:18 IST">
  <testcase classname="maven.TC_001" name="Verify_Url_and_login" time="0.683"/>
  <testcase classname="maven.TC_001" name="Verify_Url_and_login" time="0.797"/>
  <testcase classname="maven.TC_001" name="Verify_Url_and_login" time="5.793"/>
  <testcase classname="maven.TC_002" name="VerifyinvalidLogin" time="0.392"/>
  <testcase classname="maven.TC_003" name="Addcartandverifythecount" time="7.598"/>
  <testcase classname="maven.TC_003" name="Addcartandverifythecount" time="7.103">
    <failure type="java.lang.AssertionError" message="The Login is:problem_user secret_sauce expected [6] but found [3]">
      <![CDATA[java.lang.AssertionError: The Login is:problem_user secret_sauce expected [6] but found [3]
at maven.TC_003.Addcartandverifythecount(TC_003.java:41)
at java.base/java.util.ArrayList.forEach(ArrayList.java:1511)
... Removed 30 stack frames]]>
    </failure>
  </testcase> <!-- Addcartandverifythecount -->
  <testcase classname="maven.TC_003" name="Addcartandverifythecount" time="12.431"/>
  <testcase classname="maven.TC_004" name="Get_Products_name_and_price" time="2.282"/>
  <testcase classname="maven.TC_004" name="Get_Products_name_and_price" time="2.151"/>
  <testcase classname="maven.TC_004" name="Get_Products_name_and_price" time="7.178"/>
  <testcase classname="maven.TC_005" name="Complete_Checkout_flow" time="4.996"/>
  <testcase classname="maven.TC_005" name="Complete_Checkout_flow" time="14.536">
    <failure type="org.openqa.selenium.NoSuchElementException" message="no such element: Unable to locate element: {&amp;quot;method&amp;quot;:&amp;quot;xpath&amp;quot;,&amp;quot;selector&amp;quot;:&amp;quot;//div[@class=&amp;apos;summary_info_label summary_total_label&amp;apos;]&amp;quot;}
  (Session info: chrome=117.0.5938.89)
For documentation on this error, please visit: https://www.seleniumhq.org/exceptions/no_such_element.html
Build info: version: &amp;apos;3.141.59&amp;apos;, revision: &amp;apos;e82be7d358&amp;apos;, time: &amp;apos;2018-11-14T08:17:03&amp;apos;
System info: host: &amp;apos;BHARADWAJ-B6DD2&amp;apos;, ip: &amp;apos;192.168.56.1&amp;apos;, os.name: &amp;apos;Windows 10&amp;apos;, os.arch: &amp;apos;amd64&amp;apos;, os.version: &amp;apos;10.0&amp;apos;, java.version: &amp;apos;20.0.1&amp;apos;
Driver info: org.openqa.selenium.chrome.ChromeDriver
Capabilities {acceptInsecureCerts: false, browserName: chrome, browserVersion: 117.0.5938.89, chrome: {chromedriverVersion: 117.0.5938.92 (67649b10b92b..., userDataDir: C:\Users\BHARAD~1.VIS\AppDa...}, fedcm:accounts: true, goog:chromeOptions: {debuggerAddress: localhost:58577}, javascriptEnabled: true, networkConnectionEnabled: false, pageLoadStrategy: normal, platform: WINDOWS, platformName: WINDOWS, proxy: Proxy(), setWindowRect: true, strictFileInteractability: false, timeouts: {implicit: 0, pageLoad: 300000, script: 30000}, unhandledPromptBehavior: dismiss and notify, webauthn:extension:credBlob: true, webauthn:extension:largeBlob: true, webauthn:extension:minPinLength: true, webauthn:extension:prf: true, webauthn:virtualAuthenticators: true}
Session ID: 1cba9dc175785a8afa9819b34c6ed564
*** Element info: {Using=xpath, value=//div[@class=&amp;apos;summary_info_label summary_total_label&amp;apos;]}">
      <![CDATA[org.openqa.selenium.NoSuchElementException: no such element: Unable to locate element: {"method":"xpath","selector":"//div[@class='summary_info_label summary_total_label']"}
  (Session info: chrome=117.0.5938.89)
For documentation on this error, please visit: https://www.seleniumhq.org/exceptions/no_such_element.html
Build info: version: '3.141.59', revision: 'e82be7d358', time: '2018-11-14T08:17:03'
System info: host: 'BHARADWAJ-B6DD2', ip: '192.168.56.1', os.name: 'Windows 10', os.arch: 'amd64', os.version: '10.0', java.version: '20.0.1'
Driver info: org.openqa.selenium.chrome.ChromeDriver
Capabilities {acceptInsecureCerts: false, browserName: chrome, browserVersion: 117.0.5938.89, chrome: {chromedriverVersion: 117.0.5938.92 (67649b10b92b..., userDataDir: C:\Users\BHARAD~1.VIS\AppDa...}, fedcm:accounts: true, goog:chromeOptions: {debuggerAddress: localhost:58577}, javascriptEnabled: true, networkConnectionEnabled: false, pageLoadStrategy: normal, platform: WINDOWS, platformName: WINDOWS, proxy: Proxy(), setWindowRect: true, strictFileInteractability: false, timeouts: {implicit: 0, pageLoad: 300000, script: 30000}, unhandledPromptBehavior: dismiss and notify, webauthn:extension:credBlob: true, webauthn:extension:largeBlob: true, webauthn:extension:minPinLength: true, webauthn:extension:prf: true, webauthn:virtualAuthenticators: true}
Session ID: 1cba9dc175785a8afa9819b34c6ed564
*** Element info: {Using=xpath, value=//div[@class='summary_info_label summary_total_label']}
at org.openqa.selenium.remote.http.W3CHttpResponseCodec.createException(W3CHttpResponseCodec.java:187)
at org.openqa.selenium.remote.http.W3CHttpResponseCodec.decode(W3CHttpResponseCodec.java:122)
at org.openqa.selenium.remote.http.W3CHttpResponseCodec.decode(W3CHttpResponseCodec.java:49)
at org.openqa.selenium.remote.HttpCommandExecutor.execute(HttpCommandExecutor.java:158)
at org.openqa.selenium.remote.service.DriverCommandExecutor.execute(DriverCommandExecutor.java:83)
at org.openqa.selenium.remote.RemoteWebDriver.execute(RemoteWebDriver.java:552)
at org.openqa.selenium.remote.RemoteWebDriver.findElement(RemoteWebDriver.java:323)
at org.openqa.selenium.remote.RemoteWebDriver.findElementByXPath(RemoteWebDriver.java:428)
at org.openqa.selenium.By$ByXPath.findElement(By.java:353)
at org.openqa.selenium.remote.RemoteWebDriver.findElement(RemoteWebDriver.java:315)
at org.openqa.selenium.support.pagefactory.DefaultElementLocator.findElement(DefaultElementLocator.java:69)
at org.openqa.selenium.support.pagefactory.internal.LocatingElementHandler.invoke(LocatingElementHandler.java:38)
at jdk.proxy2/jdk.proxy2.$Proxy14.getText(Unknown Source)
at maven.TC_005.Complete_Checkout_flow(TC_005.java:37)
at java.base/java.util.ArrayList.forEach(ArrayList.java:1511)
... Removed 28 stack frames]]>
    </failure>
  </testcase> <!-- Complete_Checkout_flow -->
  <testcase classname="maven.TC_005" name="Complete_Checkout_flow" time="14.984"/>
  <testcase classname="maven.TC_006" name="validate_error_Message_incheckoutinfopage" time="10.317"/>
  <testcase classname="maven.TC_006" name="validate_error_Message_incheckoutinfopage" time="10.367"/>
  <testcase classname="maven.TC_006" name="validate_error_Message_incheckoutinfopage" time="15.341"/>
</testsuite> <!-- Run on Chrome -->
