<!DOCTYPE html PUBLIC "-//W3C//DTD XHTML 1.1//EN" "https://www.w3.org/TR/xhtml11/DTD/xhtml11.dtd">
<html xmlns="https://www.w3.org/1999/xhtml">
<head>
<meta http-equiv="content-type" content="text/html; charset=UTF-8"/>
<title>TestNG Report</title>
<style type="text/css">table {margin-bottom:10px;border-collapse:collapse;empty-cells:show}th,td {border:1px solid #009;padding:.25em .5em}th {vertical-align:bottom}td {vertical-align:top}table a {font-weight:bold}.stripe td {background-color: #E6EBF9}.num {text-align:right}.passedodd td {background-color: #3F3}.passedeven td {background-color: #0A0}.skippedodd td {background-color: #DDD}.skippedeven td {background-color: #CCC}.failedodd td,.attn {background-color: #F33}.failedeven td,.stripe .attn {background-color: #D00}.stacktrace {white-space:pre;font-family:monospace}.totop {font-size:85%;text-align:center;border-bottom:2px solid #000}.invisible {display:none}</style>
</head>
<body>
<table>
<tr><th>Test</th><th># Passed</th><th># Skipped</th><th># Retried</th><th># Failed</th><th>Time (ms)</th><th>Included Groups</th><th>Excluded Groups</th></tr>
<tr><th colspan="8">Suite</th></tr>
<tr><td><a href="#t0">Run on Firefox</a></td><td class="num">14</td><td class="num">0</td><td class="num">0</td><td class="num attn">2</td><td class="num">228,513</td><td></td><td></td></tr>
<tr class="stripe"><td><a href="#t1">Run on Edge</a></td><td class="num">14</td><td class="num">0</td><td class="num">0</td><td class="num attn">2</td><td class="num">174,699</td><td></td><td></td></tr>
<tr><td><a href="#t2">Run on Chrome</a></td><td class="num">14</td><td class="num">0</td><td class="num">0</td><td class="num attn">2</td><td class="num">164,776</td><td></td><td></td></tr>
<tr class="stripe"><td><a href="#t3">Run on Opera</a></td><td class="num">14</td><td class="num">0</td><td class="num">0</td><td class="num attn">2</td><td class="num">192,168</td><td></td><td></td></tr>
<tr><th>Total</th><th class="num">56</th><th class="num">0</th><th class="num">0</th><th class="num attn">8</th><th class="num">760,156</th><th colspan="2"></th></tr>
</table>
<table id='summary'><thead><tr><th>Class</th><th>Method</th><th>Start</th><th>Time (ms)</th></tr></thead><tbody><tr><th colspan="4">Suite</th></tr></tbody><tbody id="t0"><tr><th colspan="4">Run on Firefox &#8212; failed</th></tr><tr class="failedeven"><td rowspan="1">maven.TC_003</td><td><a href="#m0">Addcartandverifythecount</a></td><td rowspan="1">1695635383865</td><td rowspan="1">8145</td></tr><tr class="failedodd"><td rowspan="1">maven.TC_005</td><td><a href="#m1">Complete_Checkout_flow</a></td><td rowspan="1">1695635459287</td><td rowspan="1">15982</td></tr><tr><th colspan="4">Run on Firefox &#8212; passed</th></tr><tr class="passedeven"><td rowspan="3">maven.TC_001</td><td><a href="#m2">Verify_Url_and_login</a></td><td rowspan="3">1695635350365</td><td rowspan="3">6138</td></tr><tr class="passedeven"><td><a href="#m3">Verify_Url_and_login</a></td></tr><tr class="passedeven"><td><a href="#m4">Verify_Url_and_login</a></td></tr><tr class="passedodd"><td rowspan="1">maven.TC_002</td><td><a href="#m5">VerifyinvalidLogin</a></td><td rowspan="1">1695635362550</td><td rowspan="1">565</td></tr><tr class="passedeven"><td rowspan="2">maven.TC_003</td><td><a href="#m6">Addcartandverifythecount</a></td><td rowspan="2">1695635368810</td><td rowspan="2">8908</td></tr><tr class="passedeven"><td><a href="#m7">Addcartandverifythecount</a></td></tr><tr class="passedodd"><td rowspan="3">maven.TC_004</td><td><a href="#m8">Get_Products_name_and_price</a></td><td rowspan="3">1695635433733</td><td rowspan="3">7196</td></tr><tr class="passedodd"><td><a href="#m9">Get_Products_name_and_price</a></td></tr><tr class="passedodd"><td><a href="#m10">Get_Products_name_and_price</a></td></tr><tr class="passedeven"><td rowspan="2">maven.TC_005</td><td><a href="#m11">Complete_Checkout_flow</a></td><td rowspan="2">1695635446752</td><td rowspan="2">6627</td></tr><tr class="passedeven"><td><a href="#m12">Complete_Checkout_flow</a></td></tr><tr class="passedodd"><td rowspan="3">maven.TC_006</td><td><a href="#m13">validate_error_Message_incheckoutinfopage</a></td><td rowspan="3">1695635540202</td><td rowspan="3">16989</td></tr><tr class="passedodd"><td><a href="#m14">validate_error_Message_incheckoutinfopage</a></td></tr><tr class="passedodd"><td><a href="#m15">validate_error_Message_incheckoutinfopage</a></td></tr></tbody>
<tbody id="t1"><tr><th colspan="4">Run on Edge &#8212; failed</th></tr><tr class="failedeven"><td rowspan="1">maven.TC_003</td><td><a href="#m16">Addcartandverifythecount</a></td><td rowspan="1">1695635599010</td><td rowspan="1">6938</td></tr><tr class="failedodd"><td rowspan="1">maven.TC_005</td><td><a href="#m17">Complete_Checkout_flow</a></td><td rowspan="1">1695635652708</td><td rowspan="1">14527</td></tr><tr><th colspan="4">Run on Edge &#8212; passed</th></tr><tr class="passedeven"><td rowspan="3">maven.TC_001</td><td><a href="#m18">Verify_Url_and_login</a></td><td rowspan="3">1695635572960</td><td rowspan="3">800</td></tr><tr class="passedeven"><td><a href="#m19">Verify_Url_and_login</a></td></tr><tr class="passedeven"><td><a href="#m20">Verify_Url_and_login</a></td></tr><tr class="passedodd"><td rowspan="1">maven.TC_002</td><td><a href="#m21">VerifyinvalidLogin</a></td><td rowspan="1">1695635585476</td><td rowspan="1">422</td></tr><tr class="passedeven"><td rowspan="2">maven.TC_003</td><td><a href="#m22">Addcartandverifythecount</a></td><td rowspan="2">1695635588753</td><td rowspan="2">7682</td></tr><tr class="passedeven"><td><a href="#m23">Addcartandverifythecount</a></td></tr><tr class="passedodd"><td rowspan="3">maven.TC_004</td><td><a href="#m24">Get_Products_name_and_price</a></td><td rowspan="3">1695635633111</td><td rowspan="3">7492</td></tr><tr class="passedodd"><td><a href="#m25">Get_Products_name_and_price</a></td></tr><tr class="passedodd"><td><a href="#m26">Get_Products_name_and_price</a></td></tr><tr class="passedeven"><td rowspan="2">maven.TC_005</td><td><a href="#m27">Complete_Checkout_flow</a></td><td rowspan="2">1695635642927</td><td rowspan="2">5560</td></tr><tr class="passedeven"><td><a href="#m28">Complete_Checkout_flow</a></td></tr><tr class="passedodd"><td rowspan="3">maven.TC_006</td><td><a href="#m29">validate_error_Message_incheckoutinfopage</a></td><td rowspan="3">1695635688598</td><td rowspan="3">10476</td></tr><tr class="passedodd"><td><a href="#m30">validate_error_Message_incheckoutinfopage</a></td></tr><tr class="passedodd"><td><a href="#m31">validate_error_Message_incheckoutinfopage</a></td></tr></tbody>
<tbody id="t2"><tr><th colspan="4">Run on Chrome &#8212; failed</th></tr><tr class="failedeven"><td rowspan="1">maven.TC_003</td><td><a href="#m32">Addcartandverifythecount</a></td><td rowspan="1">1695635769881</td><td rowspan="1">7103</td></tr><tr class="failedodd"><td rowspan="1">maven.TC_005</td><td><a href="#m33">Complete_Checkout_flow</a></td><td rowspan="1">1695635822875</td><td rowspan="1">14536</td></tr><tr><th colspan="4">Run on Chrome &#8212; passed</th></tr><tr class="passedeven"><td rowspan="3">maven.TC_001</td><td><a href="#m34">Verify_Url_and_login</a></td><td rowspan="3">1695635740276</td><td rowspan="3">683</td></tr><tr class="passedeven"><td><a href="#m35">Verify_Url_and_login</a></td></tr><tr class="passedeven"><td><a href="#m36">Verify_Url_and_login</a></td></tr><tr class="passedodd"><td rowspan="1">maven.TC_002</td><td><a href="#m37">VerifyinvalidLogin</a></td><td rowspan="1">1695635757132</td><td rowspan="1">392</td></tr><tr class="passedeven"><td rowspan="2">maven.TC_003</td><td><a href="#m38">Addcartandverifythecount</a></td><td rowspan="2">1695635760106</td><td rowspan="2">7598</td></tr><tr class="passedeven"><td><a href="#m39">Addcartandverifythecount</a></td></tr><tr class="passedodd"><td rowspan="3">maven.TC_004</td><td><a href="#m40">Get_Products_name_and_price</a></td><td rowspan="3">1695635795875</td><td rowspan="3">2282</td></tr><tr class="passedodd"><td><a href="#m41">Get_Products_name_and_price</a></td></tr><tr class="passedodd"><td><a href="#m42">Get_Products_name_and_price</a></td></tr><tr class="passedeven"><td rowspan="2">maven.TC_005</td><td><a href="#m43">Complete_Checkout_flow</a></td><td rowspan="2">1695635840011</td><td rowspan="2">14984</td></tr><tr class="passedeven"><td><a href="#m44">Complete_Checkout_flow</a></td></tr><tr class="passedodd"><td rowspan="3">maven.TC_006</td><td><a href="#m45">validate_error_Message_incheckoutinfopage</a></td><td rowspan="3">1695635858072</td><td rowspan="3">10317</td></tr><tr class="passedodd"><td><a href="#m46">validate_error_Message_incheckoutinfopage</a></td></tr><tr class="passedodd"><td><a href="#m47">validate_error_Message_incheckoutinfopage</a></td></tr></tbody>
<tbody id="t3"><tr><th colspan="4">Run on Opera &#8212; failed</th></tr><tr class="failedeven"><td rowspan="1">maven.TC_003</td><td><a href="#m48">Addcartandverifythecount</a></td><td rowspan="1">1695635942588</td><td rowspan="1">7343</td></tr><tr class="failedodd"><td rowspan="1">maven.TC_005</td><td><a href="#m49">Complete_Checkout_flow</a></td><td rowspan="1">1695636007489</td><td rowspan="1">14650</td></tr><tr><th colspan="4">Run on Opera &#8212; passed</th></tr><tr class="passedeven"><td rowspan="3">maven.TC_001</td><td><a href="#m50">Verify_Url_and_login</a></td><td rowspan="3">1695635905282</td><td rowspan="3">1272</td></tr><tr class="passedeven"><td><a href="#m51">Verify_Url_and_login</a></td></tr><tr class="passedeven"><td><a href="#m52">Verify_Url_and_login</a></td></tr><tr class="passedodd"><td rowspan="1">maven.TC_002</td><td><a href="#m53">VerifyinvalidLogin</a></td><td rowspan="1">1695635926358</td><td rowspan="1">500</td></tr><tr class="passedeven"><td rowspan="2">maven.TC_003</td><td><a href="#m54">Addcartandverifythecount</a></td><td rowspan="2">1695635954704</td><td rowspan="2">12732</td></tr><tr class="passedeven"><td><a href="#m55">Addcartandverifythecount</a></td></tr><tr class="passedodd"><td rowspan="3">maven.TC_004</td><td><a href="#m56">Get_Products_name_and_price</a></td><td rowspan="3">1695635978214</td><td rowspan="3">2338</td></tr><tr class="passedodd"><td><a href="#m57">Get_Products_name_and_price</a></td></tr><tr class="passedodd"><td><a href="#m58">Get_Products_name_and_price</a></td></tr><tr class="passedeven"><td rowspan="2">maven.TC_005</td><td><a href="#m59">Complete_Checkout_flow</a></td><td rowspan="2">1695636026492</td><td rowspan="2">15026</td></tr><tr class="passedeven"><td><a href="#m60">Complete_Checkout_flow</a></td></tr><tr class="passedodd"><td rowspan="3">maven.TC_006</td><td><a href="#m61">validate_error_Message_incheckoutinfopage</a></td><td rowspan="3">1695636060235</td><td rowspan="3">10669</td></tr><tr class="passedodd"><td><a href="#m62">validate_error_Message_incheckoutinfopage</a></td></tr><tr class="passedodd"><td><a href="#m63">validate_error_Message_incheckoutinfopage</a></td></tr></tbody>
</table>
<h2>Run on Firefox</h2><h3 id="m0">maven.TC_003#Addcartandverifythecount</h3><table class="result"><tr class="param"><th>Parameter #1</th><th>Parameter #2</th></tr><tr class="param stripe"><td>problem_user</td><td>secret_sauce</td></tr><tr><th colspan="2">Exception</th></tr><tr><td colspan="2"><div class="stacktrace">java.lang.AssertionError: The Login is:problem_user secret_sauce expected [6] but found [3]
	at maven.TC_003.Addcartandverifythecount(TC_003.java:41)
	at java.base/java.util.ArrayList.forEach(ArrayList.java:1511)
... Removed 30 stack frames</div></td></tr></table><p class="totop"><a href="#summary">back to summary</a></p>
<h3 id="m1">maven.TC_005#Complete_Checkout_flow</h3><table class="result"><tr class="param"><th>Parameter #1</th><th>Parameter #2</th></tr><tr class="param stripe"><td>problem_user</td><td>secret_sauce</td></tr><tr><th colspan="2">Exception</th></tr><tr><td colspan="2"><div class="stacktrace">org.openqa.selenium.NoSuchElementException: Unable to locate element: //div[@class=&apos;summary_info_label summary_total_label&apos;]
For documentation on this error, please visit: https://www.seleniumhq.org/exceptions/no_such_element.html
Build info: version: &apos;3.141.59&apos;, revision: &apos;e82be7d358&apos;, time: &apos;2018-11-14T08:17:03&apos;
System info: host: &apos;BHARADWAJ-B6DD2&apos;, ip: &apos;192.168.56.1&apos;, os.name: &apos;Windows 10&apos;, os.arch: &apos;amd64&apos;, os.version: &apos;10.0&apos;, java.version: &apos;20.0.1&apos;
Driver info: org.openqa.selenium.firefox.FirefoxDriver
Capabilities {acceptInsecureCerts: true, browserName: firefox, browserVersion: 117.0.1, javascriptEnabled: true, moz:accessibilityChecks: false, moz:buildID: 20230912013654, moz:geckodriverVersion: 0.33.0, moz:headless: false, moz:platformVersion: 10.0, moz:processID: 22428, moz:profile: C:\Users\BHARAD~1.VIS\AppDa..., moz:shutdownTimeout: 60000, moz:webdriverClick: true, moz:windowless: false, pageLoadStrategy: normal, platform: WINDOWS, platformName: WINDOWS, proxy: Proxy(), setWindowRect: true, strictFileInteractability: false, timeouts: {implicit: 0, pageLoad: 300000, script: 30000}, unhandledPromptBehavior: dismiss and notify}
Session ID: 640c0b52-1143-4bb5-ac1c-766244f1eb5c
*** Element info: {Using=xpath, value=//div[@class=&apos;summary_info_label summary_total_label&apos;]}
	at org.openqa.selenium.remote.http.W3CHttpResponseCodec.createException(W3CHttpResponseCodec.java:187)
	at org.openqa.selenium.remote.http.W3CHttpResponseCodec.decode(W3CHttpResponseCodec.java:122)
	at org.openqa.selenium.remote.http.W3CHttpResponseCodec.decode(W3CHttpResponseCodec.java:49)
	at org.openqa.selenium.remote.HttpCommandExecutor.execute(HttpCommandExecutor.java:158)
	at org.openqa.selenium.remote.service.DriverCommandExecutor.execute(DriverCommandExecutor.java:83)
	at org.openqa.selenium.remote.RemoteWebDriver.execute(RemoteWebDriver.java:552)
	at org.openqa.selenium.remote.RemoteWebDriver.findElement(RemoteWebDriver.java:323)
	at org.openqa.selenium.remote.RemoteWebDriver.findElementByXPath(RemoteWebDriver.java:428)
	at org.openqa.selenium.By$ByXPath.findElement(By.java:353)
	at org.openqa.selenium.remote.RemoteWebDriver.findElement(RemoteWebDriver.java:315)
	at org.openqa.selenium.support.pagefactory.DefaultElementLocator.findElement(DefaultElementLocator.java:69)
	at org.openqa.selenium.support.pagefactory.internal.LocatingElementHandler.invoke(LocatingElementHandler.java:38)
	at jdk.proxy2/jdk.proxy2.$Proxy14.getText(Unknown Source)
	at maven.TC_005.Complete_Checkout_flow(TC_005.java:37)
	at java.base/java.util.ArrayList.forEach(ArrayList.java:1511)
... Removed 28 stack frames</div></td></tr></table><p class="totop"><a href="#summary">back to summary</a></p>
<h3 id="m2">maven.TC_001#Verify_Url_and_login</h3><table class="result"><tr class="param"><th>Parameter #1</th><th>Parameter #2</th></tr><tr class="param stripe"><td>performance_glitch_user</td><td>secret_sauce</td></tr></table><p class="totop"><a href="#summary">back to summary</a></p>
<h3 id="m3">maven.TC_001#Verify_Url_and_login</h3><table class="result"><tr class="param"><th>Parameter #1</th><th>Parameter #2</th></tr><tr class="param stripe"><td>standard_user</td><td>secret_sauce</td></tr></table><p class="totop"><a href="#summary">back to summary</a></p>
<h3 id="m4">maven.TC_001#Verify_Url_and_login</h3><table class="result"><tr class="param"><th>Parameter #1</th><th>Parameter #2</th></tr><tr class="param stripe"><td>problem_user</td><td>secret_sauce</td></tr></table><p class="totop"><a href="#summary">back to summary</a></p>
<h3 id="m5">maven.TC_002#VerifyinvalidLogin</h3><table class="result"><tr><th class="invisible"/></tr></table><p class="totop"><a href="#summary">back to summary</a></p>
<h3 id="m6">maven.TC_003#Addcartandverifythecount</h3><table class="result"><tr class="param"><th>Parameter #1</th><th>Parameter #2</th></tr><tr class="param stripe"><td>standard_user</td><td>secret_sauce</td></tr></table><p class="totop"><a href="#summary">back to summary</a></p>
<h3 id="m7">maven.TC_003#Addcartandverifythecount</h3><table class="result"><tr class="param"><th>Parameter #1</th><th>Parameter #2</th></tr><tr class="param stripe"><td>performance_glitch_user</td><td>secret_sauce</td></tr></table><p class="totop"><a href="#summary">back to summary</a></p>
<h3 id="m8">maven.TC_004#Get_Products_name_and_price</h3><table class="result"><tr class="param"><th>Parameter #1</th><th>Parameter #2</th></tr><tr class="param stripe"><td>performance_glitch_user</td><td>secret_sauce</td></tr></table><p class="totop"><a href="#summary">back to summary</a></p>
<h3 id="m9">maven.TC_004#Get_Products_name_and_price</h3><table class="result"><tr class="param"><th>Parameter #1</th><th>Parameter #2</th></tr><tr class="param stripe"><td>standard_user</td><td>secret_sauce</td></tr></table><p class="totop"><a href="#summary">back to summary</a></p>
<h3 id="m10">maven.TC_004#Get_Products_name_and_price</h3><table class="result"><tr class="param"><th>Parameter #1</th><th>Parameter #2</th></tr><tr class="param stripe"><td>problem_user</td><td>secret_sauce</td></tr></table><p class="totop"><a href="#summary">back to summary</a></p>
<h3 id="m11">maven.TC_005#Complete_Checkout_flow</h3><table class="result"><tr class="param"><th>Parameter #1</th><th>Parameter #2</th></tr><tr class="param stripe"><td>standard_user</td><td>secret_sauce</td></tr></table><p class="totop"><a href="#summary">back to summary</a></p>
<h3 id="m12">maven.TC_005#Complete_Checkout_flow</h3><table class="result"><tr class="param"><th>Parameter #1</th><th>Parameter #2</th></tr><tr class="param stripe"><td>performance_glitch_user</td><td>secret_sauce</td></tr></table><p class="totop"><a href="#summary">back to summary</a></p>
<h3 id="m13">maven.TC_006#validate_error_Message_incheckoutinfopage</h3><table class="result"><tr class="param"><th>Parameter #1</th><th>Parameter #2</th></tr><tr class="param stripe"><td>performance_glitch_user</td><td>secret_sauce</td></tr></table><p class="totop"><a href="#summary">back to summary</a></p>
<h3 id="m14">maven.TC_006#validate_error_Message_incheckoutinfopage</h3><table class="result"><tr class="param"><th>Parameter #1</th><th>Parameter #2</th></tr><tr class="param stripe"><td>standard_user</td><td>secret_sauce</td></tr></table><p class="totop"><a href="#summary">back to summary</a></p>
<h3 id="m15">maven.TC_006#validate_error_Message_incheckoutinfopage</h3><table class="result"><tr class="param"><th>Parameter #1</th><th>Parameter #2</th></tr><tr class="param stripe"><td>problem_user</td><td>secret_sauce</td></tr></table><p class="totop"><a href="#summary">back to summary</a></p>
<h2>Run on Edge</h2><h3 id="m16">maven.TC_003#Addcartandverifythecount</h3><table class="result"><tr class="param"><th>Parameter #1</th><th>Parameter #2</th></tr><tr class="param stripe"><td>problem_user</td><td>secret_sauce</td></tr><tr><th colspan="2">Exception</th></tr><tr><td colspan="2"><div class="stacktrace">java.lang.AssertionError: The Login is:problem_user secret_sauce expected [6] but found [3]
	at maven.TC_003.Addcartandverifythecount(TC_003.java:41)
	at java.base/java.util.ArrayList.forEach(ArrayList.java:1511)
... Removed 30 stack frames</div></td></tr></table><p class="totop"><a href="#summary">back to summary</a></p>
<h3 id="m17">maven.TC_005#Complete_Checkout_flow</h3><table class="result"><tr class="param"><th>Parameter #1</th><th>Parameter #2</th></tr><tr class="param stripe"><td>problem_user</td><td>secret_sauce</td></tr><tr><th colspan="2">Exception</th></tr><tr><td colspan="2"><div class="stacktrace">org.openqa.selenium.NoSuchElementException: no such element: Unable to locate element: {&quot;method&quot;:&quot;xpath&quot;,&quot;selector&quot;:&quot;//div[@class=&apos;summary_info_label summary_total_label&apos;]&quot;}
  (Session info: MicrosoftEdge=117.0.2045.36)
For documentation on this error, please visit: https://www.seleniumhq.org/exceptions/no_such_element.html
Build info: version: &apos;3.141.59&apos;, revision: &apos;e82be7d358&apos;, time: &apos;2018-11-14T08:17:03&apos;
System info: host: &apos;BHARADWAJ-B6DD2&apos;, ip: &apos;192.168.56.1&apos;, os.name: &apos;Windows 10&apos;, os.arch: &apos;amd64&apos;, os.version: &apos;10.0&apos;, java.version: &apos;20.0.1&apos;
Driver info: org.openqa.selenium.edge.EdgeDriver
Capabilities {acceptInsecureCerts: false, browserName: msedge, browserVersion: 117.0.2045.36, fedcm:accounts: true, javascriptEnabled: true, ms:edgeOptions: {debuggerAddress: localhost:58177}, msedge: {msedgedriverVersion: 117.0.2045.41 (b895513e9807..., userDataDir: C:\Users\BHARAD~1.VIS\AppDa...}, networkConnectionEnabled: false, pageLoadStrategy: normal, platform: WINDOWS, platformName: WINDOWS, proxy: Proxy(), setWindowRect: true, strictFileInteractability: false, timeouts: {implicit: 0, pageLoad: 300000, script: 30000}, unhandledPromptBehavior: dismiss and notify, webauthn:extension:credBlob: true, webauthn:extension:largeBlob: true, webauthn:extension:minPinLength: true, webauthn:extension:prf: true, webauthn:virtualAuthenticators: true}
Session ID: 72608d486d8c118fd45d5ce16e40e060
*** Element info: {Using=xpath, value=//div[@class=&apos;summary_info_label summary_total_label&apos;]}
	at org.openqa.selenium.remote.http.W3CHttpResponseCodec.createException(W3CHttpResponseCodec.java:187)
	at org.openqa.selenium.remote.http.W3CHttpResponseCodec.decode(W3CHttpResponseCodec.java:122)
	at org.openqa.selenium.remote.http.W3CHttpResponseCodec.decode(W3CHttpResponseCodec.java:49)
	at org.openqa.selenium.remote.HttpCommandExecutor.execute(HttpCommandExecutor.java:158)
	at org.openqa.selenium.remote.service.DriverCommandExecutor.execute(DriverCommandExecutor.java:83)
	at org.openqa.selenium.remote.RemoteWebDriver.execute(RemoteWebDriver.java:552)
	at org.openqa.selenium.remote.RemoteWebDriver.findElement(RemoteWebDriver.java:323)
	at org.openqa.selenium.remote.RemoteWebDriver.findElementByXPath(RemoteWebDriver.java:428)
	at org.openqa.selenium.By$ByXPath.findElement(By.java:353)
	at org.openqa.selenium.remote.RemoteWebDriver.findElement(RemoteWebDriver.java:315)
	at org.openqa.selenium.support.pagefactory.DefaultElementLocator.findElement(DefaultElementLocator.java:69)
	at org.openqa.selenium.support.pagefactory.internal.LocatingElementHandler.invoke(LocatingElementHandler.java:38)
	at jdk.proxy2/jdk.proxy2.$Proxy14.getText(Unknown Source)
	at maven.TC_005.Complete_Checkout_flow(TC_005.java:37)
	at java.base/java.util.ArrayList.forEach(ArrayList.java:1511)
... Removed 28 stack frames</div></td></tr></table><p class="totop"><a href="#summary">back to summary</a></p>
<h3 id="m18">maven.TC_001#Verify_Url_and_login</h3><table class="result"><tr class="param"><th>Parameter #1</th><th>Parameter #2</th></tr><tr class="param stripe"><td>problem_user</td><td>secret_sauce</td></tr></table><p class="totop"><a href="#summary">back to summary</a></p>
<h3 id="m19">maven.TC_001#Verify_Url_and_login</h3><table class="result"><tr class="param"><th>Parameter #1</th><th>Parameter #2</th></tr><tr class="param stripe"><td>performance_glitch_user</td><td>secret_sauce</td></tr></table><p class="totop"><a href="#summary">back to summary</a></p>
<h3 id="m20">maven.TC_001#Verify_Url_and_login</h3><table class="result"><tr class="param"><th>Parameter #1</th><th>Parameter #2</th></tr><tr class="param stripe"><td>standard_user</td><td>secret_sauce</td></tr></table><p class="totop"><a href="#summary">back to summary</a></p>
<h3 id="m21">maven.TC_002#VerifyinvalidLogin</h3><table class="result"><tr><th class="invisible"/></tr></table><p class="totop"><a href="#summary">back to summary</a></p>
<h3 id="m22">maven.TC_003#Addcartandverifythecount</h3><table class="result"><tr class="param"><th>Parameter #1</th><th>Parameter #2</th></tr><tr class="param stripe"><td>standard_user</td><td>secret_sauce</td></tr></table><p class="totop"><a href="#summary">back to summary</a></p>
<h3 id="m23">maven.TC_003#Addcartandverifythecount</h3><table class="result"><tr class="param"><th>Parameter #1</th><th>Parameter #2</th></tr><tr class="param stripe"><td>performance_glitch_user</td><td>secret_sauce</td></tr></table><p class="totop"><a href="#summary">back to summary</a></p>
<h3 id="m24">maven.TC_004#Get_Products_name_and_price</h3><table class="result"><tr class="param"><th>Parameter #1</th><th>Parameter #2</th></tr><tr class="param stripe"><td>performance_glitch_user</td><td>secret_sauce</td></tr></table><p class="totop"><a href="#summary">back to summary</a></p>
<h3 id="m25">maven.TC_004#Get_Products_name_and_price</h3><table class="result"><tr class="param"><th>Parameter #1</th><th>Parameter #2</th></tr><tr class="param stripe"><td>problem_user</td><td>secret_sauce</td></tr></table><p class="totop"><a href="#summary">back to summary</a></p>
<h3 id="m26">maven.TC_004#Get_Products_name_and_price</h3><table class="result"><tr class="param"><th>Parameter #1</th><th>Parameter #2</th></tr><tr class="param stripe"><td>standard_user</td><td>secret_sauce</td></tr></table><p class="totop"><a href="#summary">back to summary</a></p>
<h3 id="m27">maven.TC_005#Complete_Checkout_flow</h3><table class="result"><tr class="param"><th>Parameter #1</th><th>Parameter #2</th></tr><tr class="param stripe"><td>standard_user</td><td>secret_sauce</td></tr></table><p class="totop"><a href="#summary">back to summary</a></p>
<h3 id="m28">maven.TC_005#Complete_Checkout_flow</h3><table class="result"><tr class="param"><th>Parameter #1</th><th>Parameter #2</th></tr><tr class="param stripe"><td>performance_glitch_user</td><td>secret_sauce</td></tr></table><p class="totop"><a href="#summary">back to summary</a></p>
<h3 id="m29">maven.TC_006#validate_error_Message_incheckoutinfopage</h3><table class="result"><tr class="param"><th>Parameter #1</th><th>Parameter #2</th></tr><tr class="param stripe"><td>standard_user</td><td>secret_sauce</td></tr></table><p class="totop"><a href="#summary">back to summary</a></p>
<h3 id="m30">maven.TC_006#validate_error_Message_incheckoutinfopage</h3><table class="result"><tr class="param"><th>Parameter #1</th><th>Parameter #2</th></tr><tr class="param stripe"><td>performance_glitch_user</td><td>secret_sauce</td></tr></table><p class="totop"><a href="#summary">back to summary</a></p>
<h3 id="m31">maven.TC_006#validate_error_Message_incheckoutinfopage</h3><table class="result"><tr class="param"><th>Parameter #1</th><th>Parameter #2</th></tr><tr class="param stripe"><td>problem_user</td><td>secret_sauce</td></tr></table><p class="totop"><a href="#summary">back to summary</a></p>
<h2>Run on Chrome</h2><h3 id="m32">maven.TC_003#Addcartandverifythecount</h3><table class="result"><tr class="param"><th>Parameter #1</th><th>Parameter #2</th></tr><tr class="param stripe"><td>problem_user</td><td>secret_sauce</td></tr><tr><th colspan="2">Exception</th></tr><tr><td colspan="2"><div class="stacktrace">java.lang.AssertionError: The Login is:problem_user secret_sauce expected [6] but found [3]
	at maven.TC_003.Addcartandverifythecount(TC_003.java:41)
	at java.base/java.util.ArrayList.forEach(ArrayList.java:1511)
... Removed 30 stack frames</div></td></tr></table><p class="totop"><a href="#summary">back to summary</a></p>
<h3 id="m33">maven.TC_005#Complete_Checkout_flow</h3><table class="result"><tr class="param"><th>Parameter #1</th><th>Parameter #2</th></tr><tr class="param stripe"><td>problem_user</td><td>secret_sauce</td></tr><tr><th colspan="2">Exception</th></tr><tr><td colspan="2"><div class="stacktrace">org.openqa.selenium.NoSuchElementException: no such element: Unable to locate element: {&quot;method&quot;:&quot;xpath&quot;,&quot;selector&quot;:&quot;//div[@class=&apos;summary_info_label summary_total_label&apos;]&quot;}
  (Session info: chrome=117.0.5938.89)
For documentation on this error, please visit: https://www.seleniumhq.org/exceptions/no_such_element.html
Build info: version: &apos;3.141.59&apos;, revision: &apos;e82be7d358&apos;, time: &apos;2018-11-14T08:17:03&apos;
System info: host: &apos;BHARADWAJ-B6DD2&apos;, ip: &apos;192.168.56.1&apos;, os.name: &apos;Windows 10&apos;, os.arch: &apos;amd64&apos;, os.version: &apos;10.0&apos;, java.version: &apos;20.0.1&apos;
Driver info: org.openqa.selenium.chrome.ChromeDriver
Capabilities {acceptInsecureCerts: false, browserName: chrome, browserVersion: 117.0.5938.89, chrome: {chromedriverVersion: 117.0.5938.92 (67649b10b92b..., userDataDir: C:\Users\BHARAD~1.VIS\AppDa...}, fedcm:accounts: true, goog:chromeOptions: {debuggerAddress: localhost:58577}, javascriptEnabled: true, networkConnectionEnabled: false, pageLoadStrategy: normal, platform: WINDOWS, platformName: WINDOWS, proxy: Proxy(), setWindowRect: true, strictFileInteractability: false, timeouts: {implicit: 0, pageLoad: 300000, script: 30000}, unhandledPromptBehavior: dismiss and notify, webauthn:extension:credBlob: true, webauthn:extension:largeBlob: true, webauthn:extension:minPinLength: true, webauthn:extension:prf: true, webauthn:virtualAuthenticators: true}
Session ID: 1cba9dc175785a8afa9819b34c6ed564
*** Element info: {Using=xpath, value=//div[@class=&apos;summary_info_label summary_total_label&apos;]}
	at org.openqa.selenium.remote.http.W3CHttpResponseCodec.createException(W3CHttpResponseCodec.java:187)
	at org.openqa.selenium.remote.http.W3CHttpResponseCodec.decode(W3CHttpResponseCodec.java:122)
	at org.openqa.selenium.remote.http.W3CHttpResponseCodec.decode(W3CHttpResponseCodec.java:49)
	at org.openqa.selenium.remote.HttpCommandExecutor.execute(HttpCommandExecutor.java:158)
	at org.openqa.selenium.remote.service.DriverCommandExecutor.execute(DriverCommandExecutor.java:83)
	at org.openqa.selenium.remote.RemoteWebDriver.execute(RemoteWebDriver.java:552)
	at org.openqa.selenium.remote.RemoteWebDriver.findElement(RemoteWebDriver.java:323)
	at org.openqa.selenium.remote.RemoteWebDriver.findElementByXPath(RemoteWebDriver.java:428)
	at org.openqa.selenium.By$ByXPath.findElement(By.java:353)
	at org.openqa.selenium.remote.RemoteWebDriver.findElement(RemoteWebDriver.java:315)
	at org.openqa.selenium.support.pagefactory.DefaultElementLocator.findElement(DefaultElementLocator.java:69)
	at org.openqa.selenium.support.pagefactory.internal.LocatingElementHandler.invoke(LocatingElementHandler.java:38)
	at jdk.proxy2/jdk.proxy2.$Proxy14.getText(Unknown Source)
	at maven.TC_005.Complete_Checkout_flow(TC_005.java:37)
	at java.base/java.util.ArrayList.forEach(ArrayList.java:1511)
... Removed 28 stack frames</div></td></tr></table><p class="totop"><a href="#summary">back to summary</a></p>
<h3 id="m34">maven.TC_001#Verify_Url_and_login</h3><table class="result"><tr class="param"><th>Parameter #1</th><th>Parameter #2</th></tr><tr class="param stripe"><td>standard_user</td><td>secret_sauce</td></tr></table><p class="totop"><a href="#summary">back to summary</a></p>
<h3 id="m35">maven.TC_001#Verify_Url_and_login</h3><table class="result"><tr class="param"><th>Parameter #1</th><th>Parameter #2</th></tr><tr class="param stripe"><td>problem_user</td><td>secret_sauce</td></tr></table><p class="totop"><a href="#summary">back to summary</a></p>
<h3 id="m36">maven.TC_001#Verify_Url_and_login</h3><table class="result"><tr class="param"><th>Parameter #1</th><th>Parameter #2</th></tr><tr class="param stripe"><td>performance_glitch_user</td><td>secret_sauce</td></tr></table><p class="totop"><a href="#summary">back to summary</a></p>
<h3 id="m37">maven.TC_002#VerifyinvalidLogin</h3><table class="result"><tr><th class="invisible"/></tr></table><p class="totop"><a href="#summary">back to summary</a></p>
<h3 id="m38">maven.TC_003#Addcartandverifythecount</h3><table class="result"><tr class="param"><th>Parameter #1</th><th>Parameter #2</th></tr><tr class="param stripe"><td>standard_user</td><td>secret_sauce</td></tr></table><p class="totop"><a href="#summary">back to summary</a></p>
<h3 id="m39">maven.TC_003#Addcartandverifythecount</h3><table class="result"><tr class="param"><th>Parameter #1</th><th>Parameter #2</th></tr><tr class="param stripe"><td>performance_glitch_user</td><td>secret_sauce</td></tr></table><p class="totop"><a href="#summary">back to summary</a></p>
<h3 id="m40">maven.TC_004#Get_Products_name_and_price</h3><table class="result"><tr class="param"><th>Parameter #1</th><th>Parameter #2</th></tr><tr class="param stripe"><td>standard_user</td><td>secret_sauce</td></tr></table><p class="totop"><a href="#summary">back to summary</a></p>
<h3 id="m41">maven.TC_004#Get_Products_name_and_price</h3><table class="result"><tr class="param"><th>Parameter #1</th><th>Parameter #2</th></tr><tr class="param stripe"><td>performance_glitch_user</td><td>secret_sauce</td></tr></table><p class="totop"><a href="#summary">back to summary</a></p>
<h3 id="m42">maven.TC_004#Get_Products_name_and_price</h3><table class="result"><tr class="param"><th>Parameter #1</th><th>Parameter #2</th></tr><tr class="param stripe"><td>problem_user</td><td>secret_sauce</td></tr></table><p class="totop"><a href="#summary">back to summary</a></p>
<h3 id="m43">maven.TC_005#Complete_Checkout_flow</h3><table class="result"><tr class="param"><th>Parameter #1</th><th>Parameter #2</th></tr><tr class="param stripe"><td>performance_glitch_user</td><td>secret_sauce</td></tr></table><p class="totop"><a href="#summary">back to summary</a></p>
<h3 id="m44">maven.TC_005#Complete_Checkout_flow</h3><table class="result"><tr class="param"><th>Parameter #1</th><th>Parameter #2</th></tr><tr class="param stripe"><td>standard_user</td><td>secret_sauce</td></tr></table><p class="totop"><a href="#summary">back to summary</a></p>
<h3 id="m45">maven.TC_006#validate_error_Message_incheckoutinfopage</h3><table class="result"><tr class="param"><th>Parameter #1</th><th>Parameter #2</th></tr><tr class="param stripe"><td>standard_user</td><td>secret_sauce</td></tr></table><p class="totop"><a href="#summary">back to summary</a></p>
<h3 id="m46">maven.TC_006#validate_error_Message_incheckoutinfopage</h3><table class="result"><tr class="param"><th>Parameter #1</th><th>Parameter #2</th></tr><tr class="param stripe"><td>problem_user</td><td>secret_sauce</td></tr></table><p class="totop"><a href="#summary">back to summary</a></p>
<h3 id="m47">maven.TC_006#validate_error_Message_incheckoutinfopage</h3><table class="result"><tr class="param"><th>Parameter #1</th><th>Parameter #2</th></tr><tr class="param stripe"><td>performance_glitch_user</td><td>secret_sauce</td></tr></table><p class="totop"><a href="#summary">back to summary</a></p>
<h2>Run on Opera</h2><h3 id="m48">maven.TC_003#Addcartandverifythecount</h3><table class="result"><tr class="param"><th>Parameter #1</th><th>Parameter #2</th></tr><tr class="param stripe"><td>problem_user</td><td>secret_sauce</td></tr><tr><th colspan="2">Exception</th></tr><tr><td colspan="2"><div class="stacktrace">java.lang.AssertionError: The Login is:problem_user secret_sauce expected [6] but found [3]
	at maven.TC_003.Addcartandverifythecount(TC_003.java:41)
	at java.base/java.util.ArrayList.forEach(ArrayList.java:1511)
... Removed 30 stack frames</div></td></tr></table><p class="totop"><a href="#summary">back to summary</a></p>
<h3 id="m49">maven.TC_005#Complete_Checkout_flow</h3><table class="result"><tr class="param"><th>Parameter #1</th><th>Parameter #2</th></tr><tr class="param stripe"><td>problem_user</td><td>secret_sauce</td></tr><tr><th colspan="2">Exception</th></tr><tr><td colspan="2"><div class="stacktrace">org.openqa.selenium.NoSuchElementException: no such element: Unable to locate element: {&quot;method&quot;:&quot;xpath&quot;,&quot;selector&quot;:&quot;//div[@class=&apos;summary_info_label summary_total_label&apos;]&quot;}
  (Session info: chrome=116.0.5845.188)
  (Driver info: operadriver=116.0.5845.97 (e117484d39996dfd76838869cfec96301a26a459-refs/branch-heads/5845@{#1383}),platform=Windows NT 10.0.19045 x86_64) (WARNING: The server did not provide any stacktrace information)
Command duration or timeout: 0 milliseconds
For documentation on this error, please visit: https://www.seleniumhq.org/exceptions/no_such_element.html
Build info: version: &apos;3.141.59&apos;, revision: &apos;e82be7d358&apos;, time: &apos;2018-11-14T08:17:03&apos;
System info: host: &apos;BHARADWAJ-B6DD2&apos;, ip: &apos;192.168.56.1&apos;, os.name: &apos;Windows 10&apos;, os.arch: &apos;amd64&apos;, os.version: &apos;10.0&apos;, java.version: &apos;20.0.1&apos;
Driver info: org.openqa.selenium.opera.OperaDriver
Capabilities {acceptInsecureCerts: false, acceptSslCerts: false, browserConnectionEnabled: false, browserName: opera, cssSelectorsEnabled: true, databaseEnabled: false, fedcm:accounts: true, goog:chromeOptions: {debuggerAddress: localhost:59192}, handlesAlerts: true, hasTouchScreen: false, javascriptEnabled: true, locationContextEnabled: true, mobileEmulationEnabled: false, nativeEvents: true, networkConnectionEnabled: false, opera: {operadriverVersion: 116.0.5845.97 (e117484d3999..., userDataDir: C:\Users\BHARAD~1.VIS\AppDa...}, pageLoadStrategy: normal, platform: WINDOWS, platformName: WINDOWS, proxy: Proxy(), rotatable: false, setWindowRect: true, strictFileInteractability: false, takesHeapSnapshot: true, takesScreenshot: true, timeouts: {implicit: 0, pageLoad: 300000, script: 30000}, unexpectedAlertBehaviour: ignore, unhandledPromptBehavior: ignore, version: 116.0.5845.188, webStorageEnabled: true, webauthn:extension:credBlob: true, webauthn:extension:largeBlob: true, webauthn:extension:minPinLength: true, webauthn:extension:prf: true, webauthn:virtualAuthenticators: true}
Session ID: 0ace2d308093319493ac385f5286f126
*** Element info: {Using=xpath, value=//div[@class=&apos;summary_info_label summary_total_label&apos;]}
	at org.openqa.selenium.remote.ErrorHandler.createThrowable(ErrorHandler.java:214)
	at org.openqa.selenium.remote.ErrorHandler.throwIfResponseFailed(ErrorHandler.java:166)
	at org.openqa.selenium.remote.http.JsonHttpResponseCodec.reconstructValue(JsonHttpResponseCodec.java:40)
	at org.openqa.selenium.remote.http.AbstractHttpResponseCodec.decode(AbstractHttpResponseCodec.java:80)
	at org.openqa.selenium.remote.http.AbstractHttpResponseCodec.decode(AbstractHttpResponseCodec.java:44)
	at org.openqa.selenium.remote.HttpCommandExecutor.execute(HttpCommandExecutor.java:158)
	at org.openqa.selenium.remote.service.DriverCommandExecutor.execute(DriverCommandExecutor.java:83)
	at org.openqa.selenium.remote.RemoteWebDriver.execute(RemoteWebDriver.java:552)
	at org.openqa.selenium.remote.RemoteWebDriver.findElement(RemoteWebDriver.java:323)
	at org.openqa.selenium.remote.RemoteWebDriver.findElementByXPath(RemoteWebDriver.java:428)
	at org.openqa.selenium.By$ByXPath.findElement(By.java:353)
	at org.openqa.selenium.remote.RemoteWebDriver.findElement(RemoteWebDriver.java:315)
	at org.openqa.selenium.support.pagefactory.DefaultElementLocator.findElement(DefaultElementLocator.java:69)
	at org.openqa.selenium.support.pagefactory.internal.LocatingElementHandler.invoke(LocatingElementHandler.java:38)
	at jdk.proxy2/jdk.proxy2.$Proxy14.getText(Unknown Source)
	at maven.TC_005.Complete_Checkout_flow(TC_005.java:37)
	at java.base/java.util.ArrayList.forEach(ArrayList.java:1511)
... Removed 28 stack frames</div></td></tr></table><p class="totop"><a href="#summary">back to summary</a></p>
<h3 id="m50">maven.TC_001#Verify_Url_and_login</h3><table class="result"><tr class="param"><th>Parameter #1</th><th>Parameter #2</th></tr><tr class="param stripe"><td>standard_user</td><td>secret_sauce</td></tr></table><p class="totop"><a href="#summary">back to summary</a></p>
<h3 id="m51">maven.TC_001#Verify_Url_and_login</h3><table class="result"><tr class="param"><th>Parameter #1</th><th>Parameter #2</th></tr><tr class="param stripe"><td>problem_user</td><td>secret_sauce</td></tr></table><p class="totop"><a href="#summary">back to summary</a></p>
<h3 id="m52">maven.TC_001#Verify_Url_and_login</h3><table class="result"><tr class="param"><th>Parameter #1</th><th>Parameter #2</th></tr><tr class="param stripe"><td>performance_glitch_user</td><td>secret_sauce</td></tr></table><p class="totop"><a href="#summary">back to summary</a></p>
<h3 id="m53">maven.TC_002#VerifyinvalidLogin</h3><table class="result"><tr><th class="invisible"/></tr></table><p class="totop"><a href="#summary">back to summary</a></p>
<h3 id="m54">maven.TC_003#Addcartandverifythecount</h3><table class="result"><tr class="param"><th>Parameter #1</th><th>Parameter #2</th></tr><tr class="param stripe"><td>performance_glitch_user</td><td>secret_sauce</td></tr></table><p class="totop"><a href="#summary">back to summary</a></p>
<h3 id="m55">maven.TC_003#Addcartandverifythecount</h3><table class="result"><tr class="param"><th>Parameter #1</th><th>Parameter #2</th></tr><tr class="param stripe"><td>standard_user</td><td>secret_sauce</td></tr></table><p class="totop"><a href="#summary">back to summary</a></p>
<h3 id="m56">maven.TC_004#Get_Products_name_and_price</h3><table class="result"><tr class="param"><th>Parameter #1</th><th>Parameter #2</th></tr><tr class="param stripe"><td>problem_user</td><td>secret_sauce</td></tr></table><p class="totop"><a href="#summary">back to summary</a></p>
<h3 id="m57">maven.TC_004#Get_Products_name_and_price</h3><table class="result"><tr class="param"><th>Parameter #1</th><th>Parameter #2</th></tr><tr class="param stripe"><td>standard_user</td><td>secret_sauce</td></tr></table><p class="totop"><a href="#summary">back to summary</a></p>
<h3 id="m58">maven.TC_004#Get_Products_name_and_price</h3><table class="result"><tr class="param"><th>Parameter #1</th><th>Parameter #2</th></tr><tr class="param stripe"><td>performance_glitch_user</td><td>secret_sauce</td></tr></table><p class="totop"><a href="#summary">back to summary</a></p>
<h3 id="m59">maven.TC_005#Complete_Checkout_flow</h3><table class="result"><tr class="param"><th>Parameter #1</th><th>Parameter #2</th></tr><tr class="param stripe"><td>performance_glitch_user</td><td>secret_sauce</td></tr></table><p class="totop"><a href="#summary">back to summary</a></p>
<h3 id="m60">maven.TC_005#Complete_Checkout_flow</h3><table class="result"><tr class="param"><th>Parameter #1</th><th>Parameter #2</th></tr><tr class="param stripe"><td>standard_user</td><td>secret_sauce</td></tr></table><p class="totop"><a href="#summary">back to summary</a></p>
<h3 id="m61">maven.TC_006#validate_error_Message_incheckoutinfopage</h3><table class="result"><tr class="param"><th>Parameter #1</th><th>Parameter #2</th></tr><tr class="param stripe"><td>problem_user</td><td>secret_sauce</td></tr></table><p class="totop"><a href="#summary">back to summary</a></p>
<h3 id="m62">maven.TC_006#validate_error_Message_incheckoutinfopage</h3><table class="result"><tr class="param"><th>Parameter #1</th><th>Parameter #2</th></tr><tr class="param stripe"><td>standard_user</td><td>secret_sauce</td></tr></table><p class="totop"><a href="#summary">back to summary</a></p>
<h3 id="m63">maven.TC_006#validate_error_Message_incheckoutinfopage</h3><table class="result"><tr class="param"><th>Parameter #1</th><th>Parameter #2</th></tr><tr class="param stripe"><td>performance_glitch_user</td><td>secret_sauce</td></tr></table><p class="totop"><a href="#summary">back to summary</a></p>
</body>
</html>
