<?xml version="1.0" encoding="UTF-8"?>
<testng-results ignored="0" total="64" passed="56" failed="8" skipped="0">
  <reporter-output>
  </reporter-output>
  <suite started-at="2023-09-25T15:18:50 IST" name="Suite" finished-at="2023-09-25T15:31:31 IST" duration-ms="760408">
    <groups>
    </groups>
    <test started-at="2023-09-25T15:18:50 IST" name="Run on Firefox" finished-at="2023-09-25T15:22:39 IST" duration-ms="228513">
      <class name="maven.TC_005">
        <test-method is-config="true" signature="BeforeTC(java.lang.String)[pri:0, instance:maven.TC_005@7d20d0b]" started-at="2023-09-25T15:20:42 IST" name="BeforeTC" finished-at="2023-09-25T15:20:46 IST" duration-ms="4247" status="PASS">
          <params>
            <param index="0">
              <value>
                <![CDATA[Firefox]]>
              </value>
            </param>
          </params>
          <reporter-output>
          </reporter-output>
        </test-method> <!-- BeforeTC -->
        <test-method signature="Complete_Checkout_flow(java.lang.String,java.lang.String)[pri:0, instance:maven.TC_005@7d20d0b]" started-at="2023-09-25T15:20:46 IST" name="Complete_Checkout_flow" data-provider="credentials" finished-at="2023-09-25T15:20:53 IST" duration-ms="6627" status="PASS">
          <params>
            <param index="0">
              <value>
                <![CDATA[standard_user]]>
              </value>
            </param>
            <param index="1">
              <value>
                <![CDATA[secret_sauce]]>
              </value>
            </param>
          </params>
          <reporter-output>
          </reporter-output>
        </test-method> <!-- Complete_Checkout_flow -->
        <test-method is-config="true" signature="AfterMethod()[pri:0, instance:maven.TC_005@7d20d0b]" started-at="2023-09-25T15:20:53 IST" name="AfterMethod" finished-at="2023-09-25T15:20:54 IST" duration-ms="1596" status="PASS">
          <reporter-output>
          </reporter-output>
        </test-method> <!-- AfterMethod -->
        <test-method is-config="true" signature="BeforeTC(java.lang.String)[pri:0, instance:maven.TC_005@7d20d0b]" started-at="2023-09-25T15:20:54 IST" name="BeforeTC" finished-at="2023-09-25T15:20:59 IST" duration-ms="4302" status="PASS">
          <params>
            <param index="0">
              <value>
                <![CDATA[Firefox]]>
              </value>
            </param>
          </params>
          <reporter-output>
          </reporter-output>
        </test-method> <!-- BeforeTC -->
        <test-method signature="Complete_Checkout_flow(java.lang.String,java.lang.String)[pri:0, instance:maven.TC_005@7d20d0b]" started-at="2023-09-25T15:20:59 IST" name="Complete_Checkout_flow" data-provider="credentials" finished-at="2023-09-25T15:21:15 IST" duration-ms="15982" status="FAIL">
          <params>
            <param index="0">
              <value>
                <![CDATA[problem_user]]>
              </value>
            </param>
            <param index="1">
              <value>
                <![CDATA[secret_sauce]]>
              </value>
            </param>
          </params>
          <exception class="org.openqa.selenium.NoSuchElementException">
            <message>
              <![CDATA[Unable to locate element: //div[@class='summary_info_label summary_total_label']
For documentation on this error, please visit: https://www.seleniumhq.org/exceptions/no_such_element.html
Build info: version: '3.141.59', revision: 'e82be7d358', time: '2018-11-14T08:17:03'
System info: host: 'BHARADWAJ-B6DD2', ip: '192.168.56.1', os.name: 'Windows 10', os.arch: 'amd64', os.version: '10.0', java.version: '20.0.1'
Driver info: org.openqa.selenium.firefox.FirefoxDriver
Capabilities {acceptInsecureCerts: true, browserName: firefox, browserVersion: 117.0.1, javascriptEnabled: true, moz:accessibilityChecks: false, moz:buildID: 20230912013654, moz:geckodriverVersion: 0.33.0, moz:headless: false, moz:platformVersion: 10.0, moz:processID: 22428, moz:profile: C:\Users\BHARAD~1.VIS\AppDa..., moz:shutdownTimeout: 60000, moz:webdriverClick: true, moz:windowless: false, pageLoadStrategy: normal, platform: WINDOWS, platformName: WINDOWS, proxy: Proxy(), setWindowRect: true, strictFileInteractability: false, timeouts: {implicit: 0, pageLoad: 300000, script: 30000}, unhandledPromptBehavior: dismiss and notify}
Session ID: 640c0b52-1143-4bb5-ac1c-766244f1eb5c
*** Element info: {Using=xpath, value=//div[@class='summary_info_label summary_total_label']}]]>
            </message>
            <full-stacktrace>
              <![CDATA[org.openqa.selenium.NoSuchElementException: Unable to locate element: //div[@class='summary_info_label summary_total_label']
For documentation on this error, please visit: https://www.seleniumhq.org/exceptions/no_such_element.html
Build info: version: '3.141.59', revision: 'e82be7d358', time: '2018-11-14T08:17:03'
System info: host: 'BHARADWAJ-B6DD2', ip: '192.168.56.1', os.name: 'Windows 10', os.arch: 'amd64', os.version: '10.0', java.version: '20.0.1'
Driver info: org.openqa.selenium.firefox.FirefoxDriver
Capabilities {acceptInsecureCerts: true, browserName: firefox, browserVersion: 117.0.1, javascriptEnabled: true, moz:accessibilityChecks: false, moz:buildID: 20230912013654, moz:geckodriverVersion: 0.33.0, moz:headless: false, moz:platformVersion: 10.0, moz:processID: 22428, moz:profile: C:\Users\BHARAD~1.VIS\AppDa..., moz:shutdownTimeout: 60000, moz:webdriverClick: true, moz:windowless: false, pageLoadStrategy: normal, platform: WINDOWS, platformName: WINDOWS, proxy: Proxy(), setWindowRect: true, strictFileInteractability: false, timeouts: {implicit: 0, pageLoad: 300000, script: 30000}, unhandledPromptBehavior: dismiss and notify}
Session ID: 640c0b52-1143-4bb5-ac1c-766244f1eb5c
*** Element info: {Using=xpath, value=//div[@class='summary_info_label summary_total_label']}
at java.base/jdk.internal.reflect.DirectConstructorHandleAccessor.newInstance(DirectConstructorHandleAccessor.java:67)
at java.base/java.lang.reflect.Constructor.newInstanceWithCaller(Constructor.java:500)
at java.base/java.lang.reflect.Constructor.newInstance(Constructor.java:484)
at org.openqa.selenium.remote.http.W3CHttpResponseCodec.createException(W3CHttpResponseCodec.java:187)
at org.openqa.selenium.remote.http.W3CHttpResponseCodec.decode(W3CHttpResponseCodec.java:122)
at org.openqa.selenium.remote.http.W3CHttpResponseCodec.decode(W3CHttpResponseCodec.java:49)
at org.openqa.selenium.remote.HttpCommandExecutor.execute(HttpCommandExecutor.java:158)
at org.openqa.selenium.remote.service.DriverCommandExecutor.execute(DriverCommandExecutor.java:83)
at org.openqa.selenium.remote.RemoteWebDriver.execute(RemoteWebDriver.java:552)
at org.openqa.selenium.remote.RemoteWebDriver.findElement(RemoteWebDriver.java:323)
at org.openqa.selenium.remote.RemoteWebDriver.findElementByXPath(RemoteWebDriver.java:428)
at org.openqa.selenium.By$ByXPath.findElement(By.java:353)
at org.openqa.selenium.remote.RemoteWebDriver.findElement(RemoteWebDriver.java:315)
at org.openqa.selenium.support.pagefactory.DefaultElementLocator.findElement(DefaultElementLocator.java:69)
at org.openqa.selenium.support.pagefactory.internal.LocatingElementHandler.invoke(LocatingElementHandler.java:38)
at jdk.proxy2/jdk.proxy2.$Proxy14.getText(Unknown Source)
at maven.TC_005.Complete_Checkout_flow(TC_005.java:37)
at java.base/jdk.internal.reflect.DirectMethodHandleAccessor.invoke(DirectMethodHandleAccessor.java:104)
at java.base/java.lang.reflect.Method.invoke(Method.java:578)
at org.testng.internal.invokers.MethodInvocationHelper.invokeMethod(MethodInvocationHelper.java:139)
at org.testng.internal.invokers.TestInvoker.invokeMethod(TestInvoker.java:664)
at org.testng.internal.invokers.TestInvoker.invokeTestMethod(TestInvoker.java:227)
at org.testng.internal.invokers.MethodRunner.runInSequence(MethodRunner.java:50)
at org.testng.internal.invokers.TestInvoker$MethodInvocationAgent.invoke(TestInvoker.java:957)
at org.testng.internal.invokers.TestInvoker.invokeTestMethods(TestInvoker.java:200)
at org.testng.internal.invokers.TestMethodWorker.invokeTestMethods(TestMethodWorker.java:148)
at org.testng.internal.invokers.TestMethodWorker.run(TestMethodWorker.java:128)
at java.base/java.util.ArrayList.forEach(ArrayList.java:1511)
at org.testng.TestRunner.privateRun(TestRunner.java:848)
at org.testng.TestRunner.run(TestRunner.java:621)
at org.testng.SuiteRunner.runTest(SuiteRunner.java:443)
at org.testng.SuiteRunner.runSequentially(SuiteRunner.java:437)
at org.testng.SuiteRunner.privateRun(SuiteRunner.java:397)
at org.testng.SuiteRunner.run(SuiteRunner.java:336)
at org.testng.SuiteRunnerWorker.runSuite(SuiteRunnerWorker.java:52)
at org.testng.SuiteRunnerWorker.run(SuiteRunnerWorker.java:95)
at org.testng.TestNG.runSuitesSequentially(TestNG.java:1280)
at org.testng.TestNG.runSuitesLocally(TestNG.java:1200)
at org.testng.TestNG.runSuites(TestNG.java:1114)
at org.testng.TestNG.run(TestNG.java:1082)
at org.testng.remote.AbstractRemoteTestNG.run(AbstractRemoteTestNG.java:115)
at org.testng.remote.RemoteTestNG.initAndRun(RemoteTestNG.java:251)
at org.testng.remote.RemoteTestNG.main(RemoteTestNG.java:77)
]]>
            </full-stacktrace>
          </exception> <!-- org.openqa.selenium.NoSuchElementException -->
          <reporter-output>
          </reporter-output>
        </test-method> <!-- Complete_Checkout_flow -->
        <test-method is-config="true" signature="AfterMethod()[pri:0, instance:maven.TC_005@7d20d0b]" started-at="2023-09-25T15:21:15 IST" name="AfterMethod" finished-at="2023-09-25T15:21:16 IST" duration-ms="1538" status="PASS">
          <reporter-output>
          </reporter-output>
        </test-method> <!-- AfterMethod -->
        <test-method is-config="true" signature="BeforeTC(java.lang.String)[pri:0, instance:maven.TC_005@7d20d0b]" started-at="2023-09-25T15:21:16 IST" name="BeforeTC" finished-at="2023-09-25T15:21:21 IST" duration-ms="4206" status="PASS">
          <params>
            <param index="0">
              <value>
                <![CDATA[Firefox]]>
              </value>
            </param>
          </params>
          <reporter-output>
          </reporter-output>
        </test-method> <!-- BeforeTC -->
        <test-method signature="Complete_Checkout_flow(java.lang.String,java.lang.String)[pri:0, instance:maven.TC_005@7d20d0b]" started-at="2023-09-25T15:21:21 IST" name="Complete_Checkout_flow" data-provider="credentials" finished-at="2023-09-25T15:21:38 IST" duration-ms="16905" status="PASS">
          <params>
            <param index="0">
              <value>
                <![CDATA[performance_glitch_user]]>
              </value>
            </param>
            <param index="1">
              <value>
                <![CDATA[secret_sauce]]>
              </value>
            </param>
          </params>
          <reporter-output>
          </reporter-output>
        </test-method> <!-- Complete_Checkout_flow -->
        <test-method is-config="true" signature="AfterMethod()[pri:0, instance:maven.TC_005@7d20d0b]" started-at="2023-09-25T15:21:38 IST" name="AfterMethod" finished-at="2023-09-25T15:21:40 IST" duration-ms="2290" status="PASS">
          <reporter-output>
          </reporter-output>
        </test-method> <!-- AfterMethod -->
      </class> <!-- maven.TC_005 -->
      <class name="maven.TC_006">
        <test-method is-config="true" signature="BeforeTC(java.lang.String)[pri:0, instance:maven.TC_006@77f1baf5]" started-at="2023-09-25T15:21:40 IST" name="BeforeTC" finished-at="2023-09-25T15:21:44 IST" duration-ms="4472" status="PASS">
          <params>
            <param index="0">
              <value>
                <![CDATA[Firefox]]>
              </value>
            </param>
          </params>
          <reporter-output>
          </reporter-output>
        </test-method> <!-- BeforeTC -->
        <test-method signature="validate_error_Message_incheckoutinfopage(java.lang.String,java.lang.String)[pri:0, instance:maven.TC_006@77f1baf5]" started-at="2023-09-25T15:21:44 IST" name="validate_error_Message_incheckoutinfopage" data-provider="credentials" finished-at="2023-09-25T15:21:56 IST" duration-ms="11824" status="PASS">
          <params>
            <param index="0">
              <value>
                <![CDATA[standard_user]]>
              </value>
            </param>
            <param index="1">
              <value>
                <![CDATA[secret_sauce]]>
              </value>
            </param>
          </params>
          <reporter-output>
          </reporter-output>
        </test-method> <!-- validate_error_Message_incheckoutinfopage -->
        <test-method is-config="true" signature="AfterMethod()[pri:0, instance:maven.TC_006@77f1baf5]" started-at="2023-09-25T15:21:56 IST" name="AfterMethod" finished-at="2023-09-25T15:21:58 IST" duration-ms="1382" status="PASS">
          <reporter-output>
          </reporter-output>
        </test-method> <!-- AfterMethod -->
        <test-method is-config="true" signature="BeforeTC(java.lang.String)[pri:0, instance:maven.TC_006@77f1baf5]" started-at="2023-09-25T15:21:58 IST" name="BeforeTC" finished-at="2023-09-25T15:22:02 IST" duration-ms="4443" status="PASS">
          <params>
            <param index="0">
              <value>
                <![CDATA[Firefox]]>
              </value>
            </param>
          </params>
          <reporter-output>
          </reporter-output>
        </test-method> <!-- BeforeTC -->
        <test-method signature="validate_error_Message_incheckoutinfopage(java.lang.String,java.lang.String)[pri:0, instance:maven.TC_006@77f1baf5]" started-at="2023-09-25T15:22:02 IST" name="validate_error_Message_incheckoutinfopage" data-provider="credentials" finished-at="2023-09-25T15:22:14 IST" duration-ms="11842" status="PASS">
          <params>
            <param index="0">
              <value>
                <![CDATA[problem_user]]>
              </value>
            </param>
            <param index="1">
              <value>
                <![CDATA[secret_sauce]]>
              </value>
            </param>
          </params>
          <reporter-output>
          </reporter-output>
        </test-method> <!-- validate_error_Message_incheckoutinfopage -->
        <test-method is-config="true" signature="AfterMethod()[pri:0, instance:maven.TC_006@77f1baf5]" started-at="2023-09-25T15:22:14 IST" name="AfterMethod" finished-at="2023-09-25T15:22:15 IST" duration-ms="1486" status="PASS">
          <reporter-output>
          </reporter-output>
        </test-method> <!-- AfterMethod -->
        <test-method is-config="true" signature="BeforeTC(java.lang.String)[pri:0, instance:maven.TC_006@77f1baf5]" started-at="2023-09-25T15:22:15 IST" name="BeforeTC" finished-at="2023-09-25T15:22:20 IST" duration-ms="4422" status="PASS">
          <params>
            <param index="0">
              <value>
                <![CDATA[Firefox]]>
              </value>
            </param>
          </params>
          <reporter-output>
          </reporter-output>
        </test-method> <!-- BeforeTC -->
        <test-method signature="validate_error_Message_incheckoutinfopage(java.lang.String,java.lang.String)[pri:0, instance:maven.TC_006@77f1baf5]" started-at="2023-09-25T15:22:20 IST" name="validate_error_Message_incheckoutinfopage" data-provider="credentials" finished-at="2023-09-25T15:22:37 IST" duration-ms="16989" status="PASS">
          <params>
            <param index="0">
              <value>
                <![CDATA[performance_glitch_user]]>
              </value>
            </param>
            <param index="1">
              <value>
                <![CDATA[secret_sauce]]>
              </value>
            </param>
          </params>
          <reporter-output>
          </reporter-output>
        </test-method> <!-- validate_error_Message_incheckoutinfopage -->
        <test-method is-config="true" signature="AfterMethod()[pri:0, instance:maven.TC_006@77f1baf5]" started-at="2023-09-25T15:22:37 IST" name="AfterMethod" finished-at="2023-09-25T15:22:39 IST" duration-ms="1946" status="PASS">
          <reporter-output>
          </reporter-output>
        </test-method> <!-- AfterMethod -->
      </class> <!-- maven.TC_006 -->
      <class name="maven.TC_001">
        <test-method is-config="true" signature="BeforeTC(java.lang.String)[pri:0, instance:maven.TC_001@1fa121e2]" started-at="2023-09-25T15:18:50 IST" name="BeforeTC" finished-at="2023-09-25T15:18:56 IST" duration-ms="5900" status="PASS">
          <params>
            <param index="0">
              <value>
                <![CDATA[Firefox]]>
              </value>
            </param>
          </params>
          <reporter-output>
          </reporter-output>
        </test-method> <!-- BeforeTC -->
        <test-method signature="Verify_Url_and_login(java.lang.String,java.lang.String)[pri:0, instance:maven.TC_001@1fa121e2]" started-at="2023-09-25T15:18:56 IST" name="Verify_Url_and_login" data-provider="credentials" finished-at="2023-09-25T15:18:57 IST" duration-ms="1257" status="PASS">
          <params>
            <param index="0">
              <value>
                <![CDATA[standard_user]]>
              </value>
            </param>
            <param index="1">
              <value>
                <![CDATA[secret_sauce]]>
              </value>
            </param>
          </params>
          <reporter-output>
          </reporter-output>
        </test-method> <!-- Verify_Url_and_login -->
        <test-method is-config="true" signature="AfterMethod()[pri:0, instance:maven.TC_001@1fa121e2]" started-at="2023-09-25T15:18:57 IST" name="AfterMethod" finished-at="2023-09-25T15:18:59 IST" duration-ms="1304" status="PASS">
          <reporter-output>
          </reporter-output>
        </test-method> <!-- AfterMethod -->
        <test-method is-config="true" signature="BeforeTC(java.lang.String)[pri:0, instance:maven.TC_001@1fa121e2]" started-at="2023-09-25T15:18:59 IST" name="BeforeTC" finished-at="2023-09-25T15:19:03 IST" duration-ms="4425" status="PASS">
          <params>
            <param index="0">
              <value>
                <![CDATA[Firefox]]>
              </value>
            </param>
          </params>
          <reporter-output>
          </reporter-output>
        </test-method> <!-- BeforeTC -->
        <test-method signature="Verify_Url_and_login(java.lang.String,java.lang.String)[pri:0, instance:maven.TC_001@1fa121e2]" started-at="2023-09-25T15:19:03 IST" name="Verify_Url_and_login" data-provider="credentials" finished-at="2023-09-25T15:19:04 IST" duration-ms="1098" status="PASS">
          <params>
            <param index="0">
              <value>
                <![CDATA[problem_user]]>
              </value>
            </param>
            <param index="1">
              <value>
                <![CDATA[secret_sauce]]>
              </value>
            </param>
          </params>
          <reporter-output>
          </reporter-output>
        </test-method> <!-- Verify_Url_and_login -->
        <test-method is-config="true" signature="AfterMethod()[pri:0, instance:maven.TC_001@1fa121e2]" started-at="2023-09-25T15:19:04 IST" name="AfterMethod" finished-at="2023-09-25T15:19:05 IST" duration-ms="1243" status="PASS">
          <reporter-output>
          </reporter-output>
        </test-method> <!-- AfterMethod -->
        <test-method is-config="true" signature="BeforeTC(java.lang.String)[pri:0, instance:maven.TC_001@1fa121e2]" started-at="2023-09-25T15:19:05 IST" name="BeforeTC" finished-at="2023-09-25T15:19:10 IST" duration-ms="4401" status="PASS">
          <params>
            <param index="0">
              <value>
                <![CDATA[Firefox]]>
              </value>
            </param>
          </params>
          <reporter-output>
          </reporter-output>
        </test-method> <!-- BeforeTC -->
        <test-method signature="Verify_Url_and_login(java.lang.String,java.lang.String)[pri:0, instance:maven.TC_001@1fa121e2]" started-at="2023-09-25T15:19:10 IST" name="Verify_Url_and_login" data-provider="credentials" finished-at="2023-09-25T15:19:16 IST" duration-ms="6138" status="PASS">
          <params>
            <param index="0">
              <value>
                <![CDATA[performance_glitch_user]]>
              </value>
            </param>
            <param index="1">
              <value>
                <![CDATA[secret_sauce]]>
              </value>
            </param>
          </params>
          <reporter-output>
          </reporter-output>
        </test-method> <!-- Verify_Url_and_login -->
        <test-method is-config="true" signature="AfterMethod()[pri:0, instance:maven.TC_001@1fa121e2]" started-at="2023-09-25T15:19:16 IST" name="AfterMethod" finished-at="2023-09-25T15:19:17 IST" duration-ms="1337" status="PASS">
          <reporter-output>
          </reporter-output>
        </test-method> <!-- AfterMethod -->
      </class> <!-- maven.TC_001 -->
      <class name="maven.TC_002">
        <test-method is-config="true" signature="BeforeTC(java.lang.String)[pri:0, instance:maven.TC_002@7770f470]" started-at="2023-09-25T15:19:17 IST" name="BeforeTC" finished-at="2023-09-25T15:19:22 IST" duration-ms="4702" status="PASS">
          <params>
            <param index="0">
              <value>
                <![CDATA[Firefox]]>
              </value>
            </param>
          </params>
          <reporter-output>
          </reporter-output>
        </test-method> <!-- BeforeTC -->
        <test-method signature="VerifyinvalidLogin()[pri:0, instance:maven.TC_002@7770f470]" started-at="2023-09-25T15:19:22 IST" name="VerifyinvalidLogin" finished-at="2023-09-25T15:19:23 IST" duration-ms="565" status="PASS">
          <reporter-output>
          </reporter-output>
        </test-method> <!-- VerifyinvalidLogin -->
        <test-method is-config="true" signature="AfterMethod()[pri:0, instance:maven.TC_002@7770f470]" started-at="2023-09-25T15:19:23 IST" name="AfterMethod" finished-at="2023-09-25T15:19:24 IST" duration-ms="1368" status="PASS">
          <reporter-output>
          </reporter-output>
        </test-method> <!-- AfterMethod -->
      </class> <!-- maven.TC_002 -->
      <class name="maven.TC_003">
        <test-method is-config="true" signature="BeforeTC(java.lang.String)[pri:0, instance:maven.TC_003@5e5d171f]" started-at="2023-09-25T15:19:24 IST" name="BeforeTC" finished-at="2023-09-25T15:19:28 IST" duration-ms="4323" status="PASS">
          <params>
            <param index="0">
              <value>
                <![CDATA[Firefox]]>
              </value>
            </param>
          </params>
          <reporter-output>
          </reporter-output>
        </test-method> <!-- BeforeTC -->
        <test-method signature="Addcartandverifythecount(java.lang.String,java.lang.String)[pri:0, instance:maven.TC_003@5e5d171f]" started-at="2023-09-25T15:19:28 IST" name="Addcartandverifythecount" data-provider="credentials" finished-at="2023-09-25T15:19:37 IST" duration-ms="8908" status="PASS">
          <params>
            <param index="0">
              <value>
                <![CDATA[standard_user]]>
              </value>
            </param>
            <param index="1">
              <value>
                <![CDATA[secret_sauce]]>
              </value>
            </param>
          </params>
          <reporter-output>
          </reporter-output>
        </test-method> <!-- Addcartandverifythecount -->
        <test-method is-config="true" signature="AfterMethod()[pri:0, instance:maven.TC_003@5e5d171f]" started-at="2023-09-25T15:19:37 IST" name="AfterMethod" finished-at="2023-09-25T15:19:39 IST" duration-ms="1402" status="PASS">
          <reporter-output>
          </reporter-output>
        </test-method> <!-- AfterMethod -->
        <test-method is-config="true" signature="BeforeTC(java.lang.String)[pri:0, instance:maven.TC_003@5e5d171f]" started-at="2023-09-25T15:19:39 IST" name="BeforeTC" finished-at="2023-09-25T15:19:43 IST" duration-ms="4740" status="PASS">
          <params>
            <param index="0">
              <value>
                <![CDATA[Firefox]]>
              </value>
            </param>
          </params>
          <reporter-output>
          </reporter-output>
        </test-method> <!-- BeforeTC -->
        <test-method signature="Addcartandverifythecount(java.lang.String,java.lang.String)[pri:0, instance:maven.TC_003@5e5d171f]" started-at="2023-09-25T15:19:43 IST" name="Addcartandverifythecount" data-provider="credentials" finished-at="2023-09-25T15:19:52 IST" duration-ms="8145" status="FAIL">
          <params>
            <param index="0">
              <value>
                <![CDATA[problem_user]]>
              </value>
            </param>
            <param index="1">
              <value>
                <![CDATA[secret_sauce]]>
              </value>
            </param>
          </params>
          <exception class="java.lang.AssertionError">
            <message>
              <![CDATA[The Login is:problem_user secret_sauce expected [6] but found [3]]]>
            </message>
            <full-stacktrace>
              <![CDATA[java.lang.AssertionError: The Login is:problem_user secret_sauce expected [6] but found [3]
at org.testng.Assert.fail(Assert.java:111)
at org.testng.Assert.failNotEquals(Assert.java:1578)
at org.testng.Assert.assertEqualsImpl(Assert.java:150)
at org.testng.Assert.assertEquals(Assert.java:132)
at org.testng.Assert.assertEquals(Assert.java:656)
at maven.TC_003.Addcartandverifythecount(TC_003.java:41)
at java.base/jdk.internal.reflect.DirectMethodHandleAccessor.invoke(DirectMethodHandleAccessor.java:104)
at java.base/java.lang.reflect.Method.invoke(Method.java:578)
at org.testng.internal.invokers.MethodInvocationHelper.invokeMethod(MethodInvocationHelper.java:139)
at org.testng.internal.invokers.TestInvoker.invokeMethod(TestInvoker.java:664)
at org.testng.internal.invokers.TestInvoker.invokeTestMethod(TestInvoker.java:227)
at org.testng.internal.invokers.MethodRunner.runInSequence(MethodRunner.java:50)
at org.testng.internal.invokers.TestInvoker$MethodInvocationAgent.invoke(TestInvoker.java:957)
at org.testng.internal.invokers.TestInvoker.invokeTestMethods(TestInvoker.java:200)
at org.testng.internal.invokers.TestMethodWorker.invokeTestMethods(TestMethodWorker.java:148)
at org.testng.internal.invokers.TestMethodWorker.run(TestMethodWorker.java:128)
at java.base/java.util.ArrayList.forEach(ArrayList.java:1511)
at org.testng.TestRunner.privateRun(TestRunner.java:848)
at org.testng.TestRunner.run(TestRunner.java:621)
at org.testng.SuiteRunner.runTest(SuiteRunner.java:443)
at org.testng.SuiteRunner.runSequentially(SuiteRunner.java:437)
at org.testng.SuiteRunner.privateRun(SuiteRunner.java:397)
at org.testng.SuiteRunner.run(SuiteRunner.java:336)
at org.testng.SuiteRunnerWorker.runSuite(SuiteRunnerWorker.java:52)
at org.testng.SuiteRunnerWorker.run(SuiteRunnerWorker.java:95)
at org.testng.TestNG.runSuitesSequentially(TestNG.java:1280)
at org.testng.TestNG.runSuitesLocally(TestNG.java:1200)
at org.testng.TestNG.runSuites(TestNG.java:1114)
at org.testng.TestNG.run(TestNG.java:1082)
at org.testng.remote.AbstractRemoteTestNG.run(AbstractRemoteTestNG.java:115)
at org.testng.remote.RemoteTestNG.initAndRun(RemoteTestNG.java:251)
at org.testng.remote.RemoteTestNG.main(RemoteTestNG.java:77)
]]>
            </full-stacktrace>
          </exception> <!-- java.lang.AssertionError -->
          <reporter-output>
          </reporter-output>
        </test-method> <!-- Addcartandverifythecount -->
        <test-method is-config="true" signature="AfterMethod()[pri:0, instance:maven.TC_003@5e5d171f]" started-at="2023-09-25T15:19:52 IST" name="AfterMethod" finished-at="2023-09-25T15:19:53 IST" duration-ms="1411" status="PASS">
          <reporter-output>
          </reporter-output>
        </test-method> <!-- AfterMethod -->
        <test-method is-config="true" signature="BeforeTC(java.lang.String)[pri:0, instance:maven.TC_003@5e5d171f]" started-at="2023-09-25T15:19:53 IST" name="BeforeTC" finished-at="2023-09-25T15:19:58 IST" duration-ms="4426" status="PASS">
          <params>
            <param index="0">
              <value>
                <![CDATA[Firefox]]>
              </value>
            </param>
          </params>
          <reporter-output>
          </reporter-output>
        </test-method> <!-- BeforeTC -->
        <test-method signature="Addcartandverifythecount(java.lang.String,java.lang.String)[pri:0, instance:maven.TC_003@5e5d171f]" started-at="2023-09-25T15:19:58 IST" name="Addcartandverifythecount" data-provider="credentials" finished-at="2023-09-25T15:20:11 IST" duration-ms="13829" status="PASS">
          <params>
            <param index="0">
              <value>
                <![CDATA[performance_glitch_user]]>
              </value>
            </param>
            <param index="1">
              <value>
                <![CDATA[secret_sauce]]>
              </value>
            </param>
          </params>
          <reporter-output>
          </reporter-output>
        </test-method> <!-- Addcartandverifythecount -->
        <test-method is-config="true" signature="AfterMethod()[pri:0, instance:maven.TC_003@5e5d171f]" started-at="2023-09-25T15:20:11 IST" name="AfterMethod" finished-at="2023-09-25T15:20:13 IST" duration-ms="1422" status="PASS">
          <reporter-output>
          </reporter-output>
        </test-method> <!-- AfterMethod -->
      </class> <!-- maven.TC_003 -->
      <class name="maven.TC_004">
        <test-method is-config="true" signature="BeforeTC(java.lang.String)[pri:0, instance:maven.TC_004@24313fcc]" started-at="2023-09-25T15:20:13 IST" name="BeforeTC" finished-at="2023-09-25T15:20:17 IST" duration-ms="4315" status="PASS">
          <params>
            <param index="0">
              <value>
                <![CDATA[Firefox]]>
              </value>
            </param>
          </params>
          <reporter-output>
          </reporter-output>
        </test-method> <!-- BeforeTC -->
        <test-method signature="Get_Products_name_and_price(java.lang.String,java.lang.String)[pri:0, instance:maven.TC_004@24313fcc]" started-at="2023-09-25T15:20:17 IST" name="Get_Products_name_and_price" data-provider="credentials" finished-at="2023-09-25T15:20:19 IST" duration-ms="1776" status="PASS">
          <params>
            <param index="0">
              <value>
                <![CDATA[standard_user]]>
              </value>
            </param>
            <param index="1">
              <value>
                <![CDATA[secret_sauce]]>
              </value>
            </param>
          </params>
          <reporter-output>
          </reporter-output>
        </test-method> <!-- Get_Products_name_and_price -->
        <test-method is-config="true" signature="AfterMethod()[pri:0, instance:maven.TC_004@24313fcc]" started-at="2023-09-25T15:20:19 IST" name="AfterMethod" finished-at="2023-09-25T15:20:21 IST" duration-ms="1652" status="PASS">
          <reporter-output>
          </reporter-output>
        </test-method> <!-- AfterMethod -->
        <test-method is-config="true" signature="BeforeTC(java.lang.String)[pri:0, instance:maven.TC_004@24313fcc]" started-at="2023-09-25T15:20:21 IST" name="BeforeTC" finished-at="2023-09-25T15:20:25 IST" duration-ms="4530" status="PASS">
          <params>
            <param index="0">
              <value>
                <![CDATA[Firefox]]>
              </value>
            </param>
          </params>
          <reporter-output>
          </reporter-output>
        </test-method> <!-- BeforeTC -->
        <test-method signature="Get_Products_name_and_price(java.lang.String,java.lang.String)[pri:0, instance:maven.TC_004@24313fcc]" started-at="2023-09-25T15:20:25 IST" name="Get_Products_name_and_price" data-provider="credentials" finished-at="2023-09-25T15:20:27 IST" duration-ms="1840" status="PASS">
          <params>
            <param index="0">
              <value>
                <![CDATA[problem_user]]>
              </value>
            </param>
            <param index="1">
              <value>
                <![CDATA[secret_sauce]]>
              </value>
            </param>
          </params>
          <reporter-output>
          </reporter-output>
        </test-method> <!-- Get_Products_name_and_price -->
        <test-method is-config="true" signature="AfterMethod()[pri:0, instance:maven.TC_004@24313fcc]" started-at="2023-09-25T15:20:27 IST" name="AfterMethod" finished-at="2023-09-25T15:20:28 IST" duration-ms="1245" status="PASS">
          <reporter-output>
          </reporter-output>
        </test-method> <!-- AfterMethod -->
        <test-method is-config="true" signature="BeforeTC(java.lang.String)[pri:0, instance:maven.TC_004@24313fcc]" started-at="2023-09-25T15:20:28 IST" name="BeforeTC" finished-at="2023-09-25T15:20:33 IST" duration-ms="4955" status="PASS">
          <params>
            <param index="0">
              <value>
                <![CDATA[Firefox]]>
              </value>
            </param>
          </params>
          <reporter-output>
          </reporter-output>
        </test-method> <!-- BeforeTC -->
        <test-method signature="Get_Products_name_and_price(java.lang.String,java.lang.String)[pri:0, instance:maven.TC_004@24313fcc]" started-at="2023-09-25T15:20:33 IST" name="Get_Products_name_and_price" data-provider="credentials" finished-at="2023-09-25T15:20:40 IST" duration-ms="7196" status="PASS">
          <params>
            <param index="0">
              <value>
                <![CDATA[performance_glitch_user]]>
              </value>
            </param>
            <param index="1">
              <value>
                <![CDATA[secret_sauce]]>
              </value>
            </param>
          </params>
          <reporter-output>
          </reporter-output>
        </test-method> <!-- Get_Products_name_and_price -->
        <test-method is-config="true" signature="AfterMethod()[pri:0, instance:maven.TC_004@24313fcc]" started-at="2023-09-25T15:20:40 IST" name="AfterMethod" finished-at="2023-09-25T15:20:42 IST" duration-ms="1568" status="PASS">
          <reporter-output>
          </reporter-output>
        </test-method> <!-- AfterMethod -->
      </class> <!-- maven.TC_004 -->
    </test> <!-- Run on Firefox -->
    <test started-at="2023-09-25T15:22:39 IST" name="Run on Edge" finished-at="2023-09-25T15:25:34 IST" duration-ms="174699">
      <class name="maven.TC_005">
        <test-method is-config="true" signature="BeforeTC(java.lang.String)[pri:0, instance:maven.TC_005@2e377400]" started-at="2023-09-25T15:24:00 IST" name="BeforeTC" finished-at="2023-09-25T15:24:02 IST" duration-ms="2017" status="PASS">
          <params>
            <param index="0">
              <value>
                <![CDATA[Edge]]>
              </value>
            </param>
          </params>
          <reporter-output>
          </reporter-output>
        </test-method> <!-- BeforeTC -->
        <test-method signature="Complete_Checkout_flow(java.lang.String,java.lang.String)[pri:0, instance:maven.TC_005@2e377400]" started-at="2023-09-25T15:24:02 IST" name="Complete_Checkout_flow" data-provider="credentials" finished-at="2023-09-25T15:24:08 IST" duration-ms="5560" status="PASS">
          <params>
            <param index="0">
              <value>
                <![CDATA[standard_user]]>
              </value>
            </param>
            <param index="1">
              <value>
                <![CDATA[secret_sauce]]>
              </value>
            </param>
          </params>
          <reporter-output>
          </reporter-output>
        </test-method> <!-- Complete_Checkout_flow -->
        <test-method is-config="true" signature="AfterMethod()[pri:0, instance:maven.TC_005@2e377400]" started-at="2023-09-25T15:24:08 IST" name="AfterMethod" finished-at="2023-09-25T15:24:09 IST" duration-ms="575" status="PASS">
          <reporter-output>
          </reporter-output>
        </test-method> <!-- AfterMethod -->
        <test-method is-config="true" signature="BeforeTC(java.lang.String)[pri:0, instance:maven.TC_005@2e377400]" started-at="2023-09-25T15:24:09 IST" name="BeforeTC" finished-at="2023-09-25T15:24:12 IST" duration-ms="3642" status="PASS">
          <params>
            <param index="0">
              <value>
                <![CDATA[Edge]]>
              </value>
            </param>
          </params>
          <reporter-output>
          </reporter-output>
        </test-method> <!-- BeforeTC -->
        <test-method signature="Complete_Checkout_flow(java.lang.String,java.lang.String)[pri:0, instance:maven.TC_005@2e377400]" started-at="2023-09-25T15:24:12 IST" name="Complete_Checkout_flow" data-provider="credentials" finished-at="2023-09-25T15:24:27 IST" duration-ms="14527" status="FAIL">
          <params>
            <param index="0">
              <value>
                <![CDATA[problem_user]]>
              </value>
            </param>
            <param index="1">
              <value>
                <![CDATA[secret_sauce]]>
              </value>
            </param>
          </params>
          <exception class="org.openqa.selenium.NoSuchElementException">
            <message>
              <![CDATA[no such element: Unable to locate element: {"method":"xpath","selector":"//div[@class='summary_info_label summary_total_label']"}
  (Session info: MicrosoftEdge=117.0.2045.36)
For documentation on this error, please visit: https://www.seleniumhq.org/exceptions/no_such_element.html
Build info: version: '3.141.59', revision: 'e82be7d358', time: '2018-11-14T08:17:03'
System info: host: 'BHARADWAJ-B6DD2', ip: '192.168.56.1', os.name: 'Windows 10', os.arch: 'amd64', os.version: '10.0', java.version: '20.0.1'
Driver info: org.openqa.selenium.edge.EdgeDriver
Capabilities {acceptInsecureCerts: false, browserName: msedge, browserVersion: 117.0.2045.36, fedcm:accounts: true, javascriptEnabled: true, ms:edgeOptions: {debuggerAddress: localhost:58177}, msedge: {msedgedriverVersion: 117.0.2045.41 (b895513e9807..., userDataDir: C:\Users\BHARAD~1.VIS\AppDa...}, networkConnectionEnabled: false, pageLoadStrategy: normal, platform: WINDOWS, platformName: WINDOWS, proxy: Proxy(), setWindowRect: true, strictFileInteractability: false, timeouts: {implicit: 0, pageLoad: 300000, script: 30000}, unhandledPromptBehavior: dismiss and notify, webauthn:extension:credBlob: true, webauthn:extension:largeBlob: true, webauthn:extension:minPinLength: true, webauthn:extension:prf: true, webauthn:virtualAuthenticators: true}
Session ID: 72608d486d8c118fd45d5ce16e40e060
*** Element info: {Using=xpath, value=//div[@class='summary_info_label summary_total_label']}]]>
            </message>
            <full-stacktrace>
              <![CDATA[org.openqa.selenium.NoSuchElementException: no such element: Unable to locate element: {"method":"xpath","selector":"//div[@class='summary_info_label summary_total_label']"}
  (Session info: MicrosoftEdge=117.0.2045.36)
For documentation on this error, please visit: https://www.seleniumhq.org/exceptions/no_such_element.html
Build info: version: '3.141.59', revision: 'e82be7d358', time: '2018-11-14T08:17:03'
System info: host: 'BHARADWAJ-B6DD2', ip: '192.168.56.1', os.name: 'Windows 10', os.arch: 'amd64', os.version: '10.0', java.version: '20.0.1'
Driver info: org.openqa.selenium.edge.EdgeDriver
Capabilities {acceptInsecureCerts: false, browserName: msedge, browserVersion: 117.0.2045.36, fedcm:accounts: true, javascriptEnabled: true, ms:edgeOptions: {debuggerAddress: localhost:58177}, msedge: {msedgedriverVersion: 117.0.2045.41 (b895513e9807..., userDataDir: C:\Users\BHARAD~1.VIS\AppDa...}, networkConnectionEnabled: false, pageLoadStrategy: normal, platform: WINDOWS, platformName: WINDOWS, proxy: Proxy(), setWindowRect: true, strictFileInteractability: false, timeouts: {implicit: 0, pageLoad: 300000, script: 30000}, unhandledPromptBehavior: dismiss and notify, webauthn:extension:credBlob: true, webauthn:extension:largeBlob: true, webauthn:extension:minPinLength: true, webauthn:extension:prf: true, webauthn:virtualAuthenticators: true}
Session ID: 72608d486d8c118fd45d5ce16e40e060
*** Element info: {Using=xpath, value=//div[@class='summary_info_label summary_total_label']}
at java.base/jdk.internal.reflect.DirectConstructorHandleAccessor.newInstance(DirectConstructorHandleAccessor.java:67)
at java.base/java.lang.reflect.Constructor.newInstanceWithCaller(Constructor.java:500)
at java.base/java.lang.reflect.Constructor.newInstance(Constructor.java:484)
at org.openqa.selenium.remote.http.W3CHttpResponseCodec.createException(W3CHttpResponseCodec.java:187)
at org.openqa.selenium.remote.http.W3CHttpResponseCodec.decode(W3CHttpResponseCodec.java:122)
at org.openqa.selenium.remote.http.W3CHttpResponseCodec.decode(W3CHttpResponseCodec.java:49)
at org.openqa.selenium.remote.HttpCommandExecutor.execute(HttpCommandExecutor.java:158)
at org.openqa.selenium.remote.service.DriverCommandExecutor.execute(DriverCommandExecutor.java:83)
at org.openqa.selenium.remote.RemoteWebDriver.execute(RemoteWebDriver.java:552)
at org.openqa.selenium.remote.RemoteWebDriver.findElement(RemoteWebDriver.java:323)
at org.openqa.selenium.remote.RemoteWebDriver.findElementByXPath(RemoteWebDriver.java:428)
at org.openqa.selenium.By$ByXPath.findElement(By.java:353)
at org.openqa.selenium.remote.RemoteWebDriver.findElement(RemoteWebDriver.java:315)
at org.openqa.selenium.support.pagefactory.DefaultElementLocator.findElement(DefaultElementLocator.java:69)
at org.openqa.selenium.support.pagefactory.internal.LocatingElementHandler.invoke(LocatingElementHandler.java:38)
at jdk.proxy2/jdk.proxy2.$Proxy14.getText(Unknown Source)
at maven.TC_005.Complete_Checkout_flow(TC_005.java:37)
at java.base/jdk.internal.reflect.DirectMethodHandleAccessor.invoke(DirectMethodHandleAccessor.java:104)
at java.base/java.lang.reflect.Method.invoke(Method.java:578)
at org.testng.internal.invokers.MethodInvocationHelper.invokeMethod(MethodInvocationHelper.java:139)
at org.testng.internal.invokers.TestInvoker.invokeMethod(TestInvoker.java:664)
at org.testng.internal.invokers.TestInvoker.invokeTestMethod(TestInvoker.java:227)
at org.testng.internal.invokers.MethodRunner.runInSequence(MethodRunner.java:50)
at org.testng.internal.invokers.TestInvoker$MethodInvocationAgent.invoke(TestInvoker.java:957)
at org.testng.internal.invokers.TestInvoker.invokeTestMethods(TestInvoker.java:200)
at org.testng.internal.invokers.TestMethodWorker.invokeTestMethods(TestMethodWorker.java:148)
at org.testng.internal.invokers.TestMethodWorker.run(TestMethodWorker.java:128)
at java.base/java.util.ArrayList.forEach(ArrayList.java:1511)
at org.testng.TestRunner.privateRun(TestRunner.java:848)
at org.testng.TestRunner.run(TestRunner.java:621)
at org.testng.SuiteRunner.runTest(SuiteRunner.java:443)
at org.testng.SuiteRunner.runSequentially(SuiteRunner.java:437)
at org.testng.SuiteRunner.privateRun(SuiteRunner.java:397)
at org.testng.SuiteRunner.run(SuiteRunner.java:336)
at org.testng.SuiteRunnerWorker.runSuite(SuiteRunnerWorker.java:52)
at org.testng.SuiteRunnerWorker.run(SuiteRunnerWorker.java:95)
at org.testng.TestNG.runSuitesSequentially(TestNG.java:1280)
at org.testng.TestNG.runSuitesLocally(TestNG.java:1200)
at org.testng.TestNG.runSuites(TestNG.java:1114)
at org.testng.TestNG.run(TestNG.java:1082)
at org.testng.remote.AbstractRemoteTestNG.run(AbstractRemoteTestNG.java:115)
at org.testng.remote.RemoteTestNG.initAndRun(RemoteTestNG.java:251)
at org.testng.remote.RemoteTestNG.main(RemoteTestNG.java:77)
]]>
            </full-stacktrace>
          </exception> <!-- org.openqa.selenium.NoSuchElementException -->
          <reporter-output>
          </reporter-output>
        </test-method> <!-- Complete_Checkout_flow -->
        <test-method is-config="true" signature="AfterMethod()[pri:0, instance:maven.TC_005@2e377400]" started-at="2023-09-25T15:24:27 IST" name="AfterMethod" finished-at="2023-09-25T15:24:27 IST" duration-ms="389" status="PASS">
          <reporter-output>
          </reporter-output>
        </test-method> <!-- AfterMethod -->
        <test-method is-config="true" signature="BeforeTC(java.lang.String)[pri:0, instance:maven.TC_005@2e377400]" started-at="2023-09-25T15:24:27 IST" name="BeforeTC" finished-at="2023-09-25T15:24:30 IST" duration-ms="2513" status="PASS">
          <params>
            <param index="0">
              <value>
                <![CDATA[Edge]]>
              </value>
            </param>
          </params>
          <reporter-output>
          </reporter-output>
        </test-method> <!-- BeforeTC -->
        <test-method signature="Complete_Checkout_flow(java.lang.String,java.lang.String)[pri:0, instance:maven.TC_005@2e377400]" started-at="2023-09-25T15:24:30 IST" name="Complete_Checkout_flow" data-provider="credentials" finished-at="2023-09-25T15:24:45 IST" duration-ms="15481" status="PASS">
          <params>
            <param index="0">
              <value>
                <![CDATA[performance_glitch_user]]>
              </value>
            </param>
            <param index="1">
              <value>
                <![CDATA[secret_sauce]]>
              </value>
            </param>
          </params>
          <reporter-output>
          </reporter-output>
        </test-method> <!-- Complete_Checkout_flow -->
        <test-method is-config="true" signature="AfterMethod()[pri:0, instance:maven.TC_005@2e377400]" started-at="2023-09-25T15:24:45 IST" name="AfterMethod" finished-at="2023-09-25T15:24:46 IST" duration-ms="401" status="PASS">
          <reporter-output>
          </reporter-output>
        </test-method> <!-- AfterMethod -->
      </class> <!-- maven.TC_005 -->
      <class name="maven.TC_006">
        <test-method is-config="true" signature="BeforeTC(java.lang.String)[pri:0, instance:maven.TC_006@1757cd72]" started-at="2023-09-25T15:24:46 IST" name="BeforeTC" finished-at="2023-09-25T15:24:48 IST" duration-ms="2285" status="PASS">
          <params>
            <param index="0">
              <value>
                <![CDATA[Edge]]>
              </value>
            </param>
          </params>
          <reporter-output>
          </reporter-output>
        </test-method> <!-- BeforeTC -->
        <test-method signature="validate_error_Message_incheckoutinfopage(java.lang.String,java.lang.String)[pri:0, instance:maven.TC_006@1757cd72]" started-at="2023-09-25T15:24:48 IST" name="validate_error_Message_incheckoutinfopage" data-provider="credentials" finished-at="2023-09-25T15:24:59 IST" duration-ms="10476" status="PASS">
          <params>
            <param index="0">
              <value>
                <![CDATA[standard_user]]>
              </value>
            </param>
            <param index="1">
              <value>
                <![CDATA[secret_sauce]]>
              </value>
            </param>
          </params>
          <reporter-output>
          </reporter-output>
        </test-method> <!-- validate_error_Message_incheckoutinfopage -->
        <test-method is-config="true" signature="AfterMethod()[pri:0, instance:maven.TC_006@1757cd72]" started-at="2023-09-25T15:24:59 IST" name="AfterMethod" finished-at="2023-09-25T15:24:59 IST" duration-ms="395" status="PASS">
          <reporter-output>
          </reporter-output>
        </test-method> <!-- AfterMethod -->
        <test-method is-config="true" signature="BeforeTC(java.lang.String)[pri:0, instance:maven.TC_006@1757cd72]" started-at="2023-09-25T15:24:59 IST" name="BeforeTC" finished-at="2023-09-25T15:25:02 IST" duration-ms="2584" status="PASS">
          <params>
            <param index="0">
              <value>
                <![CDATA[Edge]]>
              </value>
            </param>
          </params>
          <reporter-output>
          </reporter-output>
        </test-method> <!-- BeforeTC -->
        <test-method signature="validate_error_Message_incheckoutinfopage(java.lang.String,java.lang.String)[pri:0, instance:maven.TC_006@1757cd72]" started-at="2023-09-25T15:25:02 IST" name="validate_error_Message_incheckoutinfopage" data-provider="credentials" finished-at="2023-09-25T15:25:12 IST" duration-ms="10506" status="PASS">
          <params>
            <param index="0">
              <value>
                <![CDATA[problem_user]]>
              </value>
            </param>
            <param index="1">
              <value>
                <![CDATA[secret_sauce]]>
              </value>
            </param>
          </params>
          <reporter-output>
          </reporter-output>
        </test-method> <!-- validate_error_Message_incheckoutinfopage -->
        <test-method is-config="true" signature="AfterMethod()[pri:0, instance:maven.TC_006@1757cd72]" started-at="2023-09-25T15:25:12 IST" name="AfterMethod" finished-at="2023-09-25T15:25:12 IST" duration-ms="420" status="PASS">
          <reporter-output>
          </reporter-output>
        </test-method> <!-- AfterMethod -->
        <test-method is-config="true" signature="BeforeTC(java.lang.String)[pri:0, instance:maven.TC_006@1757cd72]" started-at="2023-09-25T15:25:12 IST" name="BeforeTC" finished-at="2023-09-25T15:25:17 IST" duration-ms="4482" status="PASS">
          <params>
            <param index="0">
              <value>
                <![CDATA[Edge]]>
              </value>
            </param>
          </params>
          <reporter-output>
          </reporter-output>
        </test-method> <!-- BeforeTC -->
        <test-method signature="validate_error_Message_incheckoutinfopage(java.lang.String,java.lang.String)[pri:0, instance:maven.TC_006@1757cd72]" started-at="2023-09-25T15:25:17 IST" name="validate_error_Message_incheckoutinfopage" data-provider="credentials" finished-at="2023-09-25T15:25:33 IST" duration-ms="16096" status="PASS">
          <params>
            <param index="0">
              <value>
                <![CDATA[performance_glitch_user]]>
              </value>
            </param>
            <param index="1">
              <value>
                <![CDATA[secret_sauce]]>
              </value>
            </param>
          </params>
          <reporter-output>
          </reporter-output>
        </test-method> <!-- validate_error_Message_incheckoutinfopage -->
        <test-method is-config="true" signature="AfterMethod()[pri:0, instance:maven.TC_006@1757cd72]" started-at="2023-09-25T15:25:33 IST" name="AfterMethod" finished-at="2023-09-25T15:25:34 IST" duration-ms="451" status="PASS">
          <reporter-output>
          </reporter-output>
        </test-method> <!-- AfterMethod -->
      </class> <!-- maven.TC_006 -->
      <class name="maven.TC_001">
        <test-method is-config="true" signature="BeforeTC(java.lang.String)[pri:0, instance:maven.TC_001@192c3f1e]" started-at="2023-09-25T15:22:39 IST" name="BeforeTC" finished-at="2023-09-25T15:22:49 IST" duration-ms="10097" status="PASS">
          <params>
            <param index="0">
              <value>
                <![CDATA[Edge]]>
              </value>
            </param>
          </params>
          <reporter-output>
          </reporter-output>
        </test-method> <!-- BeforeTC -->
        <test-method signature="Verify_Url_and_login(java.lang.String,java.lang.String)[pri:0, instance:maven.TC_001@192c3f1e]" started-at="2023-09-25T15:22:49 IST" name="Verify_Url_and_login" data-provider="credentials" finished-at="2023-09-25T15:22:50 IST" duration-ms="998" status="PASS">
          <params>
            <param index="0">
              <value>
                <![CDATA[standard_user]]>
              </value>
            </param>
            <param index="1">
              <value>
                <![CDATA[secret_sauce]]>
              </value>
            </param>
          </params>
          <reporter-output>
          </reporter-output>
        </test-method> <!-- Verify_Url_and_login -->
        <test-method is-config="true" signature="AfterMethod()[pri:0, instance:maven.TC_001@192c3f1e]" started-at="2023-09-25T15:22:50 IST" name="AfterMethod" finished-at="2023-09-25T15:22:50 IST" duration-ms="384" status="PASS">
          <reporter-output>
          </reporter-output>
        </test-method> <!-- AfterMethod -->
        <test-method is-config="true" signature="BeforeTC(java.lang.String)[pri:0, instance:maven.TC_001@192c3f1e]" started-at="2023-09-25T15:22:50 IST" name="BeforeTC" finished-at="2023-09-25T15:22:52 IST" duration-ms="2133" status="PASS">
          <params>
            <param index="0">
              <value>
                <![CDATA[Edge]]>
              </value>
            </param>
          </params>
          <reporter-output>
          </reporter-output>
        </test-method> <!-- BeforeTC -->
        <test-method signature="Verify_Url_and_login(java.lang.String,java.lang.String)[pri:0, instance:maven.TC_001@192c3f1e]" started-at="2023-09-25T15:22:52 IST" name="Verify_Url_and_login" data-provider="credentials" finished-at="2023-09-25T15:22:53 IST" duration-ms="800" status="PASS">
          <params>
            <param index="0">
              <value>
                <![CDATA[problem_user]]>
              </value>
            </param>
            <param index="1">
              <value>
                <![CDATA[secret_sauce]]>
              </value>
            </param>
          </params>
          <reporter-output>
          </reporter-output>
        </test-method> <!-- Verify_Url_and_login -->
        <test-method is-config="true" signature="AfterMethod()[pri:0, instance:maven.TC_001@192c3f1e]" started-at="2023-09-25T15:22:53 IST" name="AfterMethod" finished-at="2023-09-25T15:22:54 IST" duration-ms="344" status="PASS">
          <reporter-output>
          </reporter-output>
        </test-method> <!-- AfterMethod -->
        <test-method is-config="true" signature="BeforeTC(java.lang.String)[pri:0, instance:maven.TC_001@192c3f1e]" started-at="2023-09-25T15:22:54 IST" name="BeforeTC" finished-at="2023-09-25T15:22:56 IST" duration-ms="2890" status="PASS">
          <params>
            <param index="0">
              <value>
                <![CDATA[Edge]]>
              </value>
            </param>
          </params>
          <reporter-output>
          </reporter-output>
        </test-method> <!-- BeforeTC -->
        <test-method signature="Verify_Url_and_login(java.lang.String,java.lang.String)[pri:0, instance:maven.TC_001@192c3f1e]" started-at="2023-09-25T15:22:56 IST" name="Verify_Url_and_login" data-provider="credentials" finished-at="2023-09-25T15:23:03 IST" duration-ms="6119" status="PASS">
          <params>
            <param index="0">
              <value>
                <![CDATA[performance_glitch_user]]>
              </value>
            </param>
            <param index="1">
              <value>
                <![CDATA[secret_sauce]]>
              </value>
            </param>
          </params>
          <reporter-output>
          </reporter-output>
        </test-method> <!-- Verify_Url_and_login -->
        <test-method is-config="true" signature="AfterMethod()[pri:0, instance:maven.TC_001@192c3f1e]" started-at="2023-09-25T15:23:03 IST" name="AfterMethod" finished-at="2023-09-25T15:23:03 IST" duration-ms="293" status="PASS">
          <reporter-output>
          </reporter-output>
        </test-method> <!-- AfterMethod -->
      </class> <!-- maven.TC_001 -->
      <class name="maven.TC_002">
        <test-method is-config="true" signature="BeforeTC(java.lang.String)[pri:0, instance:maven.TC_002@26b3fd41]" started-at="2023-09-25T15:23:03 IST" name="BeforeTC" finished-at="2023-09-25T15:23:05 IST" duration-ms="2064" status="PASS">
          <params>
            <param index="0">
              <value>
                <![CDATA[Edge]]>
              </value>
            </param>
          </params>
          <reporter-output>
          </reporter-output>
        </test-method> <!-- BeforeTC -->
        <test-method signature="VerifyinvalidLogin()[pri:0, instance:maven.TC_002@26b3fd41]" started-at="2023-09-25T15:23:05 IST" name="VerifyinvalidLogin" finished-at="2023-09-25T15:23:05 IST" duration-ms="422" status="PASS">
          <reporter-output>
          </reporter-output>
        </test-method> <!-- VerifyinvalidLogin -->
        <test-method is-config="true" signature="AfterMethod()[pri:0, instance:maven.TC_002@26b3fd41]" started-at="2023-09-25T15:23:05 IST" name="AfterMethod" finished-at="2023-09-25T15:23:06 IST" duration-ms="351" status="PASS">
          <reporter-output>
          </reporter-output>
        </test-method> <!-- AfterMethod -->
      </class> <!-- maven.TC_002 -->
      <class name="maven.TC_003">
        <test-method is-config="true" signature="BeforeTC(java.lang.String)[pri:0, instance:maven.TC_003@7494f96a]" started-at="2023-09-25T15:23:06 IST" name="BeforeTC" finished-at="2023-09-25T15:23:08 IST" duration-ms="2501" status="PASS">
          <params>
            <param index="0">
              <value>
                <![CDATA[Edge]]>
              </value>
            </param>
          </params>
          <reporter-output>
          </reporter-output>
        </test-method> <!-- BeforeTC -->
        <test-method signature="Addcartandverifythecount(java.lang.String,java.lang.String)[pri:0, instance:maven.TC_003@7494f96a]" started-at="2023-09-25T15:23:08 IST" name="Addcartandverifythecount" data-provider="credentials" finished-at="2023-09-25T15:23:16 IST" duration-ms="7682" status="PASS">
          <params>
            <param index="0">
              <value>
                <![CDATA[standard_user]]>
              </value>
            </param>
            <param index="1">
              <value>
                <![CDATA[secret_sauce]]>
              </value>
            </param>
          </params>
          <reporter-output>
          </reporter-output>
        </test-method> <!-- Addcartandverifythecount -->
        <test-method is-config="true" signature="AfterMethod()[pri:0, instance:maven.TC_003@7494f96a]" started-at="2023-09-25T15:23:16 IST" name="AfterMethod" finished-at="2023-09-25T15:23:16 IST" duration-ms="479" status="PASS">
          <reporter-output>
          </reporter-output>
        </test-method> <!-- AfterMethod -->
        <test-method is-config="true" signature="BeforeTC(java.lang.String)[pri:0, instance:maven.TC_003@7494f96a]" started-at="2023-09-25T15:23:16 IST" name="BeforeTC" finished-at="2023-09-25T15:23:19 IST" duration-ms="2095" status="PASS">
          <params>
            <param index="0">
              <value>
                <![CDATA[Edge]]>
              </value>
            </param>
          </params>
          <reporter-output>
          </reporter-output>
        </test-method> <!-- BeforeTC -->
        <test-method signature="Addcartandverifythecount(java.lang.String,java.lang.String)[pri:0, instance:maven.TC_003@7494f96a]" started-at="2023-09-25T15:23:19 IST" name="Addcartandverifythecount" data-provider="credentials" finished-at="2023-09-25T15:23:25 IST" duration-ms="6938" status="FAIL">
          <params>
            <param index="0">
              <value>
                <![CDATA[problem_user]]>
              </value>
            </param>
            <param index="1">
              <value>
                <![CDATA[secret_sauce]]>
              </value>
            </param>
          </params>
          <exception class="java.lang.AssertionError">
            <message>
              <![CDATA[The Login is:problem_user secret_sauce expected [6] but found [3]]]>
            </message>
            <full-stacktrace>
              <![CDATA[java.lang.AssertionError: The Login is:problem_user secret_sauce expected [6] but found [3]
at org.testng.Assert.fail(Assert.java:111)
at org.testng.Assert.failNotEquals(Assert.java:1578)
at org.testng.Assert.assertEqualsImpl(Assert.java:150)
at org.testng.Assert.assertEquals(Assert.java:132)
at org.testng.Assert.assertEquals(Assert.java:656)
at maven.TC_003.Addcartandverifythecount(TC_003.java:41)
at java.base/jdk.internal.reflect.DirectMethodHandleAccessor.invoke(DirectMethodHandleAccessor.java:104)
at java.base/java.lang.reflect.Method.invoke(Method.java:578)
at org.testng.internal.invokers.MethodInvocationHelper.invokeMethod(MethodInvocationHelper.java:139)
at org.testng.internal.invokers.TestInvoker.invokeMethod(TestInvoker.java:664)
at org.testng.internal.invokers.TestInvoker.invokeTestMethod(TestInvoker.java:227)
at org.testng.internal.invokers.MethodRunner.runInSequence(MethodRunner.java:50)
at org.testng.internal.invokers.TestInvoker$MethodInvocationAgent.invoke(TestInvoker.java:957)
at org.testng.internal.invokers.TestInvoker.invokeTestMethods(TestInvoker.java:200)
at org.testng.internal.invokers.TestMethodWorker.invokeTestMethods(TestMethodWorker.java:148)
at org.testng.internal.invokers.TestMethodWorker.run(TestMethodWorker.java:128)
at java.base/java.util.ArrayList.forEach(ArrayList.java:1511)
at org.testng.TestRunner.privateRun(TestRunner.java:848)
at org.testng.TestRunner.run(TestRunner.java:621)
at org.testng.SuiteRunner.runTest(SuiteRunner.java:443)
at org.testng.SuiteRunner.runSequentially(SuiteRunner.java:437)
at org.testng.SuiteRunner.privateRun(SuiteRunner.java:397)
at org.testng.SuiteRunner.run(SuiteRunner.java:336)
at org.testng.SuiteRunnerWorker.runSuite(SuiteRunnerWorker.java:52)
at org.testng.SuiteRunnerWorker.run(SuiteRunnerWorker.java:95)
at org.testng.TestNG.runSuitesSequentially(TestNG.java:1280)
at org.testng.TestNG.runSuitesLocally(TestNG.java:1200)
at org.testng.TestNG.runSuites(TestNG.java:1114)
at org.testng.TestNG.run(TestNG.java:1082)
at org.testng.remote.AbstractRemoteTestNG.run(AbstractRemoteTestNG.java:115)
at org.testng.remote.RemoteTestNG.initAndRun(RemoteTestNG.java:251)
at org.testng.remote.RemoteTestNG.main(RemoteTestNG.java:77)
]]>
            </full-stacktrace>
          </exception> <!-- java.lang.AssertionError -->
          <reporter-output>
          </reporter-output>
        </test-method> <!-- Addcartandverifythecount -->
        <test-method is-config="true" signature="AfterMethod()[pri:0, instance:maven.TC_003@7494f96a]" started-at="2023-09-25T15:23:26 IST" name="AfterMethod" finished-at="2023-09-25T15:23:26 IST" duration-ms="462" status="PASS">
          <reporter-output>
          </reporter-output>
        </test-method> <!-- AfterMethod -->
        <test-method is-config="true" signature="BeforeTC(java.lang.String)[pri:0, instance:maven.TC_003@7494f96a]" started-at="2023-09-25T15:23:26 IST" name="BeforeTC" finished-at="2023-09-25T15:23:28 IST" duration-ms="2043" status="PASS">
          <params>
            <param index="0">
              <value>
                <![CDATA[Edge]]>
              </value>
            </param>
          </params>
          <reporter-output>
          </reporter-output>
        </test-method> <!-- BeforeTC -->
        <test-method signature="Addcartandverifythecount(java.lang.String,java.lang.String)[pri:0, instance:maven.TC_003@7494f96a]" started-at="2023-09-25T15:23:28 IST" name="Addcartandverifythecount" data-provider="credentials" finished-at="2023-09-25T15:23:41 IST" duration-ms="12452" status="PASS">
          <params>
            <param index="0">
              <value>
                <![CDATA[performance_glitch_user]]>
              </value>
            </param>
            <param index="1">
              <value>
                <![CDATA[secret_sauce]]>
              </value>
            </param>
          </params>
          <reporter-output>
          </reporter-output>
        </test-method> <!-- Addcartandverifythecount -->
        <test-method is-config="true" signature="AfterMethod()[pri:0, instance:maven.TC_003@7494f96a]" started-at="2023-09-25T15:23:41 IST" name="AfterMethod" finished-at="2023-09-25T15:23:41 IST" duration-ms="453" status="PASS">
          <reporter-output>
          </reporter-output>
        </test-method> <!-- AfterMethod -->
      </class> <!-- maven.TC_003 -->
      <class name="maven.TC_004">
        <test-method is-config="true" signature="BeforeTC(java.lang.String)[pri:0, instance:maven.TC_004@561b6512]" started-at="2023-09-25T15:23:41 IST" name="BeforeTC" finished-at="2023-09-25T15:23:43 IST" duration-ms="1994" status="PASS">
          <params>
            <param index="0">
              <value>
                <![CDATA[Edge]]>
              </value>
            </param>
          </params>
          <reporter-output>
          </reporter-output>
        </test-method> <!-- BeforeTC -->
        <test-method signature="Get_Products_name_and_price(java.lang.String,java.lang.String)[pri:0, instance:maven.TC_004@561b6512]" started-at="2023-09-25T15:23:43 IST" name="Get_Products_name_and_price" data-provider="credentials" finished-at="2023-09-25T15:23:46 IST" duration-ms="2289" status="PASS">
          <params>
            <param index="0">
              <value>
                <![CDATA[standard_user]]>
              </value>
            </param>
            <param index="1">
              <value>
                <![CDATA[secret_sauce]]>
              </value>
            </param>
          </params>
          <reporter-output>
          </reporter-output>
        </test-method> <!-- Get_Products_name_and_price -->
        <test-method is-config="true" signature="AfterMethod()[pri:0, instance:maven.TC_004@561b6512]" started-at="2023-09-25T15:23:46 IST" name="AfterMethod" finished-at="2023-09-25T15:23:46 IST" duration-ms="430" status="PASS">
          <reporter-output>
          </reporter-output>
        </test-method> <!-- AfterMethod -->
        <test-method is-config="true" signature="BeforeTC(java.lang.String)[pri:0, instance:maven.TC_004@561b6512]" started-at="2023-09-25T15:23:46 IST" name="BeforeTC" finished-at="2023-09-25T15:23:48 IST" duration-ms="1921" status="PASS">
          <params>
            <param index="0">
              <value>
                <![CDATA[Edge]]>
              </value>
            </param>
          </params>
          <reporter-output>
          </reporter-output>
        </test-method> <!-- BeforeTC -->
        <test-method signature="Get_Products_name_and_price(java.lang.String,java.lang.String)[pri:0, instance:maven.TC_004@561b6512]" started-at="2023-09-25T15:23:48 IST" name="Get_Products_name_and_price" data-provider="credentials" finished-at="2023-09-25T15:23:50 IST" duration-ms="2263" status="PASS">
          <params>
            <param index="0">
              <value>
                <![CDATA[problem_user]]>
              </value>
            </param>
            <param index="1">
              <value>
                <![CDATA[secret_sauce]]>
              </value>
            </param>
          </params>
          <reporter-output>
          </reporter-output>
        </test-method> <!-- Get_Products_name_and_price -->
        <test-method is-config="true" signature="AfterMethod()[pri:0, instance:maven.TC_004@561b6512]" started-at="2023-09-25T15:23:50 IST" name="AfterMethod" finished-at="2023-09-25T15:23:51 IST" duration-ms="371" status="PASS">
          <reporter-output>
          </reporter-output>
        </test-method> <!-- AfterMethod -->
        <test-method is-config="true" signature="BeforeTC(java.lang.String)[pri:0, instance:maven.TC_004@561b6512]" started-at="2023-09-25T15:23:51 IST" name="BeforeTC" finished-at="2023-09-25T15:23:53 IST" duration-ms="2091" status="PASS">
          <params>
            <param index="0">
              <value>
                <![CDATA[Edge]]>
              </value>
            </param>
          </params>
          <reporter-output>
          </reporter-output>
        </test-method> <!-- BeforeTC -->
        <test-method signature="Get_Products_name_and_price(java.lang.String,java.lang.String)[pri:0, instance:maven.TC_004@561b6512]" started-at="2023-09-25T15:23:53 IST" name="Get_Products_name_and_price" data-provider="credentials" finished-at="2023-09-25T15:24:00 IST" duration-ms="7492" status="PASS">
          <params>
            <param index="0">
              <value>
                <![CDATA[performance_glitch_user]]>
              </value>
            </param>
            <param index="1">
              <value>
                <![CDATA[secret_sauce]]>
              </value>
            </param>
          </params>
          <reporter-output>
          </reporter-output>
        </test-method> <!-- Get_Products_name_and_price -->
        <test-method is-config="true" signature="AfterMethod()[pri:0, instance:maven.TC_004@561b6512]" started-at="2023-09-25T15:24:00 IST" name="AfterMethod" finished-at="2023-09-25T15:24:00 IST" duration-ms="305" status="PASS">
          <reporter-output>
          </reporter-output>
        </test-method> <!-- AfterMethod -->
      </class> <!-- maven.TC_004 -->
    </test> <!-- Run on Edge -->
    <test started-at="2023-09-25T15:25:34 IST" name="Run on Chrome" finished-at="2023-09-25T15:28:18 IST" duration-ms="164776">
      <class name="maven.TC_005">
        <test-method is-config="true" signature="BeforeTC(java.lang.String)[pri:0, instance:maven.TC_005@e4487af]" started-at="2023-09-25T15:26:53 IST" name="BeforeTC" finished-at="2023-09-25T15:26:55 IST" duration-ms="2387" status="PASS">
          <params>
            <param index="0">
              <value>
                <![CDATA[Chrome]]>
              </value>
            </param>
          </params>
          <reporter-output>
          </reporter-output>
        </test-method> <!-- BeforeTC -->
        <test-method signature="Complete_Checkout_flow(java.lang.String,java.lang.String)[pri:0, instance:maven.TC_005@e4487af]" started-at="2023-09-25T15:26:55 IST" name="Complete_Checkout_flow" data-provider="credentials" finished-at="2023-09-25T15:27:00 IST" duration-ms="4996" status="PASS">
          <params>
            <param index="0">
              <value>
                <![CDATA[standard_user]]>
              </value>
            </param>
            <param index="1">
              <value>
                <![CDATA[secret_sauce]]>
              </value>
            </param>
          </params>
          <reporter-output>
          </reporter-output>
        </test-method> <!-- Complete_Checkout_flow -->
        <test-method is-config="true" signature="AfterMethod()[pri:0, instance:maven.TC_005@e4487af]" started-at="2023-09-25T15:27:00 IST" name="AfterMethod" finished-at="2023-09-25T15:27:00 IST" duration-ms="313" status="PASS">
          <reporter-output>
          </reporter-output>
        </test-method> <!-- AfterMethod -->
        <test-method is-config="true" signature="BeforeTC(java.lang.String)[pri:0, instance:maven.TC_005@e4487af]" started-at="2023-09-25T15:27:00 IST" name="BeforeTC" finished-at="2023-09-25T15:27:02 IST" duration-ms="1896" status="PASS">
          <params>
            <param index="0">
              <value>
                <![CDATA[Chrome]]>
              </value>
            </param>
          </params>
          <reporter-output>
          </reporter-output>
        </test-method> <!-- BeforeTC -->
        <test-method signature="Complete_Checkout_flow(java.lang.String,java.lang.String)[pri:0, instance:maven.TC_005@e4487af]" started-at="2023-09-25T15:27:02 IST" name="Complete_Checkout_flow" data-provider="credentials" finished-at="2023-09-25T15:27:17 IST" duration-ms="14536" status="FAIL">
          <params>
            <param index="0">
              <value>
                <![CDATA[problem_user]]>
              </value>
            </param>
            <param index="1">
              <value>
                <![CDATA[secret_sauce]]>
              </value>
            </param>
          </params>
          <exception class="org.openqa.selenium.NoSuchElementException">
            <message>
              <![CDATA[no such element: Unable to locate element: {"method":"xpath","selector":"//div[@class='summary_info_label summary_total_label']"}
  (Session info: chrome=117.0.5938.89)
For documentation on this error, please visit: https://www.seleniumhq.org/exceptions/no_such_element.html
Build info: version: '3.141.59', revision: 'e82be7d358', time: '2018-11-14T08:17:03'
System info: host: 'BHARADWAJ-B6DD2', ip: '192.168.56.1', os.name: 'Windows 10', os.arch: 'amd64', os.version: '10.0', java.version: '20.0.1'
Driver info: org.openqa.selenium.chrome.ChromeDriver
Capabilities {acceptInsecureCerts: false, browserName: chrome, browserVersion: 117.0.5938.89, chrome: {chromedriverVersion: 117.0.5938.92 (67649b10b92b..., userDataDir: C:\Users\BHARAD~1.VIS\AppDa...}, fedcm:accounts: true, goog:chromeOptions: {debuggerAddress: localhost:58577}, javascriptEnabled: true, networkConnectionEnabled: false, pageLoadStrategy: normal, platform: WINDOWS, platformName: WINDOWS, proxy: Proxy(), setWindowRect: true, strictFileInteractability: false, timeouts: {implicit: 0, pageLoad: 300000, script: 30000}, unhandledPromptBehavior: dismiss and notify, webauthn:extension:credBlob: true, webauthn:extension:largeBlob: true, webauthn:extension:minPinLength: true, webauthn:extension:prf: true, webauthn:virtualAuthenticators: true}
Session ID: 1cba9dc175785a8afa9819b34c6ed564
*** Element info: {Using=xpath, value=//div[@class='summary_info_label summary_total_label']}]]>
            </message>
            <full-stacktrace>
              <![CDATA[org.openqa.selenium.NoSuchElementException: no such element: Unable to locate element: {"method":"xpath","selector":"//div[@class='summary_info_label summary_total_label']"}
  (Session info: chrome=117.0.5938.89)
For documentation on this error, please visit: https://www.seleniumhq.org/exceptions/no_such_element.html
Build info: version: '3.141.59', revision: 'e82be7d358', time: '2018-11-14T08:17:03'
System info: host: 'BHARADWAJ-B6DD2', ip: '192.168.56.1', os.name: 'Windows 10', os.arch: 'amd64', os.version: '10.0', java.version: '20.0.1'
Driver info: org.openqa.selenium.chrome.ChromeDriver
Capabilities {acceptInsecureCerts: false, browserName: chrome, browserVersion: 117.0.5938.89, chrome: {chromedriverVersion: 117.0.5938.92 (67649b10b92b..., userDataDir: C:\Users\BHARAD~1.VIS\AppDa...}, fedcm:accounts: true, goog:chromeOptions: {debuggerAddress: localhost:58577}, javascriptEnabled: true, networkConnectionEnabled: false, pageLoadStrategy: normal, platform: WINDOWS, platformName: WINDOWS, proxy: Proxy(), setWindowRect: true, strictFileInteractability: false, timeouts: {implicit: 0, pageLoad: 300000, script: 30000}, unhandledPromptBehavior: dismiss and notify, webauthn:extension:credBlob: true, webauthn:extension:largeBlob: true, webauthn:extension:minPinLength: true, webauthn:extension:prf: true, webauthn:virtualAuthenticators: true}
Session ID: 1cba9dc175785a8afa9819b34c6ed564
*** Element info: {Using=xpath, value=//div[@class='summary_info_label summary_total_label']}
at java.base/jdk.internal.reflect.DirectConstructorHandleAccessor.newInstance(DirectConstructorHandleAccessor.java:67)
at java.base/java.lang.reflect.Constructor.newInstanceWithCaller(Constructor.java:500)
at java.base/java.lang.reflect.Constructor.newInstance(Constructor.java:484)
at org.openqa.selenium.remote.http.W3CHttpResponseCodec.createException(W3CHttpResponseCodec.java:187)
at org.openqa.selenium.remote.http.W3CHttpResponseCodec.decode(W3CHttpResponseCodec.java:122)
at org.openqa.selenium.remote.http.W3CHttpResponseCodec.decode(W3CHttpResponseCodec.java:49)
at org.openqa.selenium.remote.HttpCommandExecutor.execute(HttpCommandExecutor.java:158)
at org.openqa.selenium.remote.service.DriverCommandExecutor.execute(DriverCommandExecutor.java:83)
at org.openqa.selenium.remote.RemoteWebDriver.execute(RemoteWebDriver.java:552)
at org.openqa.selenium.remote.RemoteWebDriver.findElement(RemoteWebDriver.java:323)
at org.openqa.selenium.remote.RemoteWebDriver.findElementByXPath(RemoteWebDriver.java:428)
at org.openqa.selenium.By$ByXPath.findElement(By.java:353)
at org.openqa.selenium.remote.RemoteWebDriver.findElement(RemoteWebDriver.java:315)
at org.openqa.selenium.support.pagefactory.DefaultElementLocator.findElement(DefaultElementLocator.java:69)
at org.openqa.selenium.support.pagefactory.internal.LocatingElementHandler.invoke(LocatingElementHandler.java:38)
at jdk.proxy2/jdk.proxy2.$Proxy14.getText(Unknown Source)
at maven.TC_005.Complete_Checkout_flow(TC_005.java:37)
at java.base/jdk.internal.reflect.DirectMethodHandleAccessor.invoke(DirectMethodHandleAccessor.java:104)
at java.base/java.lang.reflect.Method.invoke(Method.java:578)
at org.testng.internal.invokers.MethodInvocationHelper.invokeMethod(MethodInvocationHelper.java:139)
at org.testng.internal.invokers.TestInvoker.invokeMethod(TestInvoker.java:664)
at org.testng.internal.invokers.TestInvoker.invokeTestMethod(TestInvoker.java:227)
at org.testng.internal.invokers.MethodRunner.runInSequence(MethodRunner.java:50)
at org.testng.internal.invokers.TestInvoker$MethodInvocationAgent.invoke(TestInvoker.java:957)
at org.testng.internal.invokers.TestInvoker.invokeTestMethods(TestInvoker.java:200)
at org.testng.internal.invokers.TestMethodWorker.invokeTestMethods(TestMethodWorker.java:148)
at org.testng.internal.invokers.TestMethodWorker.run(TestMethodWorker.java:128)
at java.base/java.util.ArrayList.forEach(ArrayList.java:1511)
at org.testng.TestRunner.privateRun(TestRunner.java:848)
at org.testng.TestRunner.run(TestRunner.java:621)
at org.testng.SuiteRunner.runTest(SuiteRunner.java:443)
at org.testng.SuiteRunner.runSequentially(SuiteRunner.java:437)
at org.testng.SuiteRunner.privateRun(SuiteRunner.java:397)
at org.testng.SuiteRunner.run(SuiteRunner.java:336)
at org.testng.SuiteRunnerWorker.runSuite(SuiteRunnerWorker.java:52)
at org.testng.SuiteRunnerWorker.run(SuiteRunnerWorker.java:95)
at org.testng.TestNG.runSuitesSequentially(TestNG.java:1280)
at org.testng.TestNG.runSuitesLocally(TestNG.java:1200)
at org.testng.TestNG.runSuites(TestNG.java:1114)
at org.testng.TestNG.run(TestNG.java:1082)
at org.testng.remote.AbstractRemoteTestNG.run(AbstractRemoteTestNG.java:115)
at org.testng.remote.RemoteTestNG.initAndRun(RemoteTestNG.java:251)
at org.testng.remote.RemoteTestNG.main(RemoteTestNG.java:77)
]]>
            </full-stacktrace>
          </exception> <!-- org.openqa.selenium.NoSuchElementException -->
          <reporter-output>
          </reporter-output>
        </test-method> <!-- Complete_Checkout_flow -->
        <test-method is-config="true" signature="AfterMethod()[pri:0, instance:maven.TC_005@e4487af]" started-at="2023-09-25T15:27:17 IST" name="AfterMethod" finished-at="2023-09-25T15:27:17 IST" duration-ms="228" status="PASS">
          <reporter-output>
          </reporter-output>
        </test-method> <!-- AfterMethod -->
        <test-method is-config="true" signature="BeforeTC(java.lang.String)[pri:0, instance:maven.TC_005@e4487af]" started-at="2023-09-25T15:27:17 IST" name="BeforeTC" finished-at="2023-09-25T15:27:20 IST" duration-ms="2116" status="PASS">
          <params>
            <param index="0">
              <value>
                <![CDATA[Chrome]]>
              </value>
            </param>
          </params>
          <reporter-output>
          </reporter-output>
        </test-method> <!-- BeforeTC -->
        <test-method signature="Complete_Checkout_flow(java.lang.String,java.lang.String)[pri:0, instance:maven.TC_005@e4487af]" started-at="2023-09-25T15:27:20 IST" name="Complete_Checkout_flow" data-provider="credentials" finished-at="2023-09-25T15:27:34 IST" duration-ms="14984" status="PASS">
          <params>
            <param index="0">
              <value>
                <![CDATA[performance_glitch_user]]>
              </value>
            </param>
            <param index="1">
              <value>
                <![CDATA[secret_sauce]]>
              </value>
            </param>
          </params>
          <reporter-output>
          </reporter-output>
        </test-method> <!-- Complete_Checkout_flow -->
        <test-method is-config="true" signature="AfterMethod()[pri:0, instance:maven.TC_005@e4487af]" started-at="2023-09-25T15:27:34 IST" name="AfterMethod" finished-at="2023-09-25T15:27:35 IST" duration-ms="286" status="PASS">
          <reporter-output>
          </reporter-output>
        </test-method> <!-- AfterMethod -->
      </class> <!-- maven.TC_005 -->
      <class name="maven.TC_006">
        <test-method is-config="true" signature="BeforeTC(java.lang.String)[pri:0, instance:maven.TC_006@6aaceffd]" started-at="2023-09-25T15:27:35 IST" name="BeforeTC" finished-at="2023-09-25T15:27:38 IST" duration-ms="2789" status="PASS">
          <params>
            <param index="0">
              <value>
                <![CDATA[Chrome]]>
              </value>
            </param>
          </params>
          <reporter-output>
          </reporter-output>
        </test-method> <!-- BeforeTC -->
        <test-method signature="validate_error_Message_incheckoutinfopage(java.lang.String,java.lang.String)[pri:0, instance:maven.TC_006@6aaceffd]" started-at="2023-09-25T15:27:38 IST" name="validate_error_Message_incheckoutinfopage" data-provider="credentials" finished-at="2023-09-25T15:27:48 IST" duration-ms="10317" status="PASS">
          <params>
            <param index="0">
              <value>
                <![CDATA[standard_user]]>
              </value>
            </param>
            <param index="1">
              <value>
                <![CDATA[secret_sauce]]>
              </value>
            </param>
          </params>
          <reporter-output>
          </reporter-output>
        </test-method> <!-- validate_error_Message_incheckoutinfopage -->
        <test-method is-config="true" signature="AfterMethod()[pri:0, instance:maven.TC_006@6aaceffd]" started-at="2023-09-25T15:27:48 IST" name="AfterMethod" finished-at="2023-09-25T15:27:48 IST" duration-ms="335" status="PASS">
          <reporter-output>
          </reporter-output>
        </test-method> <!-- AfterMethod -->
        <test-method is-config="true" signature="BeforeTC(java.lang.String)[pri:0, instance:maven.TC_006@6aaceffd]" started-at="2023-09-25T15:27:48 IST" name="BeforeTC" finished-at="2023-09-25T15:27:50 IST" duration-ms="1855" status="PASS">
          <params>
            <param index="0">
              <value>
                <![CDATA[Chrome]]>
              </value>
            </param>
          </params>
          <reporter-output>
          </reporter-output>
        </test-method> <!-- BeforeTC -->
        <test-method signature="validate_error_Message_incheckoutinfopage(java.lang.String,java.lang.String)[pri:0, instance:maven.TC_006@6aaceffd]" started-at="2023-09-25T15:27:50 IST" name="validate_error_Message_incheckoutinfopage" data-provider="credentials" finished-at="2023-09-25T15:28:00 IST" duration-ms="10367" status="PASS">
          <params>
            <param index="0">
              <value>
                <![CDATA[problem_user]]>
              </value>
            </param>
            <param index="1">
              <value>
                <![CDATA[secret_sauce]]>
              </value>
            </param>
          </params>
          <reporter-output>
          </reporter-output>
        </test-method> <!-- validate_error_Message_incheckoutinfopage -->
        <test-method is-config="true" signature="AfterMethod()[pri:0, instance:maven.TC_006@6aaceffd]" started-at="2023-09-25T15:28:00 IST" name="AfterMethod" finished-at="2023-09-25T15:28:01 IST" duration-ms="334" status="PASS">
          <reporter-output>
          </reporter-output>
        </test-method> <!-- AfterMethod -->
        <test-method is-config="true" signature="BeforeTC(java.lang.String)[pri:0, instance:maven.TC_006@6aaceffd]" started-at="2023-09-25T15:28:01 IST" name="BeforeTC" finished-at="2023-09-25T15:28:03 IST" duration-ms="2030" status="PASS">
          <params>
            <param index="0">
              <value>
                <![CDATA[Chrome]]>
              </value>
            </param>
          </params>
          <reporter-output>
          </reporter-output>
        </test-method> <!-- BeforeTC -->
        <test-method signature="validate_error_Message_incheckoutinfopage(java.lang.String,java.lang.String)[pri:0, instance:maven.TC_006@6aaceffd]" started-at="2023-09-25T15:28:03 IST" name="validate_error_Message_incheckoutinfopage" data-provider="credentials" finished-at="2023-09-25T15:28:18 IST" duration-ms="15341" status="PASS">
          <params>
            <param index="0">
              <value>
                <![CDATA[performance_glitch_user]]>
              </value>
            </param>
            <param index="1">
              <value>
                <![CDATA[secret_sauce]]>
              </value>
            </param>
          </params>
          <reporter-output>
          </reporter-output>
        </test-method> <!-- validate_error_Message_incheckoutinfopage -->
        <test-method is-config="true" signature="AfterMethod()[pri:0, instance:maven.TC_006@6aaceffd]" started-at="2023-09-25T15:28:18 IST" name="AfterMethod" finished-at="2023-09-25T15:28:18 IST" duration-ms="181" status="PASS">
          <reporter-output>
          </reporter-output>
        </test-method> <!-- AfterMethod -->
      </class> <!-- maven.TC_006 -->
      <class name="maven.TC_001">
        <test-method is-config="true" signature="BeforeTC(java.lang.String)[pri:0, instance:maven.TC_001@49e5f737]" started-at="2023-09-25T15:25:34 IST" name="BeforeTC" finished-at="2023-09-25T15:25:40 IST" duration-ms="6208" status="PASS">
          <params>
            <param index="0">
              <value>
                <![CDATA[Chrome]]>
              </value>
            </param>
          </params>
          <reporter-output>
          </reporter-output>
        </test-method> <!-- BeforeTC -->
        <test-method signature="Verify_Url_and_login(java.lang.String,java.lang.String)[pri:0, instance:maven.TC_001@49e5f737]" started-at="2023-09-25T15:25:40 IST" name="Verify_Url_and_login" data-provider="credentials" finished-at="2023-09-25T15:25:40 IST" duration-ms="683" status="PASS">
          <params>
            <param index="0">
              <value>
                <![CDATA[standard_user]]>
              </value>
            </param>
            <param index="1">
              <value>
                <![CDATA[secret_sauce]]>
              </value>
            </param>
          </params>
          <reporter-output>
          </reporter-output>
        </test-method> <!-- Verify_Url_and_login -->
        <test-method is-config="true" signature="AfterMethod()[pri:0, instance:maven.TC_001@49e5f737]" started-at="2023-09-25T15:25:40 IST" name="AfterMethod" finished-at="2023-09-25T15:25:41 IST" duration-ms="450" status="PASS">
          <reporter-output>
          </reporter-output>
        </test-method> <!-- AfterMethod -->
        <test-method is-config="true" signature="BeforeTC(java.lang.String)[pri:0, instance:maven.TC_001@49e5f737]" started-at="2023-09-25T15:25:41 IST" name="BeforeTC" finished-at="2023-09-25T15:25:44 IST" duration-ms="2884" status="PASS">
          <params>
            <param index="0">
              <value>
                <![CDATA[Chrome]]>
              </value>
            </param>
          </params>
          <reporter-output>
          </reporter-output>
        </test-method> <!-- BeforeTC -->
        <test-method signature="Verify_Url_and_login(java.lang.String,java.lang.String)[pri:0, instance:maven.TC_001@49e5f737]" started-at="2023-09-25T15:25:44 IST" name="Verify_Url_and_login" data-provider="credentials" finished-at="2023-09-25T15:25:45 IST" duration-ms="797" status="PASS">
          <params>
            <param index="0">
              <value>
                <![CDATA[problem_user]]>
              </value>
            </param>
            <param index="1">
              <value>
                <![CDATA[secret_sauce]]>
              </value>
            </param>
          </params>
          <reporter-output>
          </reporter-output>
        </test-method> <!-- Verify_Url_and_login -->
        <test-method is-config="true" signature="AfterMethod()[pri:0, instance:maven.TC_001@49e5f737]" started-at="2023-09-25T15:25:45 IST" name="AfterMethod" finished-at="2023-09-25T15:25:45 IST" duration-ms="606" status="PASS">
          <reporter-output>
          </reporter-output>
        </test-method> <!-- AfterMethod -->
        <test-method is-config="true" signature="BeforeTC(java.lang.String)[pri:0, instance:maven.TC_001@49e5f737]" started-at="2023-09-25T15:25:45 IST" name="BeforeTC" finished-at="2023-09-25T15:25:48 IST" duration-ms="2335" status="PASS">
          <params>
            <param index="0">
              <value>
                <![CDATA[Chrome]]>
              </value>
            </param>
          </params>
          <reporter-output>
          </reporter-output>
        </test-method> <!-- BeforeTC -->
        <test-method signature="Verify_Url_and_login(java.lang.String,java.lang.String)[pri:0, instance:maven.TC_001@49e5f737]" started-at="2023-09-25T15:25:48 IST" name="Verify_Url_and_login" data-provider="credentials" finished-at="2023-09-25T15:25:53 IST" duration-ms="5793" status="PASS">
          <params>
            <param index="0">
              <value>
                <![CDATA[performance_glitch_user]]>
              </value>
            </param>
            <param index="1">
              <value>
                <![CDATA[secret_sauce]]>
              </value>
            </param>
          </params>
          <reporter-output>
          </reporter-output>
        </test-method> <!-- Verify_Url_and_login -->
        <test-method is-config="true" signature="AfterMethod()[pri:0, instance:maven.TC_001@49e5f737]" started-at="2023-09-25T15:25:53 IST" name="AfterMethod" finished-at="2023-09-25T15:25:54 IST" duration-ms="514" status="PASS">
          <reporter-output>
          </reporter-output>
        </test-method> <!-- AfterMethod -->
      </class> <!-- maven.TC_001 -->
      <class name="maven.TC_002">
        <test-method is-config="true" signature="BeforeTC(java.lang.String)[pri:0, instance:maven.TC_002@5c671d7f]" started-at="2023-09-25T15:25:54 IST" name="BeforeTC" finished-at="2023-09-25T15:25:57 IST" duration-ms="2784" status="PASS">
          <params>
            <param index="0">
              <value>
                <![CDATA[Chrome]]>
              </value>
            </param>
          </params>
          <reporter-output>
          </reporter-output>
        </test-method> <!-- BeforeTC -->
        <test-method signature="VerifyinvalidLogin()[pri:0, instance:maven.TC_002@5c671d7f]" started-at="2023-09-25T15:25:57 IST" name="VerifyinvalidLogin" finished-at="2023-09-25T15:25:57 IST" duration-ms="392" status="PASS">
          <reporter-output>
          </reporter-output>
        </test-method> <!-- VerifyinvalidLogin -->
        <test-method is-config="true" signature="AfterMethod()[pri:0, instance:maven.TC_002@5c671d7f]" started-at="2023-09-25T15:25:57 IST" name="AfterMethod" finished-at="2023-09-25T15:25:57 IST" duration-ms="405" status="PASS">
          <reporter-output>
          </reporter-output>
        </test-method> <!-- AfterMethod -->
      </class> <!-- maven.TC_002 -->
      <class name="maven.TC_003">
        <test-method is-config="true" signature="BeforeTC(java.lang.String)[pri:0, instance:maven.TC_003@757277dc]" started-at="2023-09-25T15:25:57 IST" name="BeforeTC" finished-at="2023-09-25T15:26:00 IST" duration-ms="2173" status="PASS">
          <params>
            <param index="0">
              <value>
                <![CDATA[Chrome]]>
              </value>
            </param>
          </params>
          <reporter-output>
          </reporter-output>
        </test-method> <!-- BeforeTC -->
        <test-method signature="Addcartandverifythecount(java.lang.String,java.lang.String)[pri:0, instance:maven.TC_003@757277dc]" started-at="2023-09-25T15:26:00 IST" name="Addcartandverifythecount" data-provider="credentials" finished-at="2023-09-25T15:26:07 IST" duration-ms="7598" status="PASS">
          <params>
            <param index="0">
              <value>
                <![CDATA[standard_user]]>
              </value>
            </param>
            <param index="1">
              <value>
                <![CDATA[secret_sauce]]>
              </value>
            </param>
          </params>
          <reporter-output>
          </reporter-output>
        </test-method> <!-- Addcartandverifythecount -->
        <test-method is-config="true" signature="AfterMethod()[pri:0, instance:maven.TC_003@757277dc]" started-at="2023-09-25T15:26:07 IST" name="AfterMethod" finished-at="2023-09-25T15:26:08 IST" duration-ms="288" status="PASS">
          <reporter-output>
          </reporter-output>
        </test-method> <!-- AfterMethod -->
        <test-method is-config="true" signature="BeforeTC(java.lang.String)[pri:0, instance:maven.TC_003@757277dc]" started-at="2023-09-25T15:26:08 IST" name="BeforeTC" finished-at="2023-09-25T15:26:09 IST" duration-ms="1881" status="PASS">
          <params>
            <param index="0">
              <value>
                <![CDATA[Chrome]]>
              </value>
            </param>
          </params>
          <reporter-output>
          </reporter-output>
        </test-method> <!-- BeforeTC -->
        <test-method signature="Addcartandverifythecount(java.lang.String,java.lang.String)[pri:0, instance:maven.TC_003@757277dc]" started-at="2023-09-25T15:26:09 IST" name="Addcartandverifythecount" data-provider="credentials" finished-at="2023-09-25T15:26:16 IST" duration-ms="7103" status="FAIL">
          <params>
            <param index="0">
              <value>
                <![CDATA[problem_user]]>
              </value>
            </param>
            <param index="1">
              <value>
                <![CDATA[secret_sauce]]>
              </value>
            </param>
          </params>
          <exception class="java.lang.AssertionError">
            <message>
              <![CDATA[The Login is:problem_user secret_sauce expected [6] but found [3]]]>
            </message>
            <full-stacktrace>
              <![CDATA[java.lang.AssertionError: The Login is:problem_user secret_sauce expected [6] but found [3]
at org.testng.Assert.fail(Assert.java:111)
at org.testng.Assert.failNotEquals(Assert.java:1578)
at org.testng.Assert.assertEqualsImpl(Assert.java:150)
at org.testng.Assert.assertEquals(Assert.java:132)
at org.testng.Assert.assertEquals(Assert.java:656)
at maven.TC_003.Addcartandverifythecount(TC_003.java:41)
at java.base/jdk.internal.reflect.DirectMethodHandleAccessor.invoke(DirectMethodHandleAccessor.java:104)
at java.base/java.lang.reflect.Method.invoke(Method.java:578)
at org.testng.internal.invokers.MethodInvocationHelper.invokeMethod(MethodInvocationHelper.java:139)
at org.testng.internal.invokers.TestInvoker.invokeMethod(TestInvoker.java:664)
at org.testng.internal.invokers.TestInvoker.invokeTestMethod(TestInvoker.java:227)
at org.testng.internal.invokers.MethodRunner.runInSequence(MethodRunner.java:50)
at org.testng.internal.invokers.TestInvoker$MethodInvocationAgent.invoke(TestInvoker.java:957)
at org.testng.internal.invokers.TestInvoker.invokeTestMethods(TestInvoker.java:200)
at org.testng.internal.invokers.TestMethodWorker.invokeTestMethods(TestMethodWorker.java:148)
at org.testng.internal.invokers.TestMethodWorker.run(TestMethodWorker.java:128)
at java.base/java.util.ArrayList.forEach(ArrayList.java:1511)
at org.testng.TestRunner.privateRun(TestRunner.java:848)
at org.testng.TestRunner.run(TestRunner.java:621)
at org.testng.SuiteRunner.runTest(SuiteRunner.java:443)
at org.testng.SuiteRunner.runSequentially(SuiteRunner.java:437)
at org.testng.SuiteRunner.privateRun(SuiteRunner.java:397)
at org.testng.SuiteRunner.run(SuiteRunner.java:336)
at org.testng.SuiteRunnerWorker.runSuite(SuiteRunnerWorker.java:52)
at org.testng.SuiteRunnerWorker.run(SuiteRunnerWorker.java:95)
at org.testng.TestNG.runSuitesSequentially(TestNG.java:1280)
at org.testng.TestNG.runSuitesLocally(TestNG.java:1200)
at org.testng.TestNG.runSuites(TestNG.java:1114)
at org.testng.TestNG.run(TestNG.java:1082)
at org.testng.remote.AbstractRemoteTestNG.run(AbstractRemoteTestNG.java:115)
at org.testng.remote.RemoteTestNG.initAndRun(RemoteTestNG.java:251)
at org.testng.remote.RemoteTestNG.main(RemoteTestNG.java:77)
]]>
            </full-stacktrace>
          </exception> <!-- java.lang.AssertionError -->
          <reporter-output>
          </reporter-output>
        </test-method> <!-- Addcartandverifythecount -->
        <test-method is-config="true" signature="AfterMethod()[pri:0, instance:maven.TC_003@757277dc]" started-at="2023-09-25T15:26:17 IST" name="AfterMethod" finished-at="2023-09-25T15:26:17 IST" duration-ms="543" status="PASS">
          <reporter-output>
          </reporter-output>
        </test-method> <!-- AfterMethod -->
        <test-method is-config="true" signature="BeforeTC(java.lang.String)[pri:0, instance:maven.TC_003@757277dc]" started-at="2023-09-25T15:26:17 IST" name="BeforeTC" finished-at="2023-09-25T15:26:20 IST" duration-ms="2391" status="PASS">
          <params>
            <param index="0">
              <value>
                <![CDATA[Chrome]]>
              </value>
            </param>
          </params>
          <reporter-output>
          </reporter-output>
        </test-method> <!-- BeforeTC -->
        <test-method signature="Addcartandverifythecount(java.lang.String,java.lang.String)[pri:0, instance:maven.TC_003@757277dc]" started-at="2023-09-25T15:26:20 IST" name="Addcartandverifythecount" data-provider="credentials" finished-at="2023-09-25T15:26:32 IST" duration-ms="12431" status="PASS">
          <params>
            <param index="0">
              <value>
                <![CDATA[performance_glitch_user]]>
              </value>
            </param>
            <param index="1">
              <value>
                <![CDATA[secret_sauce]]>
              </value>
            </param>
          </params>
          <reporter-output>
          </reporter-output>
        </test-method> <!-- Addcartandverifythecount -->
        <test-method is-config="true" signature="AfterMethod()[pri:0, instance:maven.TC_003@757277dc]" started-at="2023-09-25T15:26:32 IST" name="AfterMethod" finished-at="2023-09-25T15:26:33 IST" duration-ms="590" status="PASS">
          <reporter-output>
          </reporter-output>
        </test-method> <!-- AfterMethod -->
      </class> <!-- maven.TC_003 -->
      <class name="maven.TC_004">
        <test-method is-config="true" signature="BeforeTC(java.lang.String)[pri:0, instance:maven.TC_004@687e99d8]" started-at="2023-09-25T15:26:33 IST" name="BeforeTC" finished-at="2023-09-25T15:26:35 IST" duration-ms="2488" status="PASS">
          <params>
            <param index="0">
              <value>
                <![CDATA[Chrome]]>
              </value>
            </param>
          </params>
          <reporter-output>
          </reporter-output>
        </test-method> <!-- BeforeTC -->
        <test-method signature="Get_Products_name_and_price(java.lang.String,java.lang.String)[pri:0, instance:maven.TC_004@687e99d8]" started-at="2023-09-25T15:26:35 IST" name="Get_Products_name_and_price" data-provider="credentials" finished-at="2023-09-25T15:26:38 IST" duration-ms="2282" status="PASS">
          <params>
            <param index="0">
              <value>
                <![CDATA[standard_user]]>
              </value>
            </param>
            <param index="1">
              <value>
                <![CDATA[secret_sauce]]>
              </value>
            </param>
          </params>
          <reporter-output>
          </reporter-output>
        </test-method> <!-- Get_Products_name_and_price -->
        <test-method is-config="true" signature="AfterMethod()[pri:0, instance:maven.TC_004@687e99d8]" started-at="2023-09-25T15:26:38 IST" name="AfterMethod" finished-at="2023-09-25T15:26:38 IST" duration-ms="190" status="PASS">
          <reporter-output>
          </reporter-output>
        </test-method> <!-- AfterMethod -->
        <test-method is-config="true" signature="BeforeTC(java.lang.String)[pri:0, instance:maven.TC_004@687e99d8]" started-at="2023-09-25T15:26:38 IST" name="BeforeTC" finished-at="2023-09-25T15:26:40 IST" duration-ms="1941" status="PASS">
          <params>
            <param index="0">
              <value>
                <![CDATA[Chrome]]>
              </value>
            </param>
          </params>
          <reporter-output>
          </reporter-output>
        </test-method> <!-- BeforeTC -->
        <test-method signature="Get_Products_name_and_price(java.lang.String,java.lang.String)[pri:0, instance:maven.TC_004@687e99d8]" started-at="2023-09-25T15:26:40 IST" name="Get_Products_name_and_price" data-provider="credentials" finished-at="2023-09-25T15:26:42 IST" duration-ms="2151" status="PASS">
          <params>
            <param index="0">
              <value>
                <![CDATA[problem_user]]>
              </value>
            </param>
            <param index="1">
              <value>
                <![CDATA[secret_sauce]]>
              </value>
            </param>
          </params>
          <reporter-output>
          </reporter-output>
        </test-method> <!-- Get_Products_name_and_price -->
        <test-method is-config="true" signature="AfterMethod()[pri:0, instance:maven.TC_004@687e99d8]" started-at="2023-09-25T15:26:42 IST" name="AfterMethod" finished-at="2023-09-25T15:26:42 IST" duration-ms="341" status="PASS">
          <reporter-output>
          </reporter-output>
        </test-method> <!-- AfterMethod -->
        <test-method is-config="true" signature="BeforeTC(java.lang.String)[pri:0, instance:maven.TC_004@687e99d8]" started-at="2023-09-25T15:26:42 IST" name="BeforeTC" finished-at="2023-09-25T15:26:45 IST" duration-ms="2928" status="PASS">
          <params>
            <param index="0">
              <value>
                <![CDATA[Chrome]]>
              </value>
            </param>
          </params>
          <reporter-output>
          </reporter-output>
        </test-method> <!-- BeforeTC -->
        <test-method signature="Get_Products_name_and_price(java.lang.String,java.lang.String)[pri:0, instance:maven.TC_004@687e99d8]" started-at="2023-09-25T15:26:45 IST" name="Get_Products_name_and_price" data-provider="credentials" finished-at="2023-09-25T15:26:52 IST" duration-ms="7178" status="PASS">
          <params>
            <param index="0">
              <value>
                <![CDATA[performance_glitch_user]]>
              </value>
            </param>
            <param index="1">
              <value>
                <![CDATA[secret_sauce]]>
              </value>
            </param>
          </params>
          <reporter-output>
          </reporter-output>
        </test-method> <!-- Get_Products_name_and_price -->
        <test-method is-config="true" signature="AfterMethod()[pri:0, instance:maven.TC_004@687e99d8]" started-at="2023-09-25T15:26:52 IST" name="AfterMethod" finished-at="2023-09-25T15:26:53 IST" duration-ms="377" status="PASS">
          <reporter-output>
          </reporter-output>
        </test-method> <!-- AfterMethod -->
      </class> <!-- maven.TC_004 -->
    </test> <!-- Run on Chrome -->
    <test started-at="2023-09-25T15:28:18 IST" name="Run on Opera" finished-at="2023-09-25T15:31:31 IST" duration-ms="192168">
      <class name="maven.TC_005">
        <test-method is-config="true" signature="BeforeTC(java.lang.String)[pri:0, instance:maven.TC_005@37883b97]" started-at="2023-09-25T15:29:52 IST" name="BeforeTC" finished-at="2023-09-25T15:29:56 IST" duration-ms="3497" status="PASS">
          <params>
            <param index="0">
              <value>
                <![CDATA[opera]]>
              </value>
            </param>
          </params>
          <reporter-output>
          </reporter-output>
        </test-method> <!-- BeforeTC -->
        <test-method signature="Complete_Checkout_flow(java.lang.String,java.lang.String)[pri:0, instance:maven.TC_005@37883b97]" started-at="2023-09-25T15:29:56 IST" name="Complete_Checkout_flow" data-provider="credentials" finished-at="2023-09-25T15:30:01 IST" duration-ms="5204" status="PASS">
          <params>
            <param index="0">
              <value>
                <![CDATA[standard_user]]>
              </value>
            </param>
            <param index="1">
              <value>
                <![CDATA[secret_sauce]]>
              </value>
            </param>
          </params>
          <reporter-output>
          </reporter-output>
        </test-method> <!-- Complete_Checkout_flow -->
        <test-method is-config="true" signature="AfterMethod()[pri:0, instance:maven.TC_005@37883b97]" started-at="2023-09-25T15:30:01 IST" name="AfterMethod" finished-at="2023-09-25T15:30:01 IST" duration-ms="590" status="PASS">
          <reporter-output>
          </reporter-output>
        </test-method> <!-- AfterMethod -->
        <test-method is-config="true" signature="BeforeTC(java.lang.String)[pri:0, instance:maven.TC_005@37883b97]" started-at="2023-09-25T15:30:01 IST" name="BeforeTC" finished-at="2023-09-25T15:30:07 IST" duration-ms="5640" status="PASS">
          <params>
            <param index="0">
              <value>
                <![CDATA[opera]]>
              </value>
            </param>
          </params>
          <reporter-output>
          </reporter-output>
        </test-method> <!-- BeforeTC -->
        <test-method signature="Complete_Checkout_flow(java.lang.String,java.lang.String)[pri:0, instance:maven.TC_005@37883b97]" started-at="2023-09-25T15:30:07 IST" name="Complete_Checkout_flow" data-provider="credentials" finished-at="2023-09-25T15:30:22 IST" duration-ms="14650" status="FAIL">
          <params>
            <param index="0">
              <value>
                <![CDATA[problem_user]]>
              </value>
            </param>
            <param index="1">
              <value>
                <![CDATA[secret_sauce]]>
              </value>
            </param>
          </params>
          <exception class="org.openqa.selenium.NoSuchElementException">
            <message>
              <![CDATA[no such element: Unable to locate element: {"method":"xpath","selector":"//div[@class='summary_info_label summary_total_label']"}
  (Session info: chrome=116.0.5845.188)
  (Driver info: operadriver=116.0.5845.97 (e117484d39996dfd76838869cfec96301a26a459-refs/branch-heads/5845@{#1383}),platform=Windows NT 10.0.19045 x86_64) (WARNING: The server did not provide any stacktrace information)
Command duration or timeout: 0 milliseconds
For documentation on this error, please visit: https://www.seleniumhq.org/exceptions/no_such_element.html
Build info: version: '3.141.59', revision: 'e82be7d358', time: '2018-11-14T08:17:03'
System info: host: 'BHARADWAJ-B6DD2', ip: '192.168.56.1', os.name: 'Windows 10', os.arch: 'amd64', os.version: '10.0', java.version: '20.0.1'
Driver info: org.openqa.selenium.opera.OperaDriver
Capabilities {acceptInsecureCerts: false, acceptSslCerts: false, browserConnectionEnabled: false, browserName: opera, cssSelectorsEnabled: true, databaseEnabled: false, fedcm:accounts: true, goog:chromeOptions: {debuggerAddress: localhost:59192}, handlesAlerts: true, hasTouchScreen: false, javascriptEnabled: true, locationContextEnabled: true, mobileEmulationEnabled: false, nativeEvents: true, networkConnectionEnabled: false, opera: {operadriverVersion: 116.0.5845.97 (e117484d3999..., userDataDir: C:\Users\BHARAD~1.VIS\AppDa...}, pageLoadStrategy: normal, platform: WINDOWS, platformName: WINDOWS, proxy: Proxy(), rotatable: false, setWindowRect: true, strictFileInteractability: false, takesHeapSnapshot: true, takesScreenshot: true, timeouts: {implicit: 0, pageLoad: 300000, script: 30000}, unexpectedAlertBehaviour: ignore, unhandledPromptBehavior: ignore, version: 116.0.5845.188, webStorageEnabled: true, webauthn:extension:credBlob: true, webauthn:extension:largeBlob: true, webauthn:extension:minPinLength: true, webauthn:extension:prf: true, webauthn:virtualAuthenticators: true}
Session ID: 0ace2d308093319493ac385f5286f126
*** Element info: {Using=xpath, value=//div[@class='summary_info_label summary_total_label']}]]>
            </message>
            <full-stacktrace>
              <![CDATA[org.openqa.selenium.NoSuchElementException: no such element: Unable to locate element: {"method":"xpath","selector":"//div[@class='summary_info_label summary_total_label']"}
  (Session info: chrome=116.0.5845.188)
  (Driver info: operadriver=116.0.5845.97 (e117484d39996dfd76838869cfec96301a26a459-refs/branch-heads/5845@{#1383}),platform=Windows NT 10.0.19045 x86_64) (WARNING: The server did not provide any stacktrace information)
Command duration or timeout: 0 milliseconds
For documentation on this error, please visit: https://www.seleniumhq.org/exceptions/no_such_element.html
Build info: version: '3.141.59', revision: 'e82be7d358', time: '2018-11-14T08:17:03'
System info: host: 'BHARADWAJ-B6DD2', ip: '192.168.56.1', os.name: 'Windows 10', os.arch: 'amd64', os.version: '10.0', java.version: '20.0.1'
Driver info: org.openqa.selenium.opera.OperaDriver
Capabilities {acceptInsecureCerts: false, acceptSslCerts: false, browserConnectionEnabled: false, browserName: opera, cssSelectorsEnabled: true, databaseEnabled: false, fedcm:accounts: true, goog:chromeOptions: {debuggerAddress: localhost:59192}, handlesAlerts: true, hasTouchScreen: false, javascriptEnabled: true, locationContextEnabled: true, mobileEmulationEnabled: false, nativeEvents: true, networkConnectionEnabled: false, opera: {operadriverVersion: 116.0.5845.97 (e117484d3999..., userDataDir: C:\Users\BHARAD~1.VIS\AppDa...}, pageLoadStrategy: normal, platform: WINDOWS, platformName: WINDOWS, proxy: Proxy(), rotatable: false, setWindowRect: true, strictFileInteractability: false, takesHeapSnapshot: true, takesScreenshot: true, timeouts: {implicit: 0, pageLoad: 300000, script: 30000}, unexpectedAlertBehaviour: ignore, unhandledPromptBehavior: ignore, version: 116.0.5845.188, webStorageEnabled: true, webauthn:extension:credBlob: true, webauthn:extension:largeBlob: true, webauthn:extension:minPinLength: true, webauthn:extension:prf: true, webauthn:virtualAuthenticators: true}
Session ID: 0ace2d308093319493ac385f5286f126
*** Element info: {Using=xpath, value=//div[@class='summary_info_label summary_total_label']}
at java.base/jdk.internal.reflect.DirectConstructorHandleAccessor.newInstance(DirectConstructorHandleAccessor.java:67)
at java.base/java.lang.reflect.Constructor.newInstanceWithCaller(Constructor.java:500)
at java.base/java.lang.reflect.Constructor.newInstance(Constructor.java:484)
at org.openqa.selenium.remote.ErrorHandler.createThrowable(ErrorHandler.java:214)
at org.openqa.selenium.remote.ErrorHandler.throwIfResponseFailed(ErrorHandler.java:166)
at org.openqa.selenium.remote.http.JsonHttpResponseCodec.reconstructValue(JsonHttpResponseCodec.java:40)
at org.openqa.selenium.remote.http.AbstractHttpResponseCodec.decode(AbstractHttpResponseCodec.java:80)
at org.openqa.selenium.remote.http.AbstractHttpResponseCodec.decode(AbstractHttpResponseCodec.java:44)
at org.openqa.selenium.remote.HttpCommandExecutor.execute(HttpCommandExecutor.java:158)
at org.openqa.selenium.remote.service.DriverCommandExecutor.execute(DriverCommandExecutor.java:83)
at org.openqa.selenium.remote.RemoteWebDriver.execute(RemoteWebDriver.java:552)
at org.openqa.selenium.remote.RemoteWebDriver.findElement(RemoteWebDriver.java:323)
at org.openqa.selenium.remote.RemoteWebDriver.findElementByXPath(RemoteWebDriver.java:428)
at org.openqa.selenium.By$ByXPath.findElement(By.java:353)
at org.openqa.selenium.remote.RemoteWebDriver.findElement(RemoteWebDriver.java:315)
at org.openqa.selenium.support.pagefactory.DefaultElementLocator.findElement(DefaultElementLocator.java:69)
at org.openqa.selenium.support.pagefactory.internal.LocatingElementHandler.invoke(LocatingElementHandler.java:38)
at jdk.proxy2/jdk.proxy2.$Proxy14.getText(Unknown Source)
at maven.TC_005.Complete_Checkout_flow(TC_005.java:37)
at java.base/jdk.internal.reflect.DirectMethodHandleAccessor.invoke(DirectMethodHandleAccessor.java:104)
at java.base/java.lang.reflect.Method.invoke(Method.java:578)
at org.testng.internal.invokers.MethodInvocationHelper.invokeMethod(MethodInvocationHelper.java:139)
at org.testng.internal.invokers.TestInvoker.invokeMethod(TestInvoker.java:664)
at org.testng.internal.invokers.TestInvoker.invokeTestMethod(TestInvoker.java:227)
at org.testng.internal.invokers.MethodRunner.runInSequence(MethodRunner.java:50)
at org.testng.internal.invokers.TestInvoker$MethodInvocationAgent.invoke(TestInvoker.java:957)
at org.testng.internal.invokers.TestInvoker.invokeTestMethods(TestInvoker.java:200)
at org.testng.internal.invokers.TestMethodWorker.invokeTestMethods(TestMethodWorker.java:148)
at org.testng.internal.invokers.TestMethodWorker.run(TestMethodWorker.java:128)
at java.base/java.util.ArrayList.forEach(ArrayList.java:1511)
at org.testng.TestRunner.privateRun(TestRunner.java:848)
at org.testng.TestRunner.run(TestRunner.java:621)
at org.testng.SuiteRunner.runTest(SuiteRunner.java:443)
at org.testng.SuiteRunner.runSequentially(SuiteRunner.java:437)
at org.testng.SuiteRunner.privateRun(SuiteRunner.java:397)
at org.testng.SuiteRunner.run(SuiteRunner.java:336)
at org.testng.SuiteRunnerWorker.runSuite(SuiteRunnerWorker.java:52)
at org.testng.SuiteRunnerWorker.run(SuiteRunnerWorker.java:95)
at org.testng.TestNG.runSuitesSequentially(TestNG.java:1280)
at org.testng.TestNG.runSuitesLocally(TestNG.java:1200)
at org.testng.TestNG.runSuites(TestNG.java:1114)
at org.testng.TestNG.run(TestNG.java:1082)
at org.testng.remote.AbstractRemoteTestNG.run(AbstractRemoteTestNG.java:115)
at org.testng.remote.RemoteTestNG.initAndRun(RemoteTestNG.java:251)
at org.testng.remote.RemoteTestNG.main(RemoteTestNG.java:77)
]]>
            </full-stacktrace>
          </exception> <!-- org.openqa.selenium.NoSuchElementException -->
          <reporter-output>
          </reporter-output>
        </test-method> <!-- Complete_Checkout_flow -->
        <test-method is-config="true" signature="AfterMethod()[pri:0, instance:maven.TC_005@37883b97]" started-at="2023-09-25T15:30:22 IST" name="AfterMethod" finished-at="2023-09-25T15:30:22 IST" duration-ms="600" status="PASS">
          <reporter-output>
          </reporter-output>
        </test-method> <!-- AfterMethod -->
        <test-method is-config="true" signature="BeforeTC(java.lang.String)[pri:0, instance:maven.TC_005@37883b97]" started-at="2023-09-25T15:30:22 IST" name="BeforeTC" finished-at="2023-09-25T15:30:26 IST" duration-ms="3497" status="PASS">
          <params>
            <param index="0">
              <value>
                <![CDATA[opera]]>
              </value>
            </param>
          </params>
          <reporter-output>
          </reporter-output>
        </test-method> <!-- BeforeTC -->
        <test-method signature="Complete_Checkout_flow(java.lang.String,java.lang.String)[pri:0, instance:maven.TC_005@37883b97]" started-at="2023-09-25T15:30:26 IST" name="Complete_Checkout_flow" data-provider="credentials" finished-at="2023-09-25T15:30:41 IST" duration-ms="15026" status="PASS">
          <params>
            <param index="0">
              <value>
                <![CDATA[performance_glitch_user]]>
              </value>
            </param>
            <param index="1">
              <value>
                <![CDATA[secret_sauce]]>
              </value>
            </param>
          </params>
          <reporter-output>
          </reporter-output>
        </test-method> <!-- Complete_Checkout_flow -->
        <test-method is-config="true" signature="AfterMethod()[pri:0, instance:maven.TC_005@37883b97]" started-at="2023-09-25T15:30:41 IST" name="AfterMethod" finished-at="2023-09-25T15:30:42 IST" duration-ms="553" status="PASS">
          <reporter-output>
          </reporter-output>
        </test-method> <!-- AfterMethod -->
      </class> <!-- maven.TC_005 -->
      <class name="maven.TC_006">
        <test-method is-config="true" signature="BeforeTC(java.lang.String)[pri:0, instance:maven.TC_006@6ab778a]" started-at="2023-09-25T15:30:42 IST" name="BeforeTC" finished-at="2023-09-25T15:30:45 IST" duration-ms="3918" status="PASS">
          <params>
            <param index="0">
              <value>
                <![CDATA[opera]]>
              </value>
            </param>
          </params>
          <reporter-output>
          </reporter-output>
        </test-method> <!-- BeforeTC -->
        <test-method signature="validate_error_Message_incheckoutinfopage(java.lang.String,java.lang.String)[pri:0, instance:maven.TC_006@6ab778a]" started-at="2023-09-25T15:30:45 IST" name="validate_error_Message_incheckoutinfopage" data-provider="credentials" finished-at="2023-09-25T15:30:56 IST" duration-ms="10467" status="PASS">
          <params>
            <param index="0">
              <value>
                <![CDATA[standard_user]]>
              </value>
            </param>
            <param index="1">
              <value>
                <![CDATA[secret_sauce]]>
              </value>
            </param>
          </params>
          <reporter-output>
          </reporter-output>
        </test-method> <!-- validate_error_Message_incheckoutinfopage -->
        <test-method is-config="true" signature="AfterMethod()[pri:0, instance:maven.TC_006@6ab778a]" started-at="2023-09-25T15:30:56 IST" name="AfterMethod" finished-at="2023-09-25T15:30:56 IST" duration-ms="528" status="PASS">
          <reporter-output>
          </reporter-output>
        </test-method> <!-- AfterMethod -->
        <test-method is-config="true" signature="BeforeTC(java.lang.String)[pri:0, instance:maven.TC_006@6ab778a]" started-at="2023-09-25T15:30:56 IST" name="BeforeTC" finished-at="2023-09-25T15:31:00 IST" duration-ms="3245" status="PASS">
          <params>
            <param index="0">
              <value>
                <![CDATA[opera]]>
              </value>
            </param>
          </params>
          <reporter-output>
          </reporter-output>
        </test-method> <!-- BeforeTC -->
        <test-method signature="validate_error_Message_incheckoutinfopage(java.lang.String,java.lang.String)[pri:0, instance:maven.TC_006@6ab778a]" started-at="2023-09-25T15:31:00 IST" name="validate_error_Message_incheckoutinfopage" data-provider="credentials" finished-at="2023-09-25T15:31:10 IST" duration-ms="10669" status="PASS">
          <params>
            <param index="0">
              <value>
                <![CDATA[problem_user]]>
              </value>
            </param>
            <param index="1">
              <value>
                <![CDATA[secret_sauce]]>
              </value>
            </param>
          </params>
          <reporter-output>
          </reporter-output>
        </test-method> <!-- validate_error_Message_incheckoutinfopage -->
        <test-method is-config="true" signature="AfterMethod()[pri:0, instance:maven.TC_006@6ab778a]" started-at="2023-09-25T15:31:10 IST" name="AfterMethod" finished-at="2023-09-25T15:31:11 IST" duration-ms="606" status="PASS">
          <reporter-output>
          </reporter-output>
        </test-method> <!-- AfterMethod -->
        <test-method is-config="true" signature="BeforeTC(java.lang.String)[pri:0, instance:maven.TC_006@6ab778a]" started-at="2023-09-25T15:31:11 IST" name="BeforeTC" finished-at="2023-09-25T15:31:14 IST" duration-ms="3437" status="PASS">
          <params>
            <param index="0">
              <value>
                <![CDATA[opera]]>
              </value>
            </param>
          </params>
          <reporter-output>
          </reporter-output>
        </test-method> <!-- BeforeTC -->
        <test-method signature="validate_error_Message_incheckoutinfopage(java.lang.String,java.lang.String)[pri:0, instance:maven.TC_006@6ab778a]" started-at="2023-09-25T15:31:14 IST" name="validate_error_Message_incheckoutinfopage" data-provider="credentials" finished-at="2023-09-25T15:31:30 IST" duration-ms="15552" status="PASS">
          <params>
            <param index="0">
              <value>
                <![CDATA[performance_glitch_user]]>
              </value>
            </param>
            <param index="1">
              <value>
                <![CDATA[secret_sauce]]>
              </value>
            </param>
          </params>
          <reporter-output>
          </reporter-output>
        </test-method> <!-- validate_error_Message_incheckoutinfopage -->
        <test-method is-config="true" signature="AfterMethod()[pri:0, instance:maven.TC_006@6ab778a]" started-at="2023-09-25T15:31:30 IST" name="AfterMethod" finished-at="2023-09-25T15:31:31 IST" duration-ms="533" status="PASS">
          <reporter-output>
          </reporter-output>
        </test-method> <!-- AfterMethod -->
      </class> <!-- maven.TC_006 -->
      <class name="maven.TC_001">
        <test-method is-config="true" signature="BeforeTC(java.lang.String)[pri:0, instance:maven.TC_001@37271612]" started-at="2023-09-25T15:28:18 IST" name="BeforeTC" finished-at="2023-09-25T15:28:25 IST" duration-ms="6412" status="PASS">
          <params>
            <param index="0">
              <value>
                <![CDATA[opera]]>
              </value>
            </param>
          </params>
          <reporter-output>
          </reporter-output>
        </test-method> <!-- BeforeTC -->
        <test-method signature="Verify_Url_and_login(java.lang.String,java.lang.String)[pri:0, instance:maven.TC_001@37271612]" started-at="2023-09-25T15:28:25 IST" name="Verify_Url_and_login" data-provider="credentials" finished-at="2023-09-25T15:28:26 IST" duration-ms="1272" status="PASS">
          <params>
            <param index="0">
              <value>
                <![CDATA[standard_user]]>
              </value>
            </param>
            <param index="1">
              <value>
                <![CDATA[secret_sauce]]>
              </value>
            </param>
          </params>
          <reporter-output>
          </reporter-output>
        </test-method> <!-- Verify_Url_and_login -->
        <test-method is-config="true" signature="AfterMethod()[pri:0, instance:maven.TC_001@37271612]" started-at="2023-09-25T15:28:26 IST" name="AfterMethod" finished-at="2023-09-25T15:28:27 IST" duration-ms="497" status="PASS">
          <reporter-output>
          </reporter-output>
        </test-method> <!-- AfterMethod -->
        <test-method is-config="true" signature="BeforeTC(java.lang.String)[pri:0, instance:maven.TC_001@37271612]" started-at="2023-09-25T15:28:27 IST" name="BeforeTC" finished-at="2023-09-25T15:28:30 IST" duration-ms="3628" status="PASS">
          <params>
            <param index="0">
              <value>
                <![CDATA[opera]]>
              </value>
            </param>
          </params>
          <reporter-output>
          </reporter-output>
        </test-method> <!-- BeforeTC -->
        <test-method signature="Verify_Url_and_login(java.lang.String,java.lang.String)[pri:0, instance:maven.TC_001@37271612]" started-at="2023-09-25T15:28:30 IST" name="Verify_Url_and_login" data-provider="credentials" finished-at="2023-09-25T15:28:31 IST" duration-ms="1040" status="PASS">
          <params>
            <param index="0">
              <value>
                <![CDATA[problem_user]]>
              </value>
            </param>
            <param index="1">
              <value>
                <![CDATA[secret_sauce]]>
              </value>
            </param>
          </params>
          <reporter-output>
          </reporter-output>
        </test-method> <!-- Verify_Url_and_login -->
        <test-method is-config="true" signature="AfterMethod()[pri:0, instance:maven.TC_001@37271612]" started-at="2023-09-25T15:28:31 IST" name="AfterMethod" finished-at="2023-09-25T15:28:32 IST" duration-ms="462" status="PASS">
          <reporter-output>
          </reporter-output>
        </test-method> <!-- AfterMethod -->
        <test-method is-config="true" signature="BeforeTC(java.lang.String)[pri:0, instance:maven.TC_001@37271612]" started-at="2023-09-25T15:28:32 IST" name="BeforeTC" finished-at="2023-09-25T15:28:36 IST" duration-ms="4173" status="PASS">
          <params>
            <param index="0">
              <value>
                <![CDATA[opera]]>
              </value>
            </param>
          </params>
          <reporter-output>
          </reporter-output>
        </test-method> <!-- BeforeTC -->
        <test-method signature="Verify_Url_and_login(java.lang.String,java.lang.String)[pri:0, instance:maven.TC_001@37271612]" started-at="2023-09-25T15:28:36 IST" name="Verify_Url_and_login" data-provider="credentials" finished-at="2023-09-25T15:28:42 IST" duration-ms="6011" status="PASS">
          <params>
            <param index="0">
              <value>
                <![CDATA[performance_glitch_user]]>
              </value>
            </param>
            <param index="1">
              <value>
                <![CDATA[secret_sauce]]>
              </value>
            </param>
          </params>
          <reporter-output>
          </reporter-output>
        </test-method> <!-- Verify_Url_and_login -->
        <test-method is-config="true" signature="AfterMethod()[pri:0, instance:maven.TC_001@37271612]" started-at="2023-09-25T15:28:42 IST" name="AfterMethod" finished-at="2023-09-25T15:28:42 IST" duration-ms="491" status="PASS">
          <reporter-output>
          </reporter-output>
        </test-method> <!-- AfterMethod -->
      </class> <!-- maven.TC_001 -->
      <class name="maven.TC_002">
        <test-method is-config="true" signature="BeforeTC(java.lang.String)[pri:0, instance:maven.TC_002@ed7f8b4]" started-at="2023-09-25T15:28:42 IST" name="BeforeTC" finished-at="2023-09-25T15:28:46 IST" duration-ms="3486" status="PASS">
          <params>
            <param index="0">
              <value>
                <![CDATA[opera]]>
              </value>
            </param>
          </params>
          <reporter-output>
          </reporter-output>
        </test-method> <!-- BeforeTC -->
        <test-method signature="VerifyinvalidLogin()[pri:0, instance:maven.TC_002@ed7f8b4]" started-at="2023-09-25T15:28:46 IST" name="VerifyinvalidLogin" finished-at="2023-09-25T15:28:46 IST" duration-ms="500" status="PASS">
          <reporter-output>
          </reporter-output>
        </test-method> <!-- VerifyinvalidLogin -->
        <test-method is-config="true" signature="AfterMethod()[pri:0, instance:maven.TC_002@ed7f8b4]" started-at="2023-09-25T15:28:46 IST" name="AfterMethod" finished-at="2023-09-25T15:28:47 IST" duration-ms="530" status="PASS">
          <reporter-output>
          </reporter-output>
        </test-method> <!-- AfterMethod -->
      </class> <!-- maven.TC_002 -->
      <class name="maven.TC_003">
        <test-method is-config="true" signature="BeforeTC(java.lang.String)[pri:0, instance:maven.TC_003@4c309d4d]" started-at="2023-09-25T15:28:47 IST" name="BeforeTC" finished-at="2023-09-25T15:28:50 IST" duration-ms="3463" status="PASS">
          <params>
            <param index="0">
              <value>
                <![CDATA[opera]]>
              </value>
            </param>
          </params>
          <reporter-output>
          </reporter-output>
        </test-method> <!-- BeforeTC -->
        <test-method signature="Addcartandverifythecount(java.lang.String,java.lang.String)[pri:0, instance:maven.TC_003@4c309d4d]" started-at="2023-09-25T15:28:50 IST" name="Addcartandverifythecount" data-provider="credentials" finished-at="2023-09-25T15:28:58 IST" duration-ms="7522" status="PASS">
          <params>
            <param index="0">
              <value>
                <![CDATA[standard_user]]>
              </value>
            </param>
            <param index="1">
              <value>
                <![CDATA[secret_sauce]]>
              </value>
            </param>
          </params>
          <reporter-output>
          </reporter-output>
        </test-method> <!-- Addcartandverifythecount -->
        <test-method is-config="true" signature="AfterMethod()[pri:0, instance:maven.TC_003@4c309d4d]" started-at="2023-09-25T15:28:58 IST" name="AfterMethod" finished-at="2023-09-25T15:28:59 IST" duration-ms="638" status="PASS">
          <reporter-output>
          </reporter-output>
        </test-method> <!-- AfterMethod -->
        <test-method is-config="true" signature="BeforeTC(java.lang.String)[pri:0, instance:maven.TC_003@4c309d4d]" started-at="2023-09-25T15:28:59 IST" name="BeforeTC" finished-at="2023-09-25T15:29:02 IST" duration-ms="3575" status="PASS">
          <params>
            <param index="0">
              <value>
                <![CDATA[opera]]>
              </value>
            </param>
          </params>
          <reporter-output>
          </reporter-output>
        </test-method> <!-- BeforeTC -->
        <test-method signature="Addcartandverifythecount(java.lang.String,java.lang.String)[pri:0, instance:maven.TC_003@4c309d4d]" started-at="2023-09-25T15:29:02 IST" name="Addcartandverifythecount" data-provider="credentials" finished-at="2023-09-25T15:29:09 IST" duration-ms="7343" status="FAIL">
          <params>
            <param index="0">
              <value>
                <![CDATA[problem_user]]>
              </value>
            </param>
            <param index="1">
              <value>
                <![CDATA[secret_sauce]]>
              </value>
            </param>
          </params>
          <exception class="java.lang.AssertionError">
            <message>
              <![CDATA[The Login is:problem_user secret_sauce expected [6] but found [3]]]>
            </message>
            <full-stacktrace>
              <![CDATA[java.lang.AssertionError: The Login is:problem_user secret_sauce expected [6] but found [3]
at org.testng.Assert.fail(Assert.java:111)
at org.testng.Assert.failNotEquals(Assert.java:1578)
at org.testng.Assert.assertEqualsImpl(Assert.java:150)
at org.testng.Assert.assertEquals(Assert.java:132)
at org.testng.Assert.assertEquals(Assert.java:656)
at maven.TC_003.Addcartandverifythecount(TC_003.java:41)
at java.base/jdk.internal.reflect.DirectMethodHandleAccessor.invoke(DirectMethodHandleAccessor.java:104)
at java.base/java.lang.reflect.Method.invoke(Method.java:578)
at org.testng.internal.invokers.MethodInvocationHelper.invokeMethod(MethodInvocationHelper.java:139)
at org.testng.internal.invokers.TestInvoker.invokeMethod(TestInvoker.java:664)
at org.testng.internal.invokers.TestInvoker.invokeTestMethod(TestInvoker.java:227)
at org.testng.internal.invokers.MethodRunner.runInSequence(MethodRunner.java:50)
at org.testng.internal.invokers.TestInvoker$MethodInvocationAgent.invoke(TestInvoker.java:957)
at org.testng.internal.invokers.TestInvoker.invokeTestMethods(TestInvoker.java:200)
at org.testng.internal.invokers.TestMethodWorker.invokeTestMethods(TestMethodWorker.java:148)
at org.testng.internal.invokers.TestMethodWorker.run(TestMethodWorker.java:128)
at java.base/java.util.ArrayList.forEach(ArrayList.java:1511)
at org.testng.TestRunner.privateRun(TestRunner.java:848)
at org.testng.TestRunner.run(TestRunner.java:621)
at org.testng.SuiteRunner.runTest(SuiteRunner.java:443)
at org.testng.SuiteRunner.runSequentially(SuiteRunner.java:437)
at org.testng.SuiteRunner.privateRun(SuiteRunner.java:397)
at org.testng.SuiteRunner.run(SuiteRunner.java:336)
at org.testng.SuiteRunnerWorker.runSuite(SuiteRunnerWorker.java:52)
at org.testng.SuiteRunnerWorker.run(SuiteRunnerWorker.java:95)
at org.testng.TestNG.runSuitesSequentially(TestNG.java:1280)
at org.testng.TestNG.runSuitesLocally(TestNG.java:1200)
at org.testng.TestNG.runSuites(TestNG.java:1114)
at org.testng.TestNG.run(TestNG.java:1082)
at org.testng.remote.AbstractRemoteTestNG.run(AbstractRemoteTestNG.java:115)
at org.testng.remote.RemoteTestNG.initAndRun(RemoteTestNG.java:251)
at org.testng.remote.RemoteTestNG.main(RemoteTestNG.java:77)
]]>
            </full-stacktrace>
          </exception> <!-- java.lang.AssertionError -->
          <reporter-output>
          </reporter-output>
        </test-method> <!-- Addcartandverifythecount -->
        <test-method is-config="true" signature="AfterMethod()[pri:0, instance:maven.TC_003@4c309d4d]" started-at="2023-09-25T15:29:10 IST" name="AfterMethod" finished-at="2023-09-25T15:29:11 IST" duration-ms="708" status="PASS">
          <reporter-output>
          </reporter-output>
        </test-method> <!-- AfterMethod -->
        <test-method is-config="true" signature="BeforeTC(java.lang.String)[pri:0, instance:maven.TC_003@4c309d4d]" started-at="2023-09-25T15:29:11 IST" name="BeforeTC" finished-at="2023-09-25T15:29:14 IST" duration-ms="3665" status="PASS">
          <params>
            <param index="0">
              <value>
                <![CDATA[opera]]>
              </value>
            </param>
          </params>
          <reporter-output>
          </reporter-output>
        </test-method> <!-- BeforeTC -->
        <test-method signature="Addcartandverifythecount(java.lang.String,java.lang.String)[pri:0, instance:maven.TC_003@4c309d4d]" started-at="2023-09-25T15:29:14 IST" name="Addcartandverifythecount" data-provider="credentials" finished-at="2023-09-25T15:29:27 IST" duration-ms="12732" status="PASS">
          <params>
            <param index="0">
              <value>
                <![CDATA[performance_glitch_user]]>
              </value>
            </param>
            <param index="1">
              <value>
                <![CDATA[secret_sauce]]>
              </value>
            </param>
          </params>
          <reporter-output>
          </reporter-output>
        </test-method> <!-- Addcartandverifythecount -->
        <test-method is-config="true" signature="AfterMethod()[pri:0, instance:maven.TC_003@4c309d4d]" started-at="2023-09-25T15:29:27 IST" name="AfterMethod" finished-at="2023-09-25T15:29:27 IST" duration-ms="449" status="PASS">
          <reporter-output>
          </reporter-output>
        </test-method> <!-- AfterMethod -->
      </class> <!-- maven.TC_003 -->
      <class name="maven.TC_004">
        <test-method is-config="true" signature="BeforeTC(java.lang.String)[pri:0, instance:maven.TC_004@38102d01]" started-at="2023-09-25T15:29:27 IST" name="BeforeTC" finished-at="2023-09-25T15:29:31 IST" duration-ms="3705" status="PASS">
          <params>
            <param index="0">
              <value>
                <![CDATA[opera]]>
              </value>
            </param>
          </params>
          <reporter-output>
          </reporter-output>
        </test-method> <!-- BeforeTC -->
        <test-method signature="Get_Products_name_and_price(java.lang.String,java.lang.String)[pri:0, instance:maven.TC_004@38102d01]" started-at="2023-09-25T15:29:31 IST" name="Get_Products_name_and_price" data-provider="credentials" finished-at="2023-09-25T15:29:34 IST" duration-ms="2640" status="PASS">
          <params>
            <param index="0">
              <value>
                <![CDATA[standard_user]]>
              </value>
            </param>
            <param index="1">
              <value>
                <![CDATA[secret_sauce]]>
              </value>
            </param>
          </params>
          <reporter-output>
          </reporter-output>
        </test-method> <!-- Get_Products_name_and_price -->
        <test-method is-config="true" signature="AfterMethod()[pri:0, instance:maven.TC_004@38102d01]" started-at="2023-09-25T15:29:34 IST" name="AfterMethod" finished-at="2023-09-25T15:29:34 IST" duration-ms="552" status="PASS">
          <reporter-output>
          </reporter-output>
        </test-method> <!-- AfterMethod -->
        <test-method is-config="true" signature="BeforeTC(java.lang.String)[pri:0, instance:maven.TC_004@38102d01]" started-at="2023-09-25T15:29:34 IST" name="BeforeTC" finished-at="2023-09-25T15:29:38 IST" duration-ms="3420" status="PASS">
          <params>
            <param index="0">
              <value>
                <![CDATA[opera]]>
              </value>
            </param>
          </params>
          <reporter-output>
          </reporter-output>
        </test-method> <!-- BeforeTC -->
        <test-method signature="Get_Products_name_and_price(java.lang.String,java.lang.String)[pri:0, instance:maven.TC_004@38102d01]" started-at="2023-09-25T15:29:38 IST" name="Get_Products_name_and_price" data-provider="credentials" finished-at="2023-09-25T15:29:40 IST" duration-ms="2338" status="PASS">
          <params>
            <param index="0">
              <value>
                <![CDATA[problem_user]]>
              </value>
            </param>
            <param index="1">
              <value>
                <![CDATA[secret_sauce]]>
              </value>
            </param>
          </params>
          <reporter-output>
          </reporter-output>
        </test-method> <!-- Get_Products_name_and_price -->
        <test-method is-config="true" signature="AfterMethod()[pri:0, instance:maven.TC_004@38102d01]" started-at="2023-09-25T15:29:40 IST" name="AfterMethod" finished-at="2023-09-25T15:29:41 IST" duration-ms="449" status="PASS">
          <reporter-output>
          </reporter-output>
        </test-method> <!-- AfterMethod -->
        <test-method is-config="true" signature="BeforeTC(java.lang.String)[pri:0, instance:maven.TC_004@38102d01]" started-at="2023-09-25T15:29:41 IST" name="BeforeTC" finished-at="2023-09-25T15:29:44 IST" duration-ms="3278" status="PASS">
          <params>
            <param index="0">
              <value>
                <![CDATA[opera]]>
              </value>
            </param>
          </params>
          <reporter-output>
          </reporter-output>
        </test-method> <!-- BeforeTC -->
        <test-method signature="Get_Products_name_and_price(java.lang.String,java.lang.String)[pri:0, instance:maven.TC_004@38102d01]" started-at="2023-09-25T15:29:44 IST" name="Get_Products_name_and_price" data-provider="credentials" finished-at="2023-09-25T15:29:51 IST" duration-ms="7671" status="PASS">
          <params>
            <param index="0">
              <value>
                <![CDATA[performance_glitch_user]]>
              </value>
            </param>
            <param index="1">
              <value>
                <![CDATA[secret_sauce]]>
              </value>
            </param>
          </params>
          <reporter-output>
          </reporter-output>
        </test-method> <!-- Get_Products_name_and_price -->
        <test-method is-config="true" signature="AfterMethod()[pri:0, instance:maven.TC_004@38102d01]" started-at="2023-09-25T15:29:51 IST" name="AfterMethod" finished-at="2023-09-25T15:29:52 IST" duration-ms="598" status="PASS">
          <reporter-output>
          </reporter-output>
        </test-method> <!-- AfterMethod -->
      </class> <!-- maven.TC_004 -->
    </test> <!-- Run on Opera -->
  </suite> <!-- Suite -->
</testng-results>
